<?xml version="1.0" encoding="UTF-8"?>
<coverage generated="1751900685383" clover="3.2.0">
  <project timestamp="1751900685383" name="All files">
    <metrics statements="1012" coveredstatements="862" conditionals="425" coveredconditionals="338" methods="255" coveredmethods="228" elements="1692" coveredelements="1428" complexity="0" loc="1012" ncloc="1012" packages="6" files="11" classes="11"/>
    <package name="communication">
      <metrics statements="126" coveredstatements="118" conditionals="46" coveredconditionals="35" methods="39" coveredmethods="39"/>
      <file name="BotInterface.ts" path="/Users/mastermind/Desktop/Programming/PokaiEngine/src/communication/BotInterface.ts">
        <metrics statements="13" coveredstatements="13" conditionals="0" coveredconditionals="0" methods="12" coveredmethods="12"/>
        <line num="19" count="2" type="stmt"/>
        <line num="23" count="47" type="stmt"/>
        <line num="30" count="5" type="stmt"/>
        <line num="37" count="2" type="stmt"/>
        <line num="44" count="4" type="stmt"/>
        <line num="51" count="5" type="stmt"/>
        <line num="58" count="2" type="stmt"/>
        <line num="65" count="3" type="stmt"/>
        <line num="72" count="3" type="stmt"/>
        <line num="79" count="2" type="stmt"/>
        <line num="86" count="2" type="stmt"/>
        <line num="93" count="3" type="stmt"/>
        <line num="100" count="1" type="stmt"/>
      </file>
      <file name="SocketHandler.ts" path="/Users/mastermind/Desktop/Programming/PokaiEngine/src/communication/SocketHandler.ts">
        <metrics statements="113" coveredstatements="105" conditionals="46" coveredconditionals="35" methods="27" coveredmethods="27"/>
        <line num="8" count="1" type="stmt"/>
        <line num="37" count="1" type="stmt"/>
        <line num="41" count="24" type="stmt"/>
        <line num="42" count="24" type="stmt"/>
        <line num="45" count="24" type="stmt"/>
        <line num="46" count="24" type="stmt"/>
        <line num="47" count="24" type="stmt"/>
        <line num="49" count="24" type="stmt"/>
        <line num="56" count="24" type="stmt"/>
        <line num="57" count="28" type="stmt"/>
        <line num="65" count="28" type="stmt"/>
        <line num="72" count="28" type="stmt"/>
        <line num="75" count="28" type="stmt"/>
        <line num="78" count="28" type="stmt"/>
        <line num="84" count="28" type="stmt"/>
        <line num="92" count="28" type="stmt"/>
        <line num="93" count="23" type="stmt"/>
        <line num="97" count="28" type="stmt"/>
        <line num="98" count="5" type="stmt"/>
        <line num="102" count="28" type="stmt"/>
        <line num="103" count="2" type="stmt"/>
        <line num="107" count="28" type="stmt"/>
        <line num="108" count="1" type="stmt"/>
        <line num="112" count="28" type="stmt"/>
        <line num="113" count="3" type="stmt"/>
        <line num="117" count="28" type="stmt"/>
        <line num="118" count="1" type="stmt"/>
        <line num="129" count="23" type="stmt"/>
        <line num="131" count="23" type="stmt"/>
        <line num="138" count="21" type="stmt"/>
        <line num="141" count="21" type="stmt"/>
        <line num="150" count="21" type="stmt"/>
        <line num="152" count="2" type="stmt"/>
        <line num="163" count="5" type="cond" truecount="2" falsecount="0"/>
        <line num="164" count="1" type="stmt"/>
        <line num="168" count="1" type="stmt"/>
        <line num="171" count="4" type="stmt"/>
        <line num="173" count="4" type="stmt"/>
        <line num="176" count="4" type="cond" truecount="2" falsecount="0"/>
        <line num="177" count="1" type="stmt"/>
        <line num="181" count="3" type="stmt"/>
        <line num="184" count="2" type="stmt"/>
        <line num="187" count="2" type="stmt"/>
        <line num="192" count="2" type="stmt"/>
        <line num="204" count="31" type="cond" truecount="1" falsecount="1"/>
        <line num="205" count="0" type="stmt"/>
        <line num="208" count="31" type="stmt"/>
        <line num="209" count="31" type="stmt"/>
        <line num="214" count="30" type="stmt"/>
        <line num="219" count="1" type="stmt"/>
        <line num="230" count="31" type="stmt"/>
        <line num="231" count="7" type="stmt"/>
        <line num="235" count="31" type="stmt"/>
        <line num="238" count="31" type="cond" truecount="2" falsecount="0"/>
        <line num="239" count="3" type="stmt"/>
        <line num="247" count="7" type="cond" truecount="1" falsecount="1"/>
        <line num="248" count="0" type="stmt"/>
        <line num="252" count="7" type="stmt"/>
        <line num="258" count="7" type="cond" truecount="5" falsecount="2"/>
        <line num="260" count="2" type="stmt"/>
        <line num="261" count="2" type="stmt"/>
        <line num="264" count="2" type="stmt"/>
        <line num="267" count="2" type="cond" truecount="1" falsecount="1"/>
        <line num="268" count="2" type="stmt"/>
        <line num="270" count="2" type="stmt"/>
        <line num="275" count="3" type="stmt"/>
        <line num="276" count="3" type="stmt"/>
        <line num="280" count="0" type="stmt"/>
        <line num="281" count="0" type="stmt"/>
        <line num="282" count="0" type="stmt"/>
        <line num="290" count="3" type="cond" truecount="1" falsecount="1"/>
        <line num="291" count="0" type="stmt"/>
        <line num="295" count="3" type="stmt"/>
        <line num="298" count="3" type="stmt"/>
        <line num="299" count="3" type="cond" truecount="2" falsecount="0"/>
        <line num="300" count="1" type="stmt"/>
        <line num="303" count="2" type="stmt"/>
        <line num="306" count="2" type="stmt"/>
        <line num="312" count="2" type="stmt"/>
        <line num="317" count="2" type="stmt"/>
        <line num="318" count="2" type="stmt"/>
        <line num="325" count="12" type="stmt"/>
        <line num="332" count="1" type="cond" truecount="1" falsecount="1"/>
        <line num="333" count="0" type="stmt"/>
        <line num="337" count="1" type="stmt"/>
        <line num="340" count="1" type="stmt"/>
        <line num="345" count="1" type="stmt"/>
        <line num="346" count="1" type="stmt"/>
        <line num="349" count="0" type="stmt"/>
        <line num="357" count="4" type="stmt"/>
        <line num="360" count="4" type="stmt"/>
        <line num="363" count="4" type="cond" truecount="4" falsecount="0"/>
        <line num="364" count="3" type="stmt"/>
        <line num="371" count="4" type="stmt"/>
        <line num="381" count="1" type="stmt"/>
        <line num="382" count="1" type="stmt"/>
        <line num="385" count="1" type="stmt"/>
        <line num="388" count="1" type="stmt"/>
        <line num="395" count="1" type="stmt"/>
        <line num="396" count="3" type="cond" truecount="4" falsecount="0"/>
        <line num="397" count="2" type="stmt"/>
        <line num="411" count="3" type="stmt"/>
        <line num="412" count="3" type="stmt"/>
        <line num="413" count="3" type="stmt"/>
        <line num="415" count="3" type="stmt"/>
        <line num="416" count="3" type="cond" truecount="2" falsecount="0"/>
        <line num="418" count="3" type="stmt"/>
        <line num="420" count="3" type="stmt"/>
        <line num="432" count="1" type="stmt"/>
        <line num="433" count="1" type="stmt"/>
        <line num="435" count="1" type="stmt"/>
        <line num="436" count="1" type="cond" truecount="1" falsecount="1"/>
        <line num="440" count="1" type="stmt"/>
      </file>
    </package>
    <package name="core.betting">
      <metrics statements="143" coveredstatements="115" conditionals="98" coveredconditionals="67" methods="16" coveredmethods="16"/>
      <file name="ActionValidator.ts" path="/Users/mastermind/Desktop/Programming/PokaiEngine/src/core/betting/ActionValidator.ts">
        <metrics statements="143" coveredstatements="115" conditionals="98" coveredconditionals="67" methods="16" coveredmethods="16"/>
        <line num="1" count="6" type="stmt"/>
        <line num="5" count="6" type="stmt"/>
        <line num="10" count="71" type="stmt"/>
        <line num="11" count="71" type="cond" truecount="2" falsecount="0"/>
        <line num="12" count="3" type="stmt"/>
        <line num="15" count="68" type="cond" truecount="2" falsecount="0"/>
        <line num="16" count="1" type="stmt"/>
        <line num="19" count="67" type="cond" truecount="2" falsecount="0"/>
        <line num="20" count="3" type="stmt"/>
        <line num="23" count="64" type="cond" truecount="6" falsecount="1"/>
        <line num="25" count="32" type="stmt"/>
        <line num="27" count="4" type="stmt"/>
        <line num="29" count="14" type="stmt"/>
        <line num="31" count="3" type="stmt"/>
        <line num="33" count="4" type="stmt"/>
        <line num="35" count="7" type="stmt"/>
        <line num="37" count="0" type="stmt"/>
        <line num="45" count="13" type="stmt"/>
        <line num="46" count="13" type="cond" truecount="3" falsecount="1"/>
        <line num="47" count="0" type="stmt"/>
        <line num="50" count="13" type="stmt"/>
        <line num="51" count="13" type="stmt"/>
        <line num="52" count="13" type="stmt"/>
        <line num="55" count="13" type="cond" truecount="2" falsecount="0"/>
        <line num="56" count="8" type="stmt"/>
        <line num="63" count="13" type="cond" truecount="2" falsecount="0"/>
        <line num="64" count="5" type="stmt"/>
        <line num="68" count="8" type="cond" truecount="2" falsecount="0"/>
        <line num="69" count="7" type="stmt"/>
        <line num="78" count="13" type="cond" truecount="4" falsecount="0"/>
        <line num="80" count="1" type="stmt"/>
        <line num="81" count="1" type="stmt"/>
        <line num="83" count="1" type="cond" truecount="1" falsecount="1"/>
        <line num="84" count="1" type="stmt"/>
        <line num="91" count="12" type="cond" truecount="1" falsecount="1"/>
        <line num="93" count="12" type="stmt"/>
        <line num="94" count="12" type="stmt"/>
        <line num="96" count="12" type="cond" truecount="2" falsecount="0"/>
        <line num="97" count="10" type="stmt"/>
        <line num="107" count="13" type="cond" truecount="3" falsecount="1"/>
        <line num="108" count="13" type="stmt"/>
        <line num="116" count="13" type="stmt"/>
        <line num="123" count="17" type="stmt"/>
        <line num="124" count="17" type="cond" truecount="1" falsecount="1"/>
        <line num="125" count="0" type="stmt"/>
        <line num="128" count="17" type="stmt"/>
        <line num="129" count="17" type="stmt"/>
        <line num="136" count="1" type="stmt"/>
        <line num="137" count="1" type="cond" truecount="1" falsecount="1"/>
        <line num="138" count="0" type="stmt"/>
        <line num="141" count="1" type="stmt"/>
        <line num="142" count="1" type="stmt"/>
        <line num="149" count="1" type="stmt"/>
        <line num="150" count="1" type="cond" truecount="1" falsecount="1"/>
        <line num="151" count="0" type="stmt"/>
        <line num="154" count="1" type="stmt"/>
        <line num="162" count="32" type="stmt"/>
        <line num="169" count="4" type="stmt"/>
        <line num="170" count="4" type="stmt"/>
        <line num="172" count="4" type="cond" truecount="2" falsecount="0"/>
        <line num="173" count="1" type="stmt"/>
        <line num="176" count="3" type="stmt"/>
        <line num="183" count="14" type="stmt"/>
        <line num="184" count="14" type="stmt"/>
        <line num="186" count="14" type="cond" truecount="1" falsecount="1"/>
        <line num="187" count="0" type="stmt"/>
        <line num="190" count="14" type="cond" truecount="3" falsecount="1"/>
        <line num="191" count="0" type="stmt"/>
        <line num="194" count="14" type="cond" truecount="1" falsecount="1"/>
        <line num="195" count="0" type="stmt"/>
        <line num="198" count="14" type="stmt"/>
        <line num="205" count="3" type="stmt"/>
        <line num="207" count="3" type="cond" truecount="1" falsecount="1"/>
        <line num="208" count="0" type="stmt"/>
        <line num="211" count="3" type="cond" truecount="1" falsecount="1"/>
        <line num="212" count="0" type="stmt"/>
        <line num="215" count="3" type="cond" truecount="1" falsecount="1"/>
        <line num="216" count="0" type="stmt"/>
        <line num="219" count="3" type="stmt"/>
        <line num="220" count="3" type="cond" truecount="2" falsecount="0"/>
        <line num="221" count="1" type="stmt"/>
        <line num="224" count="2" type="cond" truecount="1" falsecount="1"/>
        <line num="225" count="0" type="stmt"/>
        <line num="228" count="2" type="stmt"/>
        <line num="235" count="4" type="stmt"/>
        <line num="237" count="4" type="cond" truecount="1" falsecount="1"/>
        <line num="238" count="0" type="stmt"/>
        <line num="241" count="4" type="cond" truecount="1" falsecount="1"/>
        <line num="242" count="0" type="stmt"/>
        <line num="245" count="4" type="stmt"/>
        <line num="246" count="4" type="stmt"/>
        <line num="248" count="4" type="cond" truecount="2" falsecount="2"/>
        <line num="249" count="0" type="stmt"/>
        <line num="252" count="4" type="cond" truecount="1" falsecount="1"/>
        <line num="253" count="0" type="stmt"/>
        <line num="256" count="4" type="stmt"/>
        <line num="263" count="7" type="cond" truecount="1" falsecount="1"/>
        <line num="264" count="0" type="stmt"/>
        <line num="267" count="7" type="cond" truecount="1" falsecount="1"/>
        <line num="268" count="0" type="stmt"/>
        <line num="271" count="7" type="stmt"/>
        <line num="278" count="12" type="stmt"/>
        <line num="285" count="48" type="stmt"/>
        <line num="286" count="48" type="stmt"/>
        <line num="288" count="48" type="cond" truecount="3" falsecount="1"/>
        <line num="289" count="0" type="stmt"/>
        <line num="293" count="48" type="stmt"/>
        <line num="294" count="48" type="stmt"/>
        <line num="297" count="48" type="stmt"/>
        <line num="298" count="48" type="stmt"/>
        <line num="301" count="48" type="stmt"/>
        <line num="308" count="54" type="stmt"/>
        <line num="309" count="54" type="cond" truecount="1" falsecount="1"/>
        <line num="310" count="0" type="stmt"/>
        <line num="314" count="54" type="stmt"/>
        <line num="316" count="54" type="cond" truecount="5" falsecount="2"/>
        <line num="318" count="31" type="stmt"/>
        <line num="319" count="31" type="stmt"/>
        <line num="322" count="2" type="stmt"/>
        <line num="323" count="2" type="stmt"/>
        <line num="326" count="13" type="stmt"/>
        <line num="327" count="13" type="stmt"/>
        <line num="328" count="13" type="stmt"/>
        <line num="331" count="0" type="cond" truecount="0" falsecount="2"/>
        <line num="332" count="0" type="stmt"/>
        <line num="334" count="0" type="stmt"/>
        <line num="335" count="0" type="stmt"/>
        <line num="338" count="3" type="cond" truecount="1" falsecount="1"/>
        <line num="339" count="0" type="stmt"/>
        <line num="341" count="3" type="stmt"/>
        <line num="342" count="3" type="stmt"/>
        <line num="343" count="3" type="stmt"/>
        <line num="346" count="5" type="stmt"/>
        <line num="347" count="5" type="stmt"/>
        <line num="350" count="0" type="stmt"/>
        <line num="354" count="54" type="stmt"/>
        <line num="361" count="2" type="stmt"/>
        <line num="362" count="2" type="cond" truecount="1" falsecount="1"/>
        <line num="363" count="0" type="stmt"/>
        <line num="366" count="2" type="stmt"/>
        <line num="369" count="2" type="cond" truecount="1" falsecount="1"/>
        <line num="370" count="0" type="stmt"/>
        <line num="376" count="2" type="stmt"/>
      </file>
    </package>
    <package name="core.cards">
      <metrics statements="233" coveredstatements="216" conditionals="150" coveredconditionals="139" methods="67" coveredmethods="61"/>
      <file name="Card.ts" path="/Users/mastermind/Desktop/Programming/PokaiEngine/src/core/cards/Card.ts">
        <metrics statements="44" coveredstatements="44" conditionals="51" coveredconditionals="48" methods="12" coveredmethods="12"/>
        <line num="1" count="10" type="stmt"/>
        <line num="3" count="10" type="stmt"/>
        <line num="4" count="61766" type="stmt"/>
        <line num="11" count="624" type="cond" truecount="2" falsecount="0"/>
        <line num="23" count="624" type="stmt"/>
        <line num="31" count="3" type="cond" truecount="2" falsecount="0"/>
        <line num="42" count="3" type="cond" truecount="2" falsecount="0"/>
        <line num="50" count="3" type="stmt"/>
        <line num="57" count="60" type="cond" truecount="2" falsecount="0"/>
        <line num="64" count="3" type="stmt"/>
        <line num="71" count="4" type="cond" truecount="2" falsecount="0"/>
        <line num="78" count="4" type="cond" truecount="2" falsecount="0"/>
        <line num="85" count="85" type="cond" truecount="2" falsecount="0"/>
        <line num="86" count="5" type="stmt"/>
        <line num="89" count="80" type="stmt"/>
        <line num="90" count="80" type="stmt"/>
        <line num="93" count="80" type="cond" truecount="14" falsecount="0"/>
        <line num="95" count="10" type="stmt"/>
        <line num="96" count="10" type="stmt"/>
        <line num="98" count="7" type="stmt"/>
        <line num="99" count="7" type="stmt"/>
        <line num="101" count="5" type="stmt"/>
        <line num="102" count="5" type="stmt"/>
        <line num="104" count="5" type="stmt"/>
        <line num="105" count="5" type="stmt"/>
        <line num="114" count="43" type="stmt"/>
        <line num="115" count="43" type="stmt"/>
        <line num="117" count="6" type="stmt"/>
        <line num="118" count="6" type="stmt"/>
        <line num="120" count="4" type="stmt"/>
        <line num="124" count="76" type="cond" truecount="5" falsecount="0"/>
        <line num="126" count="20" type="stmt"/>
        <line num="127" count="20" type="stmt"/>
        <line num="129" count="18" type="stmt"/>
        <line num="130" count="18" type="stmt"/>
        <line num="132" count="17" type="stmt"/>
        <line num="133" count="17" type="stmt"/>
        <line num="135" count="19" type="stmt"/>
        <line num="136" count="19" type="stmt"/>
        <line num="138" count="2" type="stmt"/>
        <line num="141" count="74" type="stmt"/>
        <line num="148" count="3" type="stmt"/>
        <line num="155" count="6" type="stmt"/>
        <line num="165" count="5" type="stmt"/>
      </file>
      <file name="Deck.ts" path="/Users/mastermind/Desktop/Programming/PokaiEngine/src/core/cards/Deck.ts">
        <metrics statements="61" coveredstatements="50" conditionals="12" coveredconditionals="10" methods="19" coveredmethods="14"/>
        <line num="1" count="6" type="stmt"/>
        <line num="2" count="6" type="stmt"/>
        <line num="4" count="6" type="stmt"/>
        <line num="5" count="1124" type="stmt"/>
        <line num="6" count="1124" type="stmt"/>
        <line num="9" count="1124" type="stmt"/>
        <line num="16" count="1174" type="stmt"/>
        <line num="17" count="1174" type="stmt"/>
        <line num="20" count="1174" type="stmt"/>
        <line num="21" count="4696" type="stmt"/>
        <line num="22" count="122096" type="cond" truecount="2" falsecount="0"/>
        <line num="23" count="61048" type="stmt"/>
        <line num="33" count="1060" type="stmt"/>
        <line num="34" count="54060" type="stmt"/>
        <line num="35" count="54060" type="stmt"/>
        <line num="43" count="7764" type="cond" truecount="2" falsecount="0"/>
        <line num="44" count="3" type="stmt"/>
        <line num="47" count="7761" type="stmt"/>
        <line num="48" count="7761" type="stmt"/>
        <line num="49" count="7761" type="stmt"/>
        <line num="56" count="2021" type="cond" truecount="2" falsecount="0"/>
        <line num="57" count="2" type="stmt"/>
        <line num="60" count="2019" type="stmt"/>
        <line num="61" count="2019" type="stmt"/>
        <line num="62" count="7105" type="stmt"/>
        <line num="65" count="2019" type="stmt"/>
        <line num="72" count="54" type="cond" truecount="1" falsecount="1"/>
        <line num="73" count="0" type="stmt"/>
        <line num="76" count="54" type="stmt"/>
        <line num="79" count="54" type="stmt"/>
        <line num="80" count="188" type="stmt"/>
        <line num="84" count="54" type="stmt"/>
        <line num="85" count="188" type="stmt"/>
        <line num="88" count="54" type="stmt"/>
        <line num="95" count="20" type="stmt"/>
        <line num="96" count="19" type="stmt"/>
        <line num="103" count="7" type="stmt"/>
        <line num="104" count="6" type="stmt"/>
        <line num="111" count="5" type="stmt"/>
        <line num="112" count="4" type="stmt"/>
        <line num="119" count="32" type="cond" truecount="2" falsecount="0"/>
        <line num="120" count="3" type="stmt"/>
        <line num="123" count="29" type="stmt"/>
        <line num="124" count="29" type="stmt"/>
        <line num="131" count="19" type="stmt"/>
        <line num="138" count="0" type="stmt"/>
        <line num="145" count="0" type="stmt"/>
        <line num="152" count="5" type="stmt"/>
        <line num="159" count="0" type="stmt"/>
        <line num="166" count="0" type="stmt"/>
        <line num="167" count="0" type="stmt"/>
        <line num="168" count="0" type="stmt"/>
        <line num="169" count="0" type="stmt"/>
        <line num="176" count="0" type="stmt"/>
        <line num="177" count="0" type="stmt"/>
        <line num="184" count="4" type="stmt"/>
        <line num="186" count="4" type="cond" truecount="1" falsecount="1"/>
        <line num="187" count="0" type="stmt"/>
        <line num="191" count="208" type="stmt"/>
        <line num="192" count="4" type="stmt"/>
        <line num="194" count="4" type="stmt"/>
      </file>
      <file name="HandEvaluator.ts" path="/Users/mastermind/Desktop/Programming/PokaiEngine/src/core/cards/HandEvaluator.ts">
        <metrics statements="128" coveredstatements="122" conditionals="87" coveredconditionals="81" methods="36" coveredmethods="35"/>
        <line num="1" count="6" type="stmt"/>
        <line num="4" count="6" type="stmt"/>
        <line num="9" count="1071" type="stmt"/>
        <line num="11" count="1071" type="cond" truecount="2" falsecount="0"/>
        <line num="12" count="2" type="stmt"/>
        <line num="16" count="1069" type="stmt"/>
        <line num="19" count="1069" type="stmt"/>
        <line num="21" count="1069" type="stmt"/>
        <line num="22" count="21499" type="stmt"/>
        <line num="24" count="21499" type="cond" truecount="4" falsecount="0"/>
        <line num="25" count="3681" type="stmt"/>
        <line num="29" count="1069" type="stmt"/>
        <line num="36" count="21510" type="cond" truecount="2" falsecount="0"/>
        <line num="37" count="2" type="stmt"/>
        <line num="41" count="164892" type="stmt"/>
        <line num="46" count="21508" type="cond" truecount="2" falsecount="0"/>
        <line num="47" count="8" type="stmt"/>
        <line num="56" count="21500" type="cond" truecount="2" falsecount="0"/>
        <line num="58" count="4" type="cond" truecount="1" falsecount="1"/>
        <line num="60" count="0" type="stmt"/>
        <line num="62" count="0" type="stmt"/>
        <line num="63" count="0" type="cond" truecount="0" falsecount="2"/>
        <line num="64" count="0" type="cond" truecount="0" falsecount="2"/>
        <line num="65" count="0" type="stmt"/>
        <line num="67" count="0" type="stmt"/>
        <line num="76" count="4" type="stmt"/>
        <line num="85" count="21496" type="stmt"/>
        <line num="86" count="21496" type="cond" truecount="2" falsecount="0"/>
        <line num="87" count="38" type="stmt"/>
        <line num="88" count="18" type="stmt"/>
        <line num="97" count="21478" type="stmt"/>
        <line num="98" count="21478" type="cond" truecount="2" falsecount="0"/>
        <line num="99" count="29" type="stmt"/>
        <line num="111" count="21449" type="cond" truecount="2" falsecount="0"/>
        <line num="112" count="33" type="stmt"/>
        <line num="121" count="21416" type="cond" truecount="2" falsecount="0"/>
        <line num="123" count="128" type="cond" truecount="2" falsecount="0"/>
        <line num="125" count="13" type="stmt"/>
        <line num="127" count="13" type="stmt"/>
        <line num="128" count="104" type="cond" truecount="1" falsecount="1"/>
        <line num="129" count="104" type="cond" truecount="2" falsecount="0"/>
        <line num="130" count="52" type="stmt"/>
        <line num="132" count="13" type="stmt"/>
        <line num="141" count="115" type="stmt"/>
        <line num="150" count="21288" type="stmt"/>
        <line num="151" count="21288" type="cond" truecount="2" falsecount="0"/>
        <line num="152" count="2235" type="stmt"/>
        <line num="153" count="447" type="stmt"/>
        <line num="162" count="20841" type="stmt"/>
        <line num="163" count="20841" type="cond" truecount="2" falsecount="0"/>
        <line num="164" count="972" type="stmt"/>
        <line num="165" count="3044" type="cond" truecount="2" falsecount="0"/>
        <line num="167" count="972" type="stmt"/>
        <line num="180" count="19869" type="stmt"/>
        <line num="181" count="19869" type="cond" truecount="2" falsecount="0"/>
        <line num="182" count="45765" type="stmt"/>
        <line num="183" count="9153" type="stmt"/>
        <line num="192" count="10716" type="stmt"/>
        <line num="205" count="29" type="cond" truecount="2" falsecount="0"/>
        <line num="206" count="9" type="cond" truecount="2" falsecount="0"/>
        <line num="207" count="4" type="stmt"/>
        <line num="214" count="1069" type="stmt"/>
        <line num="216" count="1069" type="stmt"/>
        <line num="217" count="123700" type="cond" truecount="2" falsecount="0"/>
        <line num="218" count="21499" type="stmt"/>
        <line num="219" count="21499" type="stmt"/>
        <line num="222" count="102201" type="stmt"/>
        <line num="223" count="122631" type="stmt"/>
        <line num="224" count="122631" type="stmt"/>
        <line num="225" count="122631" type="stmt"/>
        <line num="229" count="1069" type="stmt"/>
        <line num="230" count="1069" type="stmt"/>
        <line num="237" count="21508" type="cond" truecount="3" falsecount="0"/>
        <line num="244" count="21500" type="cond" truecount="2" falsecount="0"/>
        <line num="251" count="64457" type="stmt"/>
        <line num="252" count="145460" type="stmt"/>
        <line num="259" count="107490" type="stmt"/>
        <line num="262" count="21498" type="stmt"/>
        <line num="263" count="30536" type="cond" truecount="2" falsecount="0"/>
        <line num="264" count="21368" type="stmt"/>
        <line num="266" count="9168" type="cond" truecount="2" falsecount="0"/>
        <line num="267" count="130" type="stmt"/>
        <line num="272" count="21368" type="cond" truecount="2" falsecount="0"/>
        <line num="279" count="14" type="stmt"/>
        <line num="282" count="21354" type="stmt"/>
        <line num="289" count="660" type="stmt"/>
        <line num="290" count="132" type="stmt"/>
        <line num="303" count="21496" type="stmt"/>
        <line num="305" count="21496" type="stmt"/>
        <line num="306" count="95343" type="cond" truecount="2" falsecount="0"/>
        <line num="307" count="31" type="stmt"/>
        <line num="311" count="21478" type="stmt"/>
        <line num="318" count="21478" type="stmt"/>
        <line num="319" count="21478" type="stmt"/>
        <line num="320" count="21478" type="stmt"/>
        <line num="322" count="21478" type="stmt"/>
        <line num="323" count="95312" type="cond" truecount="2" falsecount="0"/>
        <line num="324" count="1005" type="stmt"/>
        <line num="325" count="94836" type="cond" truecount="2" falsecount="0"/>
        <line num="326" count="27417" type="stmt"/>
        <line num="330" count="21478" type="cond" truecount="4" falsecount="0"/>
        <line num="337" count="21288" type="stmt"/>
        <line num="339" count="21288" type="stmt"/>
        <line num="340" count="94048" type="cond" truecount="2" falsecount="0"/>
        <line num="341" count="940" type="stmt"/>
        <line num="345" count="20841" type="stmt"/>
        <line num="352" count="20841" type="stmt"/>
        <line num="353" count="20841" type="stmt"/>
        <line num="355" count="20841" type="stmt"/>
        <line num="356" count="93108" type="cond" truecount="2" falsecount="0"/>
        <line num="357" count="27355" type="stmt"/>
        <line num="361" count="20841" type="cond" truecount="2" falsecount="0"/>
        <line num="362" count="972" type="stmt"/>
        <line num="363" count="972" type="stmt"/>
        <line num="366" count="19869" type="stmt"/>
        <line num="373" count="19869" type="stmt"/>
        <line num="375" count="19869" type="stmt"/>
        <line num="376" count="76139" type="cond" truecount="2" falsecount="0"/>
        <line num="377" count="22559" type="stmt"/>
        <line num="381" count="10716" type="stmt"/>
        <line num="389" count="21508" type="stmt"/>
        <line num="392" count="21508" type="stmt"/>
        <line num="393" count="94880" type="stmt"/>
        <line num="396" count="21508" type="stmt"/>
        <line num="403" count="104972" type="stmt"/>
        <line num="405" count="104972" type="stmt"/>
        <line num="406" count="524860" type="cond" truecount="2" falsecount="0"/>
        <line num="409" count="104972" type="stmt"/>
      </file>
    </package>
    <package name="core.game">
      <metrics statements="321" coveredstatements="263" conditionals="84" coveredconditionals="68" methods="94" coveredmethods="80"/>
      <file name="GameState.ts" path="/Users/mastermind/Desktop/Programming/PokaiEngine/src/core/game/GameState.ts">
        <metrics statements="156" coveredstatements="128" conditionals="43" coveredconditionals="34" methods="42" coveredmethods="38"/>
        <line num="1" count="6" type="stmt"/>
        <line num="4" count="6" type="stmt"/>
        <line num="6" count="6" type="stmt"/>
        <line num="8" count="117" type="stmt"/>
        <line num="9" count="117" type="stmt"/>
        <line num="10" count="117" type="stmt"/>
        <line num="11" count="117" type="stmt"/>
        <line num="13" count="117" type="stmt"/>
        <line num="14" count="117" type="stmt"/>
        <line num="15" count="117" type="stmt"/>
        <line num="19" count="117" type="stmt"/>
        <line num="20" count="117" type="stmt"/>
        <line num="23" count="117" type="stmt"/>
        <line num="24" count="117" type="stmt"/>
        <line num="27" count="117" type="stmt"/>
        <line num="28" count="117" type="stmt"/>
        <line num="29" count="117" type="stmt"/>
        <line num="30" count="117" type="stmt"/>
        <line num="31" count="117" type="stmt"/>
        <line num="32" count="117" type="stmt"/>
        <line num="39" count="258" type="cond" truecount="2" falsecount="0"/>
        <line num="40" count="2" type="stmt"/>
        <line num="43" count="371" type="cond" truecount="2" falsecount="0"/>
        <line num="44" count="3" type="stmt"/>
        <line num="47" count="253" type="stmt"/>
        <line num="48" count="253" type="stmt"/>
        <line num="55" count="4" type="stmt"/>
        <line num="56" count="4" type="cond" truecount="2" falsecount="0"/>
        <line num="57" count="3" type="stmt"/>
        <line num="60" count="1" type="stmt"/>
        <line num="61" count="1" type="stmt"/>
        <line num="68" count="782" type="stmt"/>
        <line num="75" count="1438" type="stmt"/>
        <line num="82" count="872" type="stmt"/>
        <line num="89" count="1018" type="stmt"/>
        <line num="96" count="323" type="stmt"/>
        <line num="97" count="323" type="stmt"/>
        <line num="99" count="323" type="cond" truecount="2" falsecount="0"/>
        <line num="100" count="85" type="stmt"/>
        <line num="104" count="238" type="stmt"/>
        <line num="105" count="766" type="stmt"/>
        <line num="108" count="238" type="cond" truecount="2" falsecount="0"/>
        <line num="110" count="89" type="stmt"/>
        <line num="111" count="89" type="stmt"/>
        <line num="114" count="149" type="stmt"/>
        <line num="116" count="149" type="stmt"/>
        <line num="117" count="588" type="stmt"/>
        <line num="118" count="588" type="stmt"/>
        <line num="123" count="238" type="stmt"/>
        <line num="124" count="238" type="stmt"/>
        <line num="131" count="149" type="stmt"/>
        <line num="133" count="149" type="cond" truecount="5" falsecount="0"/>
        <line num="135" count="103" type="stmt"/>
        <line num="136" count="103" type="stmt"/>
        <line num="138" count="15" type="stmt"/>
        <line num="144" count="15" type="stmt"/>
        <line num="146" count="9" type="stmt"/>
        <line num="153" count="9" type="stmt"/>
        <line num="155" count="7" type="stmt"/>
        <line num="163" count="7" type="stmt"/>
        <line num="166" count="15" type="stmt"/>
        <line num="177" count="15" type="stmt"/>
        <line num="180" count="149" type="stmt"/>
        <line num="187" count="989" type="stmt"/>
        <line num="188" count="476" type="cond" truecount="1" falsecount="1"/>
        <line num="195" count="69" type="stmt"/>
        <line num="196" count="69" type="stmt"/>
        <line num="197" count="69" type="stmt"/>
        <line num="198" count="69" type="stmt"/>
        <line num="199" count="69" type="stmt"/>
        <line num="200" count="69" type="stmt"/>
        <line num="203" count="229" type="stmt"/>
        <line num="206" count="69" type="stmt"/>
        <line num="207" count="69" type="stmt"/>
        <line num="210" count="69" type="stmt"/>
        <line num="213" count="69" type="stmt"/>
        <line num="220" count="69" type="stmt"/>
        <line num="221" count="69" type="cond" truecount="1" falsecount="1"/>
        <line num="222" count="69" type="stmt"/>
        <line num="231" count="76" type="stmt"/>
        <line num="233" count="20" type="cond" truecount="2" falsecount="4"/>
        <line num="235" count="11" type="stmt"/>
        <line num="236" count="11" type="stmt"/>
        <line num="238" count="9" type="stmt"/>
        <line num="239" count="9" type="stmt"/>
        <line num="241" count="0" type="stmt"/>
        <line num="242" count="0" type="stmt"/>
        <line num="244" count="0" type="stmt"/>
        <line num="245" count="0" type="stmt"/>
        <line num="247" count="0" type="stmt"/>
        <line num="248" count="0" type="stmt"/>
        <line num="249" count="0" type="stmt"/>
        <line num="251" count="0" type="stmt"/>
        <line num="255" count="20" type="stmt"/>
        <line num="258" count="20" type="stmt"/>
        <line num="265" count="170" type="stmt"/>
        <line num="267" count="170" type="cond" truecount="2" falsecount="0"/>
        <line num="268" count="2" type="stmt"/>
        <line num="269" count="2" type="stmt"/>
        <line num="273" count="168" type="stmt"/>
        <line num="275" count="168" type="cond" truecount="2" falsecount="0"/>
        <line num="277" count="146" type="stmt"/>
        <line num="280" count="22" type="stmt"/>
        <line num="283" count="168" type="stmt"/>
        <line num="284" count="287" type="stmt"/>
        <line num="285" count="287" type="stmt"/>
        <line num="287" count="287" type="cond" truecount="2" falsecount="0"/>
        <line num="288" count="168" type="stmt"/>
        <line num="289" count="168" type="stmt"/>
        <line num="293" count="0" type="stmt"/>
        <line num="300" count="12" type="stmt"/>
        <line num="307" count="117" type="stmt"/>
        <line num="308" count="117" type="cond" truecount="1" falsecount="1"/>
        <line num="309" count="0" type="stmt"/>
        <line num="312" count="117" type="stmt"/>
        <line num="313" count="117" type="stmt"/>
        <line num="314" count="117" type="stmt"/>
        <line num="317" count="117" type="cond" truecount="1" falsecount="1"/>
        <line num="318" count="0" type="stmt"/>
        <line num="326" count="12" type="stmt"/>
        <line num="327" count="12" type="stmt"/>
        <line num="334" count="54" type="stmt"/>
        <line num="336" count="54" type="cond" truecount="2" falsecount="0"/>
        <line num="337" count="1" type="stmt"/>
        <line num="341" count="183" type="stmt"/>
        <line num="343" count="53" type="cond" truecount="1" falsecount="1"/>
        <line num="344" count="0" type="stmt"/>
        <line num="347" count="178" type="stmt"/>
        <line num="348" count="114" type="stmt"/>
        <line num="349" count="80" type="stmt"/>
        <line num="351" count="53" type="cond" truecount="2" falsecount="0"/>
        <line num="358" count="54" type="stmt"/>
        <line num="361" count="54" type="cond" truecount="2" falsecount="0"/>
        <line num="362" count="8" type="stmt"/>
        <line num="366" count="46" type="stmt"/>
        <line num="373" count="57" type="stmt"/>
        <line num="374" count="205" type="stmt"/>
        <line num="381" count="43" type="stmt"/>
        <line num="388" count="170" type="stmt"/>
        <line num="390" count="713" type="stmt"/>
        <line num="410" count="0" type="stmt"/>
        <line num="412" count="0" type="stmt"/>
        <line num="432" count="0" type="stmt"/>
        <line num="433" count="0" type="stmt"/>
        <line num="434" count="0" type="stmt"/>
        <line num="435" count="0" type="stmt"/>
        <line num="436" count="0" type="stmt"/>
        <line num="437" count="0" type="stmt"/>
        <line num="438" count="0" type="stmt"/>
        <line num="439" count="0" type="stmt"/>
        <line num="440" count="0" type="stmt"/>
        <line num="441" count="0" type="stmt"/>
        <line num="442" count="0" type="stmt"/>
        <line num="443" count="0" type="stmt"/>
        <line num="444" count="0" type="stmt"/>
        <line num="446" count="0" type="stmt"/>
      </file>
      <file name="Player.ts" path="/Users/mastermind/Desktop/Programming/PokaiEngine/src/core/game/Player.ts">
        <metrics statements="70" coveredstatements="43" conditionals="11" coveredconditionals="8" methods="22" coveredmethods="13"/>
        <line num="4" count="7" type="stmt"/>
        <line num="23" count="301" type="stmt"/>
        <line num="24" count="301" type="stmt"/>
        <line num="25" count="301" type="stmt"/>
        <line num="26" count="301" type="stmt"/>
        <line num="27" count="301" type="stmt"/>
        <line num="28" count="301" type="stmt"/>
        <line num="29" count="301" type="stmt"/>
        <line num="30" count="301" type="stmt"/>
        <line num="31" count="301" type="stmt"/>
        <line num="32" count="301" type="stmt"/>
        <line num="33" count="301" type="stmt"/>
        <line num="34" count="301" type="stmt"/>
        <line num="35" count="301" type="stmt"/>
        <line num="36" count="301" type="stmt"/>
        <line num="43" count="166" type="stmt"/>
        <line num="50" count="229" type="stmt"/>
        <line num="57" count="160" type="cond" truecount="1" falsecount="1"/>
        <line num="59" count="0" type="stmt"/>
        <line num="60" count="0" type="stmt"/>
        <line num="63" count="160" type="stmt"/>
        <line num="64" count="160" type="stmt"/>
        <line num="65" count="160" type="stmt"/>
        <line num="66" count="160" type="stmt"/>
        <line num="68" count="160" type="cond" truecount="2" falsecount="0"/>
        <line num="69" count="8" type="stmt"/>
        <line num="77" count="34" type="stmt"/>
        <line num="78" count="34" type="stmt"/>
        <line num="85" count="2" type="stmt"/>
        <line num="92" count="0" type="stmt"/>
        <line num="93" count="0" type="stmt"/>
        <line num="100" count="0" type="cond" truecount="0" falsecount="2"/>
        <line num="101" count="0" type="stmt"/>
        <line num="103" count="0" type="stmt"/>
        <line num="110" count="229" type="stmt"/>
        <line num="111" count="229" type="stmt"/>
        <line num="112" count="229" type="stmt"/>
        <line num="113" count="229" type="stmt"/>
        <line num="114" count="229" type="stmt"/>
        <line num="115" count="229" type="stmt"/>
        <line num="116" count="229" type="stmt"/>
        <line num="117" count="229" type="stmt"/>
        <line num="124" count="91" type="stmt"/>
        <line num="125" count="91" type="stmt"/>
        <line num="126" count="91" type="stmt"/>
        <line num="133" count="54" type="stmt"/>
        <line num="140" count="1569" type="cond" truecount="4" falsecount="0"/>
        <line num="147" count="87" type="stmt"/>
        <line num="154" count="0" type="stmt"/>
        <line num="161" count="766" type="stmt"/>
        <line num="168" count="0" type="stmt"/>
        <line num="175" count="0" type="stmt"/>
        <line num="182" count="0" type="stmt"/>
        <line num="189" count="0" type="stmt"/>
        <line num="196" count="725" type="stmt"/>
        <line num="214" count="0" type="stmt"/>
        <line num="233" count="0" type="stmt"/>
        <line num="234" count="0" type="stmt"/>
        <line num="235" count="0" type="stmt"/>
        <line num="236" count="0" type="stmt"/>
        <line num="237" count="0" type="stmt"/>
        <line num="238" count="0" type="stmt"/>
        <line num="239" count="0" type="stmt"/>
        <line num="240" count="0" type="stmt"/>
        <line num="241" count="0" type="stmt"/>
        <line num="242" count="0" type="stmt"/>
        <line num="243" count="0" type="stmt"/>
        <line num="244" count="0" type="stmt"/>
        <line num="245" count="0" type="stmt"/>
        <line num="246" count="0" type="stmt"/>
      </file>
      <file name="PotManager.ts" path="/Users/mastermind/Desktop/Programming/PokaiEngine/src/core/game/PotManager.ts">
        <metrics statements="95" coveredstatements="92" conditionals="30" coveredconditionals="26" methods="30" coveredmethods="29"/>
        <line num="15" count="7" type="stmt"/>
        <line num="16" count="138" type="stmt"/>
        <line num="17" count="138" type="stmt"/>
        <line num="20" count="138" type="stmt"/>
        <line num="27" count="208" type="stmt"/>
        <line num="28" count="208" type="stmt"/>
        <line num="29" count="208" type="stmt"/>
        <line num="36" count="208" type="stmt"/>
        <line num="47" count="175" type="cond" truecount="2" falsecount="0"/>
        <line num="48" count="175" type="stmt"/>
        <line num="51" count="175" type="stmt"/>
        <line num="54" count="175" type="cond" truecount="2" falsecount="0"/>
        <line num="55" count="163" type="stmt"/>
        <line num="64" count="86" type="stmt"/>
        <line num="66" count="27" type="cond" truecount="2" falsecount="0"/>
        <line num="69" count="7" type="stmt"/>
        <line num="70" count="7" type="stmt"/>
        <line num="74" count="20" type="stmt"/>
        <line num="75" count="20" type="stmt"/>
        <line num="76" count="54" type="cond" truecount="2" falsecount="0"/>
        <line num="77" count="52" type="stmt"/>
        <line num="81" count="28" type="stmt"/>
        <line num="83" count="20" type="cond" truecount="2" falsecount="0"/>
        <line num="85" count="6" type="stmt"/>
        <line num="86" count="6" type="stmt"/>
        <line num="90" count="14" type="stmt"/>
        <line num="92" count="14" type="stmt"/>
        <line num="94" count="14" type="stmt"/>
        <line num="95" count="38" type="stmt"/>
        <line num="96" count="38" type="stmt"/>
        <line num="99" count="38" type="stmt"/>
        <line num="100" count="118" type="stmt"/>
        <line num="103" count="38" type="cond" truecount="1" falsecount="1"/>
        <line num="104" count="38" type="stmt"/>
        <line num="106" count="38" type="stmt"/>
        <line num="108" count="82" type="stmt"/>
        <line num="113" count="38" type="stmt"/>
        <line num="123" count="13" type="stmt"/>
        <line num="125" count="13" type="stmt"/>
        <line num="127" count="19" type="stmt"/>
        <line num="136" count="3" type="stmt"/>
        <line num="138" count="3" type="stmt"/>
        <line num="139" count="4" type="stmt"/>
        <line num="140" count="10" type="stmt"/>
        <line num="142" count="4" type="cond" truecount="1" falsecount="1"/>
        <line num="143" count="0" type="stmt"/>
        <line num="147" count="4" type="stmt"/>
        <line num="148" count="4" type="stmt"/>
        <line num="149" count="4" type="stmt"/>
        <line num="151" count="4" type="stmt"/>
        <line num="152" count="7" type="cond" truecount="2" falsecount="0"/>
        <line num="153" count="7" type="stmt"/>
        <line num="161" count="3" type="stmt"/>
        <line num="168" count="80" type="stmt"/>
        <line num="175" count="323" type="stmt"/>
        <line num="182" count="8" type="stmt"/>
        <line num="189" count="0" type="stmt"/>
        <line num="196" count="10" type="stmt"/>
        <line num="203" count="9" type="cond" truecount="1" falsecount="1"/>
        <line num="204" count="0" type="stmt"/>
        <line num="207" count="9" type="stmt"/>
        <line num="214" count="5" type="stmt"/>
        <line num="216" count="5" type="stmt"/>
        <line num="217" count="17" type="cond" truecount="2" falsecount="0"/>
        <line num="218" count="11" type="stmt"/>
        <line num="222" count="5" type="stmt"/>
        <line num="233" count="2" type="stmt"/>
        <line num="235" count="2" type="stmt"/>
        <line num="236" count="4" type="cond" truecount="2" falsecount="0"/>
        <line num="237" count="4" type="stmt"/>
        <line num="238" count="4" type="stmt"/>
        <line num="242" count="2" type="stmt"/>
        <line num="244" count="2" type="stmt"/>
        <line num="245" count="2" type="stmt"/>
        <line num="248" count="2" type="stmt"/>
        <line num="249" count="3" type="stmt"/>
        <line num="250" count="3" type="stmt"/>
        <line num="253" count="3" type="stmt"/>
        <line num="254" count="3" type="stmt"/>
        <line num="255" count="3" type="stmt"/>
        <line num="258" count="3" type="cond" truecount="2" falsecount="0"/>
        <line num="260" count="2" type="stmt"/>
        <line num="261" count="2" type="stmt"/>
        <line num="262" count="2" type="stmt"/>
        <line num="264" count="2" type="stmt"/>
        <line num="265" count="2" type="cond" truecount="1" falsecount="1"/>
        <line num="266" count="2" type="stmt"/>
        <line num="271" count="2" type="stmt"/>
        <line num="274" count="2" type="stmt"/>
        <line num="275" count="2" type="stmt"/>
        <line num="279" count="3" type="cond" truecount="4" falsecount="0"/>
        <line num="281" count="1" type="stmt"/>
        <line num="285" count="1" type="stmt"/>
        <line num="301" count="1" type="stmt"/>
        <line num="304" count="2" type="stmt"/>
      </file>
    </package>
    <package name="engine">
      <metrics statements="125" coveredstatements="86" conditionals="35" coveredconditionals="17" methods="30" coveredmethods="23"/>
      <file name="GameEngine.ts" path="/Users/mastermind/Desktop/Programming/PokaiEngine/src/engine/GameEngine.ts">
        <metrics statements="125" coveredstatements="86" conditionals="35" coveredconditionals="17" methods="30" coveredmethods="23"/>
        <line num="1" count="5" type="stmt"/>
        <line num="2" count="5" type="stmt"/>
        <line num="3" count="5" type="stmt"/>
        <line num="4" count="5" type="stmt"/>
        <line num="5" count="5" type="stmt"/>
        <line num="6" count="5" type="stmt"/>
        <line num="28" count="5" type="stmt"/>
        <line num="32" count="96" type="stmt"/>
        <line num="33" count="96" type="stmt"/>
        <line num="34" count="96" type="stmt"/>
        <line num="37" count="96" type="stmt"/>
        <line num="38" count="96" type="stmt"/>
        <line num="39" count="96" type="stmt"/>
        <line num="46" count="196" type="cond" truecount="2" falsecount="0"/>
        <line num="47" count="1" type="stmt"/>
        <line num="50" count="195" type="stmt"/>
        <line num="51" count="195" type="stmt"/>
        <line num="53" count="190" type="stmt"/>
        <line num="65" count="4" type="stmt"/>
        <line num="67" count="1" type="stmt"/>
        <line num="79" count="49" type="stmt"/>
        <line num="81" count="49" type="cond" truecount="2" falsecount="0"/>
        <line num="82" count="1" type="stmt"/>
        <line num="85" count="48" type="stmt"/>
        <line num="86" count="48" type="stmt"/>
        <line num="87" count="48" type="stmt"/>
        <line num="88" count="48" type="stmt"/>
        <line num="89" count="48" type="stmt"/>
        <line num="92" count="48" type="stmt"/>
        <line num="95" count="48" type="stmt"/>
        <line num="98" count="48" type="stmt"/>
        <line num="99" count="48" type="stmt"/>
        <line num="101" count="48" type="stmt"/>
        <line num="113" count="59" type="cond" truecount="2" falsecount="0"/>
        <line num="114" count="1" type="stmt"/>
        <line num="118" count="58" type="stmt"/>
        <line num="121" count="54" type="stmt"/>
        <line num="124" count="54" type="stmt"/>
        <line num="134" count="54" type="cond" truecount="2" falsecount="0"/>
        <line num="135" count="12" type="stmt"/>
        <line num="139" count="54" type="cond" truecount="2" falsecount="0"/>
        <line num="140" count="8" type="stmt"/>
        <line num="148" count="2" type="cond" truecount="1" falsecount="1"/>
        <line num="149" count="0" type="stmt"/>
        <line num="152" count="2" type="stmt"/>
        <line num="154" count="2" type="stmt"/>
        <line num="161" count="2" type="stmt"/>
        <line num="168" count="8" type="stmt"/>
        <line num="175" count="5" type="stmt"/>
        <line num="176" count="5" type="cond" truecount="2" falsecount="0"/>
        <line num="177" count="1" type="stmt"/>
        <line num="180" count="4" type="stmt"/>
        <line num="185" count="12" type="stmt"/>
        <line num="198" count="97" type="stmt"/>
        <line num="205" count="6" type="stmt"/>
        <line num="212" count="5" type="stmt"/>
        <line num="213" count="5" type="cond" truecount="1" falsecount="1"/>
        <line num="214" count="5" type="stmt"/>
        <line num="222" count="48" type="stmt"/>
        <line num="223" count="48" type="stmt"/>
        <line num="225" count="48" type="stmt"/>
        <line num="226" count="166" type="stmt"/>
        <line num="229" count="48" type="stmt"/>
        <line num="240" count="48" type="stmt"/>
        <line num="242" count="48" type="stmt"/>
        <line num="255" count="12" type="stmt"/>
        <line num="258" count="12" type="cond" truecount="2" falsecount="3"/>
        <line num="260" count="11" type="stmt"/>
        <line num="261" count="11" type="stmt"/>
        <line num="263" count="1" type="stmt"/>
        <line num="264" count="1" type="stmt"/>
        <line num="266" count="0" type="stmt"/>
        <line num="267" count="0" type="stmt"/>
        <line num="269" count="0" type="stmt"/>
        <line num="270" count="0" type="stmt"/>
        <line num="272" count="0" type="stmt"/>
        <line num="280" count="11" type="stmt"/>
        <line num="281" count="11" type="stmt"/>
        <line num="282" count="11" type="stmt"/>
        <line num="284" count="11" type="stmt"/>
        <line num="296" count="1" type="stmt"/>
        <line num="297" count="1" type="stmt"/>
        <line num="298" count="1" type="stmt"/>
        <line num="300" count="1" type="stmt"/>
        <line num="312" count="0" type="stmt"/>
        <line num="313" count="0" type="stmt"/>
        <line num="314" count="0" type="stmt"/>
        <line num="316" count="0" type="stmt"/>
        <line num="328" count="0" type="stmt"/>
        <line num="329" count="0" type="stmt"/>
        <line num="330" count="0" type="stmt"/>
        <line num="337" count="0" type="stmt"/>
        <line num="339" count="0" type="stmt"/>
        <line num="340" count="0" type="cond" truecount="0" falsecount="2"/>
        <line num="341" count="0" type="stmt"/>
        <line num="345" count="0" type="stmt"/>
        <line num="354" count="0" type="stmt"/>
        <line num="355" count="0" type="stmt"/>
        <line num="358" count="0" type="stmt"/>
        <line num="359" count="0" type="stmt"/>
        <line num="363" count="0" type="stmt"/>
        <line num="367" count="0" type="stmt"/>
        <line num="374" count="0" type="stmt"/>
        <line num="376" count="0" type="stmt"/>
        <line num="378" count="0" type="stmt"/>
        <line num="379" count="0" type="cond" truecount="0" falsecount="2"/>
        <line num="380" count="0" type="stmt"/>
        <line num="384" count="0" type="stmt"/>
        <line num="385" count="0" type="stmt"/>
        <line num="386" count="0" type="stmt"/>
        <line num="388" count="0" type="cond" truecount="0" falsecount="4"/>
        <line num="389" count="0" type="stmt"/>
        <line num="390" count="0" type="stmt"/>
        <line num="399" count="0" type="stmt"/>
        <line num="407" count="0" type="stmt"/>
        <line num="414" count="8" type="stmt"/>
        <line num="415" count="8" type="stmt"/>
        <line num="417" count="8" type="stmt"/>
        <line num="429" count="0" type="stmt"/>
        <line num="442" count="0" type="cond" truecount="0" falsecount="2"/>
        <line num="449" count="411" type="stmt"/>
        <line num="450" count="14" type="stmt"/>
        <line num="451" count="14" type="stmt"/>
        <line num="462" count="30" type="stmt"/>
        <line num="474" count="7" type="stmt"/>
      </file>
    </package>
    <package name="types">
      <metrics statements="64" coveredstatements="64" conditionals="12" coveredconditionals="12" methods="9" coveredmethods="9"/>
      <file name="index.ts" path="/Users/mastermind/Desktop/Programming/PokaiEngine/src/types/index.ts">
        <metrics statements="64" coveredstatements="64" conditionals="12" coveredconditionals="12" methods="9" coveredmethods="9"/>
        <line num="2" count="12" type="cond" truecount="2" falsecount="0"/>
        <line num="3" count="12" type="stmt"/>
        <line num="4" count="12" type="stmt"/>
        <line num="5" count="12" type="stmt"/>
        <line num="6" count="12" type="stmt"/>
        <line num="9" count="12" type="cond" truecount="2" falsecount="0"/>
        <line num="10" count="12" type="stmt"/>
        <line num="11" count="12" type="stmt"/>
        <line num="12" count="12" type="stmt"/>
        <line num="13" count="12" type="stmt"/>
        <line num="14" count="12" type="stmt"/>
        <line num="15" count="12" type="stmt"/>
        <line num="16" count="12" type="stmt"/>
        <line num="17" count="12" type="stmt"/>
        <line num="18" count="12" type="stmt"/>
        <line num="19" count="12" type="stmt"/>
        <line num="20" count="12" type="stmt"/>
        <line num="21" count="12" type="stmt"/>
        <line num="22" count="12" type="stmt"/>
        <line num="30" count="12" type="cond" truecount="2" falsecount="0"/>
        <line num="31" count="12" type="stmt"/>
        <line num="32" count="12" type="stmt"/>
        <line num="33" count="12" type="stmt"/>
        <line num="34" count="12" type="stmt"/>
        <line num="35" count="12" type="stmt"/>
        <line num="36" count="12" type="stmt"/>
        <line num="37" count="12" type="stmt"/>
        <line num="38" count="12" type="stmt"/>
        <line num="39" count="12" type="stmt"/>
        <line num="40" count="12" type="stmt"/>
        <line num="51" count="12" type="cond" truecount="2" falsecount="0"/>
        <line num="52" count="12" type="stmt"/>
        <line num="53" count="12" type="stmt"/>
        <line num="54" count="12" type="stmt"/>
        <line num="55" count="12" type="stmt"/>
        <line num="56" count="12" type="stmt"/>
        <line num="57" count="12" type="stmt"/>
        <line num="58" count="12" type="stmt"/>
        <line num="59" count="12" type="stmt"/>
        <line num="60" count="12" type="stmt"/>
        <line num="61" count="12" type="stmt"/>
        <line num="62" count="12" type="stmt"/>
        <line num="80" count="12" type="cond" truecount="2" falsecount="0"/>
        <line num="81" count="12" type="stmt"/>
        <line num="82" count="12" type="stmt"/>
        <line num="83" count="12" type="stmt"/>
        <line num="84" count="12" type="stmt"/>
        <line num="85" count="12" type="stmt"/>
        <line num="86" count="12" type="stmt"/>
        <line num="104" count="12" type="cond" truecount="2" falsecount="0"/>
        <line num="105" count="12" type="stmt"/>
        <line num="106" count="12" type="stmt"/>
        <line num="107" count="12" type="stmt"/>
        <line num="108" count="12" type="stmt"/>
        <line num="109" count="12" type="stmt"/>
        <line num="110" count="12" type="stmt"/>
        <line num="187" count="12" type="stmt"/>
        <line num="188" count="13" type="stmt"/>
        <line num="189" count="13" type="stmt"/>
        <line num="190" count="13" type="stmt"/>
        <line num="194" count="12" type="stmt"/>
        <line num="196" count="9" type="stmt"/>
        <line num="200" count="12" type="stmt"/>
        <line num="202" count="4" type="stmt"/>
      </file>
    </package>
  </project>
</coverage>
