{"/Users/mastermind/Desktop/Programming/PokaiEngine/src/core/betting/ActionValidator.ts": {"path":"/Users/mastermind/Desktop/Programming/PokaiEngine/src/core/betting/ActionValidator.ts","statementMap":{"0":{"start":{"line":1,"column":0},"end":{"line":1,"column":85}},"1":{"start":{"line":10,"column":17},"end":{"line":10,"column":53}},"2":{"start":{"line":11,"column":2},"end":{"line":13,"column":3}},"3":{"start":{"line":12,"column":3},"end":{"line":12,"column":52}},"4":{"start":{"line":15,"column":2},"end":{"line":17,"column":3}},"5":{"start":{"line":16,"column":3},"end":{"line":16,"column":53}},"6":{"start":{"line":19,"column":2},"end":{"line":21,"column":3}},"7":{"start":{"line":20,"column":3},"end":{"line":20,"column":60}},"8":{"start":{"line":23,"column":2},"end":{"line":38,"column":3}},"9":{"start":{"line":25,"column":4},"end":{"line":25,"column":48}},"10":{"start":{"line":27,"column":4},"end":{"line":27,"column":49}},"11":{"start":{"line":29,"column":4},"end":{"line":29,"column":63}},"12":{"start":{"line":31,"column":4},"end":{"line":31,"column":62}},"13":{"start":{"line":33,"column":4},"end":{"line":33,"column":64}},"14":{"start":{"line":35,"column":4},"end":{"line":35,"column":49}},"15":{"start":{"line":37,"column":4},"end":{"line":37,"column":56}},"16":{"start":{"line":45,"column":17},"end":{"line":45,"column":46}},"17":{"start":{"line":46,"column":2},"end":{"line":48,"column":3}},"18":{"start":{"line":47,"column":3},"end":{"line":47,"column":13}},"19":{"start":{"line":50,"column":36},"end":{"line":50,"column":38}},"20":{"start":{"line":51,"column":21},"end":{"line":51,"column":46}},"21":{"start":{"line":52,"column":21},"end":{"line":52,"column":64}},"22":{"start":{"line":55,"column":2},"end":{"line":60,"column":3}},"23":{"start":{"line":56,"column":3},"end":{"line":59,"column":6}},"24":{"start":{"line":63,"column":2},"end":{"line":75,"column":3}},"25":{"start":{"line":64,"column":3},"end":{"line":67,"column":6}},"26":{"start":{"line":68,"column":9},"end":{"line":75,"column":3}},"27":{"start":{"line":69,"column":3},"end":{"line":74,"column":6}},"28":{"start":{"line":78,"column":2},"end":{"line":104,"column":3}},"29":{"start":{"line":80,"column":18},"end":{"line":80,"column":42}},"30":{"start":{"line":81,"column":18},"end":{"line":81,"column":34}},"31":{"start":{"line":83,"column":3},"end":{"line":90,"column":4}},"32":{"start":{"line":84,"column":4},"end":{"line":89,"column":7}},"33":{"start":{"line":91,"column":9},"end":{"line":104,"column":3}},"34":{"start":{"line":93,"column":20},"end":{"line":93,"column":55}},"35":{"start":{"line":94,"column":20},"end":{"line":94,"column":56}},"36":{"start":{"line":96,"column":3},"end":{"line":103,"column":4}},"37":{"start":{"line":97,"column":4},"end":{"line":102,"column":7}},"38":{"start":{"line":107,"column":2},"end":{"line":114,"column":3}},"39":{"start":{"line":108,"column":3},"end":{"line":113,"column":6}},"40":{"start":{"line":116,"column":2},"end":{"line":116,"column":17}},"41":{"start":{"line":123,"column":17},"end":{"line":123,"column":46}},"42":{"start":{"line":124,"column":2},"end":{"line":126,"column":3}},"43":{"start":{"line":125,"column":3},"end":{"line":125,"column":12}},"44":{"start":{"line":128,"column":21},"end":{"line":128,"column":46}},"45":{"start":{"line":129,"column":2},"end":{"line":129,"column":53}},"46":{"start":{"line":136,"column":17},"end":{"line":136,"column":46}},"47":{"start":{"line":137,"column":2},"end":{"line":139,"column":3}},"48":{"start":{"line":138,"column":3},"end":{"line":138,"column":12}},"49":{"start":{"line":141,"column":21},"end":{"line":141,"column":46}},"50":{"start":{"line":142,"column":2},"end":{"line":142,"column":45}},"51":{"start":{"line":149,"column":17},"end":{"line":149,"column":46}},"52":{"start":{"line":150,"column":2},"end":{"line":152,"column":3}},"53":{"start":{"line":151,"column":3},"end":{"line":151,"column":12}},"54":{"start":{"line":154,"column":2},"end":{"line":154,"column":46}},"55":{"start":{"line":162,"column":2},"end":{"line":162,"column":14}},"56":{"start":{"line":169,"column":21},"end":{"line":169,"column":46}},"57":{"start":{"line":170,"column":21},"end":{"line":170,"column":51}},"58":{"start":{"line":172,"column":2},"end":{"line":174,"column":3}},"59":{"start":{"line":173,"column":3},"end":{"line":173,"column":76}},"60":{"start":{"line":176,"column":2},"end":{"line":176,"column":14}},"61":{"start":{"line":183,"column":21},"end":{"line":183,"column":46}},"62":{"start":{"line":184,"column":21},"end":{"line":184,"column":51}},"63":{"start":{"line":186,"column":2},"end":{"line":188,"column":3}},"64":{"start":{"line":187,"column":3},"end":{"line":187,"column":68}},"65":{"start":{"line":190,"column":2},"end":{"line":192,"column":3}},"66":{"start":{"line":191,"column":3},"end":{"line":191,"column":69}},"67":{"start":{"line":194,"column":2},"end":{"line":196,"column":3}},"68":{"start":{"line":195,"column":3},"end":{"line":195,"column":60}},"69":{"start":{"line":198,"column":2},"end":{"line":198,"column":14}},"70":{"start":{"line":205,"column":21},"end":{"line":205,"column":46}},"71":{"start":{"line":207,"column":2},"end":{"line":209,"column":3}},"72":{"start":{"line":208,"column":3},"end":{"line":208,"column":74}},"73":{"start":{"line":211,"column":2},"end":{"line":213,"column":3}},"74":{"start":{"line":212,"column":3},"end":{"line":212,"column":84}},"75":{"start":{"line":215,"column":2},"end":{"line":217,"column":3}},"76":{"start":{"line":216,"column":3},"end":{"line":216,"column":58}},"77":{"start":{"line":219,"column":17},"end":{"line":219,"column":41}},"78":{"start":{"line":220,"column":2},"end":{"line":222,"column":3}},"79":{"start":{"line":221,"column":3},"end":{"line":221,"column":66}},"80":{"start":{"line":224,"column":2},"end":{"line":226,"column":3}},"81":{"start":{"line":225,"column":3},"end":{"line":225,"column":59}},"82":{"start":{"line":228,"column":2},"end":{"line":228,"column":14}},"83":{"start":{"line":235,"column":21},"end":{"line":235,"column":46}},"84":{"start":{"line":237,"column":2},"end":{"line":239,"column":3}},"85":{"start":{"line":238,"column":3},"end":{"line":238,"column":69}},"86":{"start":{"line":241,"column":2},"end":{"line":243,"column":3}},"87":{"start":{"line":242,"column":3},"end":{"line":242,"column":60}},"88":{"start":{"line":245,"column":19},"end":{"line":245,"column":54}},"89":{"start":{"line":246,"column":19},"end":{"line":246,"column":55}},"90":{"start":{"line":248,"column":2},"end":{"line":250,"column":3}},"91":{"start":{"line":249,"column":3},"end":{"line":249,"column":70}},"92":{"start":{"line":252,"column":2},"end":{"line":254,"column":3}},"93":{"start":{"line":253,"column":3},"end":{"line":253,"column":70}},"94":{"start":{"line":256,"column":2},"end":{"line":256,"column":14}},"95":{"start":{"line":263,"column":2},"end":{"line":265,"column":3}},"96":{"start":{"line":264,"column":3},"end":{"line":264,"column":68}},"97":{"start":{"line":267,"column":2},"end":{"line":269,"column":3}},"98":{"start":{"line":268,"column":3},"end":{"line":268,"column":60}},"99":{"start":{"line":271,"column":2},"end":{"line":271,"column":14}},"100":{"start":{"line":278,"column":2},"end":{"line":278,"column":67}},"101":{"start":{"line":278,"column":44},"end":{"line":278,"column":65}},"102":{"start":{"line":285,"column":27},"end":{"line":285,"column":74}},"103":{"start":{"line":286,"column":25},"end":{"line":286,"column":70}},"104":{"start":{"line":288,"column":2},"end":{"line":290,"column":3}},"105":{"start":{"line":289,"column":3},"end":{"line":289,"column":48}},"106":{"start":{"line":293,"column":27},"end":{"line":293,"column":91}},"107":{"start":{"line":294,"column":2},"end":{"line":294,"column":62}},"108":{"start":{"line":297,"column":25},"end":{"line":297,"column":85}},"109":{"start":{"line":298,"column":2},"end":{"line":298,"column":58}},"110":{"start":{"line":301,"column":2},"end":{"line":301,"column":33}},"111":{"start":{"line":308,"column":17},"end":{"line":308,"column":53}},"112":{"start":{"line":309,"column":2},"end":{"line":311,"column":3}},"113":{"start":{"line":310,"column":3},"end":{"line":310,"column":39}},"114":{"start":{"line":314,"column":2},"end":{"line":314,"column":30}},"115":{"start":{"line":316,"column":2},"end":{"line":351,"column":3}},"116":{"start":{"line":318,"column":4},"end":{"line":318,"column":18}},"117":{"start":{"line":319,"column":4},"end":{"line":319,"column":10}},"118":{"start":{"line":322,"column":4},"end":{"line":322,"column":19}},"119":{"start":{"line":323,"column":4},"end":{"line":323,"column":10}},"120":{"start":{"line":326,"column":23},"end":{"line":326,"column":69}},"121":{"start":{"line":327,"column":4},"end":{"line":327,"column":54}},"122":{"start":{"line":328,"column":4},"end":{"line":328,"column":10}},"123":{"start":{"line":331,"column":4},"end":{"line":333,"column":5}},"124":{"start":{"line":332,"column":5},"end":{"line":332,"column":47}},"125":{"start":{"line":334,"column":4},"end":{"line":334,"column":57}},"126":{"start":{"line":335,"column":4},"end":{"line":335,"column":10}},"127":{"start":{"line":338,"column":4},"end":{"line":340,"column":5}},"128":{"start":{"line":339,"column":5},"end":{"line":339,"column":49}},"129":{"start":{"line":341,"column":24},"end":{"line":341,"column":57}},"130":{"start":{"line":342,"column":4},"end":{"line":342,"column":55}},"131":{"start":{"line":343,"column":4},"end":{"line":343,"column":10}},"132":{"start":{"line":346,"column":4},"end":{"line":346,"column":60}},"133":{"start":{"line":347,"column":4},"end":{"line":347,"column":10}},"134":{"start":{"line":350,"column":4},"end":{"line":350,"column":43}},"135":{"start":{"line":354,"column":2},"end":{"line":354,"column":33}},"136":{"start":{"line":361,"column":17},"end":{"line":361,"column":46}},"137":{"start":{"line":362,"column":2},"end":{"line":364,"column":3}},"138":{"start":{"line":363,"column":3},"end":{"line":363,"column":39}},"139":{"start":{"line":366,"column":21},"end":{"line":366,"column":60}},"140":{"start":{"line":369,"column":2},"end":{"line":381,"column":3}},"141":{"start":{"line":370,"column":3},"end":{"line":374,"column":5}},"142":{"start":{"line":376,"column":3},"end":{"line":380,"column":5}},"143":{"start":{"line":5,"column":0},"end":{"line":5,"column":13}}},"fnMap":{"0":{"name":"(anonymous_0)","decl":{"start":{"line":9,"column":1},"end":{"line":9,"column":7}},"loc":{"start":{"line":9,"column":59},"end":{"line":39,"column":2}}},"1":{"name":"(anonymous_1)","decl":{"start":{"line":44,"column":1},"end":{"line":44,"column":7}},"loc":{"start":{"line":44,"column":65},"end":{"line":117,"column":2}}},"2":{"name":"(anonymous_2)","decl":{"start":{"line":122,"column":1},"end":{"line":122,"column":7}},"loc":{"start":{"line":122,"column":60},"end":{"line":130,"column":2}}},"3":{"name":"(anonymous_3)","decl":{"start":{"line":135,"column":1},"end":{"line":135,"column":7}},"loc":{"start":{"line":135,"column":64},"end":{"line":143,"column":2}}},"4":{"name":"(anonymous_4)","decl":{"start":{"line":148,"column":1},"end":{"line":148,"column":7}},"loc":{"start":{"line":148,"column":64},"end":{"line":155,"column":2}}},"5":{"name":"(anonymous_5)","decl":{"start":{"line":160,"column":9},"end":{"line":160,"column":15}},"loc":{"start":{"line":160,"column":65},"end":{"line":163,"column":2}}},"6":{"name":"(anonymous_6)","decl":{"start":{"line":168,"column":9},"end":{"line":168,"column":15}},"loc":{"start":{"line":168,"column":66},"end":{"line":177,"column":2}}},"7":{"name":"(anonymous_7)","decl":{"start":{"line":182,"column":9},"end":{"line":182,"column":15}},"loc":{"start":{"line":182,"column":82},"end":{"line":199,"column":2}}},"8":{"name":"(anonymous_8)","decl":{"start":{"line":204,"column":9},"end":{"line":204,"column":15}},"loc":{"start":{"line":204,"column":81},"end":{"line":229,"column":2}}},"9":{"name":"(anonymous_9)","decl":{"start":{"line":234,"column":9},"end":{"line":234,"column":15}},"loc":{"start":{"line":234,"column":83},"end":{"line":257,"column":2}}},"10":{"name":"(anonymous_10)","decl":{"start":{"line":262,"column":9},"end":{"line":262,"column":15}},"loc":{"start":{"line":262,"column":66},"end":{"line":272,"column":2}}},"11":{"name":"(anonymous_11)","decl":{"start":{"line":277,"column":9},"end":{"line":277,"column":15}},"loc":{"start":{"line":277,"column":55},"end":{"line":279,"column":2}}},"12":{"name":"(anonymous_12)","decl":{"start":{"line":278,"column":32},"end":{"line":278,"column":33}},"loc":{"start":{"line":278,"column":44},"end":{"line":278,"column":65}}},"13":{"name":"(anonymous_13)","decl":{"start":{"line":284,"column":1},"end":{"line":284,"column":7}},"loc":{"start":{"line":284,"column":48},"end":{"line":302,"column":2}}},"14":{"name":"(anonymous_14)","decl":{"start":{"line":307,"column":1},"end":{"line":307,"column":7}},"loc":{"start":{"line":307,"column":58},"end":{"line":355,"column":2}}},"15":{"name":"(anonymous_15)","decl":{"start":{"line":360,"column":1},"end":{"line":360,"column":7}},"loc":{"start":{"line":360,"column":61},"end":{"line":382,"column":2}}}},"branchMap":{"0":{"loc":{"start":{"line":11,"column":2},"end":{"line":13,"column":3}},"type":"if","locations":[{"start":{"line":11,"column":2},"end":{"line":13,"column":3}},{"start":{},"end":{}}]},"1":{"loc":{"start":{"line":15,"column":2},"end":{"line":17,"column":3}},"type":"if","locations":[{"start":{"line":15,"column":2},"end":{"line":17,"column":3}},{"start":{},"end":{}}]},"2":{"loc":{"start":{"line":19,"column":2},"end":{"line":21,"column":3}},"type":"if","locations":[{"start":{"line":19,"column":2},"end":{"line":21,"column":3}},{"start":{},"end":{}}]},"3":{"loc":{"start":{"line":23,"column":2},"end":{"line":38,"column":3}},"type":"switch","locations":[{"start":{"line":24,"column":3},"end":{"line":25,"column":48}},{"start":{"line":26,"column":3},"end":{"line":27,"column":49}},{"start":{"line":28,"column":3},"end":{"line":29,"column":63}},{"start":{"line":30,"column":3},"end":{"line":31,"column":62}},{"start":{"line":32,"column":3},"end":{"line":33,"column":64}},{"start":{"line":34,"column":3},"end":{"line":35,"column":49}},{"start":{"line":36,"column":3},"end":{"line":37,"column":56}}]},"4":{"loc":{"start":{"line":46,"column":2},"end":{"line":48,"column":3}},"type":"if","locations":[{"start":{"line":46,"column":2},"end":{"line":48,"column":3}},{"start":{},"end":{}}]},"5":{"loc":{"start":{"line":46,"column":6},"end":{"line":46,"column":33}},"type":"binary-expr","locations":[{"start":{"line":46,"column":6},"end":{"line":46,"column":13}},{"start":{"line":46,"column":17},"end":{"line":46,"column":33}}]},"6":{"loc":{"start":{"line":55,"column":2},"end":{"line":60,"column":3}},"type":"if","locations":[{"start":{"line":55,"column":2},"end":{"line":60,"column":3}},{"start":{},"end":{}}]},"7":{"loc":{"start":{"line":63,"column":2},"end":{"line":75,"column":3}},"type":"if","locations":[{"start":{"line":63,"column":2},"end":{"line":75,"column":3}},{"start":{"line":68,"column":9},"end":{"line":75,"column":3}}]},"8":{"loc":{"start":{"line":68,"column":9},"end":{"line":75,"column":3}},"type":"if","locations":[{"start":{"line":68,"column":9},"end":{"line":75,"column":3}},{"start":{},"end":{}}]},"9":{"loc":{"start":{"line":78,"column":2},"end":{"line":104,"column":3}},"type":"if","locations":[{"start":{"line":78,"column":2},"end":{"line":104,"column":3}},{"start":{"line":91,"column":9},"end":{"line":104,"column":3}}]},"10":{"loc":{"start":{"line":78,"column":6},"end":{"line":78,"column":61}},"type":"binary-expr","locations":[{"start":{"line":78,"column":6},"end":{"line":78,"column":22}},{"start":{"line":78,"column":26},"end":{"line":78,"column":61}}]},"11":{"loc":{"start":{"line":83,"column":3},"end":{"line":90,"column":4}},"type":"if","locations":[{"start":{"line":83,"column":3},"end":{"line":90,"column":4}},{"start":{},"end":{}}]},"12":{"loc":{"start":{"line":91,"column":9},"end":{"line":104,"column":3}},"type":"if","locations":[{"start":{"line":91,"column":9},"end":{"line":104,"column":3}},{"start":{},"end":{}}]},"13":{"loc":{"start":{"line":96,"column":3},"end":{"line":103,"column":4}},"type":"if","locations":[{"start":{"line":96,"column":3},"end":{"line":103,"column":4}},{"start":{},"end":{}}]},"14":{"loc":{"start":{"line":107,"column":2},"end":{"line":114,"column":3}},"type":"if","locations":[{"start":{"line":107,"column":2},"end":{"line":114,"column":3}},{"start":{},"end":{}}]},"15":{"loc":{"start":{"line":107,"column":6},"end":{"line":107,"column":45}},"type":"binary-expr","locations":[{"start":{"line":107,"column":6},"end":{"line":107,"column":26}},{"start":{"line":107,"column":30},"end":{"line":107,"column":45}}]},"16":{"loc":{"start":{"line":124,"column":2},"end":{"line":126,"column":3}},"type":"if","locations":[{"start":{"line":124,"column":2},"end":{"line":126,"column":3}},{"start":{},"end":{}}]},"17":{"loc":{"start":{"line":137,"column":2},"end":{"line":139,"column":3}},"type":"if","locations":[{"start":{"line":137,"column":2},"end":{"line":139,"column":3}},{"start":{},"end":{}}]},"18":{"loc":{"start":{"line":150,"column":2},"end":{"line":152,"column":3}},"type":"if","locations":[{"start":{"line":150,"column":2},"end":{"line":152,"column":3}},{"start":{},"end":{}}]},"19":{"loc":{"start":{"line":172,"column":2},"end":{"line":174,"column":3}},"type":"if","locations":[{"start":{"line":172,"column":2},"end":{"line":174,"column":3}},{"start":{},"end":{}}]},"20":{"loc":{"start":{"line":186,"column":2},"end":{"line":188,"column":3}},"type":"if","locations":[{"start":{"line":186,"column":2},"end":{"line":188,"column":3}},{"start":{},"end":{}}]},"21":{"loc":{"start":{"line":190,"column":2},"end":{"line":192,"column":3}},"type":"if","locations":[{"start":{"line":190,"column":2},"end":{"line":192,"column":3}},{"start":{},"end":{}}]},"22":{"loc":{"start":{"line":190,"column":6},"end":{"line":190,"column":51}},"type":"binary-expr","locations":[{"start":{"line":190,"column":6},"end":{"line":190,"column":26}},{"start":{"line":190,"column":30},"end":{"line":190,"column":51}}]},"23":{"loc":{"start":{"line":194,"column":2},"end":{"line":196,"column":3}},"type":"if","locations":[{"start":{"line":194,"column":2},"end":{"line":196,"column":3}},{"start":{},"end":{}}]},"24":{"loc":{"start":{"line":207,"column":2},"end":{"line":209,"column":3}},"type":"if","locations":[{"start":{"line":207,"column":2},"end":{"line":209,"column":3}},{"start":{},"end":{}}]},"25":{"loc":{"start":{"line":211,"column":2},"end":{"line":213,"column":3}},"type":"if","locations":[{"start":{"line":211,"column":2},"end":{"line":213,"column":3}},{"start":{},"end":{}}]},"26":{"loc":{"start":{"line":215,"column":2},"end":{"line":217,"column":3}},"type":"if","locations":[{"start":{"line":215,"column":2},"end":{"line":217,"column":3}},{"start":{},"end":{}}]},"27":{"loc":{"start":{"line":220,"column":2},"end":{"line":222,"column":3}},"type":"if","locations":[{"start":{"line":220,"column":2},"end":{"line":222,"column":3}},{"start":{},"end":{}}]},"28":{"loc":{"start":{"line":224,"column":2},"end":{"line":226,"column":3}},"type":"if","locations":[{"start":{"line":224,"column":2},"end":{"line":226,"column":3}},{"start":{},"end":{}}]},"29":{"loc":{"start":{"line":237,"column":2},"end":{"line":239,"column":3}},"type":"if","locations":[{"start":{"line":237,"column":2},"end":{"line":239,"column":3}},{"start":{},"end":{}}]},"30":{"loc":{"start":{"line":241,"column":2},"end":{"line":243,"column":3}},"type":"if","locations":[{"start":{"line":241,"column":2},"end":{"line":243,"column":3}},{"start":{},"end":{}}]},"31":{"loc":{"start":{"line":248,"column":2},"end":{"line":250,"column":3}},"type":"if","locations":[{"start":{"line":248,"column":2},"end":{"line":250,"column":3}},{"start":{},"end":{}}]},"32":{"loc":{"start":{"line":248,"column":6},"end":{"line":248,"column":44}},"type":"binary-expr","locations":[{"start":{"line":248,"column":6},"end":{"line":248,"column":23}},{"start":{"line":248,"column":27},"end":{"line":248,"column":44}}]},"33":{"loc":{"start":{"line":252,"column":2},"end":{"line":254,"column":3}},"type":"if","locations":[{"start":{"line":252,"column":2},"end":{"line":254,"column":3}},{"start":{},"end":{}}]},"34":{"loc":{"start":{"line":263,"column":2},"end":{"line":265,"column":3}},"type":"if","locations":[{"start":{"line":263,"column":2},"end":{"line":265,"column":3}},{"start":{},"end":{}}]},"35":{"loc":{"start":{"line":267,"column":2},"end":{"line":269,"column":3}},"type":"if","locations":[{"start":{"line":267,"column":2},"end":{"line":269,"column":3}},{"start":{},"end":{}}]},"36":{"loc":{"start":{"line":288,"column":2},"end":{"line":290,"column":3}},"type":"if","locations":[{"start":{"line":288,"column":2},"end":{"line":290,"column":3}},{"start":{},"end":{}}]},"37":{"loc":{"start":{"line":288,"column":6},"end":{"line":288,"column":42}},"type":"binary-expr","locations":[{"start":{"line":288,"column":6},"end":{"line":288,"column":23}},{"start":{"line":288,"column":27},"end":{"line":288,"column":42}}]},"38":{"loc":{"start":{"line":309,"column":2},"end":{"line":311,"column":3}},"type":"if","locations":[{"start":{"line":309,"column":2},"end":{"line":311,"column":3}},{"start":{},"end":{}}]},"39":{"loc":{"start":{"line":316,"column":2},"end":{"line":351,"column":3}},"type":"switch","locations":[{"start":{"line":317,"column":3},"end":{"line":319,"column":10}},{"start":{"line":321,"column":3},"end":{"line":323,"column":10}},{"start":{"line":325,"column":3},"end":{"line":328,"column":10}},{"start":{"line":330,"column":3},"end":{"line":335,"column":10}},{"start":{"line":337,"column":3},"end":{"line":343,"column":10}},{"start":{"line":345,"column":3},"end":{"line":347,"column":10}},{"start":{"line":349,"column":3},"end":{"line":350,"column":43}}]},"40":{"loc":{"start":{"line":331,"column":4},"end":{"line":333,"column":5}},"type":"if","locations":[{"start":{"line":331,"column":4},"end":{"line":333,"column":5}},{"start":{},"end":{}}]},"41":{"loc":{"start":{"line":338,"column":4},"end":{"line":340,"column":5}},"type":"if","locations":[{"start":{"line":338,"column":4},"end":{"line":340,"column":5}},{"start":{},"end":{}}]},"42":{"loc":{"start":{"line":362,"column":2},"end":{"line":364,"column":3}},"type":"if","locations":[{"start":{"line":362,"column":2},"end":{"line":364,"column":3}},{"start":{},"end":{}}]},"43":{"loc":{"start":{"line":369,"column":2},"end":{"line":381,"column":3}},"type":"if","locations":[{"start":{"line":369,"column":2},"end":{"line":381,"column":3}},{"start":{"line":375,"column":9},"end":{"line":381,"column":3}}]}},"s":{"0":6,"1":71,"2":71,"3":3,"4":68,"5":1,"6":67,"7":3,"8":64,"9":32,"10":4,"11":14,"12":3,"13":4,"14":7,"15":0,"16":13,"17":13,"18":0,"19":13,"20":13,"21":13,"22":13,"23":8,"24":13,"25":5,"26":8,"27":7,"28":13,"29":1,"30":1,"31":1,"32":1,"33":12,"34":12,"35":12,"36":12,"37":10,"38":13,"39":13,"40":13,"41":17,"42":17,"43":0,"44":17,"45":17,"46":1,"47":1,"48":0,"49":1,"50":1,"51":1,"52":1,"53":0,"54":1,"55":32,"56":4,"57":4,"58":4,"59":1,"60":3,"61":14,"62":14,"63":14,"64":0,"65":14,"66":0,"67":14,"68":0,"69":14,"70":3,"71":3,"72":0,"73":3,"74":0,"75":3,"76":0,"77":3,"78":3,"79":1,"80":2,"81":0,"82":2,"83":4,"84":4,"85":0,"86":4,"87":0,"88":4,"89":4,"90":4,"91":0,"92":4,"93":0,"94":4,"95":7,"96":0,"97":7,"98":0,"99":7,"100":4,"101":12,"102":48,"103":48,"104":48,"105":0,"106":48,"107":48,"108":48,"109":48,"110":48,"111":54,"112":54,"113":0,"114":54,"115":54,"116":31,"117":31,"118":2,"119":2,"120":13,"121":13,"122":13,"123":0,"124":0,"125":0,"126":0,"127":3,"128":0,"129":3,"130":3,"131":3,"132":5,"133":5,"134":0,"135":54,"136":2,"137":2,"138":0,"139":2,"140":2,"141":0,"142":2,"143":6},"f":{"0":71,"1":13,"2":17,"3":1,"4":1,"5":32,"6":4,"7":14,"8":3,"9":4,"10":7,"11":4,"12":12,"13":48,"14":54,"15":2},"b":{"0":[3,68],"1":[1,67],"2":[3,64],"3":[32,4,14,3,4,7,0],"4":[0,13],"5":[13,13],"6":[8,5],"7":[5,8],"8":[7,1],"9":[1,12],"10":[13,1],"11":[1,0],"12":[12,0],"13":[10,2],"14":[13,0],"15":[13,13],"16":[0,17],"17":[0,1],"18":[0,1],"19":[1,3],"20":[0,14],"21":[0,14],"22":[14,2],"23":[0,14],"24":[0,3],"25":[0,3],"26":[0,3],"27":[1,2],"28":[0,2],"29":[0,4],"30":[0,4],"31":[0,4],"32":[4,0],"33":[0,4],"34":[0,7],"35":[0,7],"36":[0,48],"37":[48,48],"38":[0,54],"39":[31,2,13,0,3,5,0],"40":[0,0],"41":[0,3],"42":[0,2],"43":[0,2]}}
,"/Users/mastermind/Desktop/Programming/PokaiEngine/src/core/cards/Card.ts": {"path":"/Users/mastermind/Desktop/Programming/PokaiEngine/src/core/cards/Card.ts","statementMap":{"0":{"start":{"line":1,"column":0},"end":{"line":1,"column":64}},"1":{"start":{"line":4,"column":29},"end":{"line":4,"column":39}},"2":{"start":{"line":4,"column":57},"end":{"line":4,"column":67}},"3":{"start":{"line":11,"column":3},"end":{"line":21,"column":26}},"4":{"start":{"line":23,"column":2},"end":{"line":23,"column":34}},"5":{"start":{"line":31,"column":3},"end":{"line":39,"column":26}},"6":{"start":{"line":42,"column":3},"end":{"line":48,"column":14}},"7":{"start":{"line":50,"column":2},"end":{"line":50,"column":36}},"8":{"start":{"line":57,"column":2},"end":{"line":57,"column":62}},"9":{"start":{"line":64,"column":2},"end":{"line":64,"column":32}},"10":{"start":{"line":71,"column":2},"end":{"line":71,"column":66}},"11":{"start":{"line":78,"column":2},"end":{"line":78,"column":63}},"12":{"start":{"line":85,"column":2},"end":{"line":87,"column":3}},"13":{"start":{"line":86,"column":3},"end":{"line":86,"column":54}},"14":{"start":{"line":89,"column":19},"end":{"line":89,"column":29}},"15":{"start":{"line":90,"column":19},"end":{"line":90,"column":29}},"16":{"start":{"line":93,"column":2},"end":{"line":121,"column":3}},"17":{"start":{"line":95,"column":4},"end":{"line":95,"column":20}},"18":{"start":{"line":96,"column":4},"end":{"line":96,"column":10}},"19":{"start":{"line":98,"column":4},"end":{"line":98,"column":21}},"20":{"start":{"line":99,"column":4},"end":{"line":99,"column":10}},"21":{"start":{"line":101,"column":4},"end":{"line":101,"column":22}},"22":{"start":{"line":102,"column":4},"end":{"line":102,"column":10}},"23":{"start":{"line":104,"column":4},"end":{"line":104,"column":21}},"24":{"start":{"line":105,"column":4},"end":{"line":105,"column":10}},"25":{"start":{"line":114,"column":4},"end":{"line":114,"column":38}},"26":{"start":{"line":115,"column":4},"end":{"line":115,"column":10}},"27":{"start":{"line":117,"column":4},"end":{"line":117,"column":20}},"28":{"start":{"line":118,"column":4},"end":{"line":118,"column":10}},"29":{"start":{"line":120,"column":4},"end":{"line":120,"column":59}},"30":{"start":{"line":124,"column":2},"end":{"line":139,"column":3}},"31":{"start":{"line":126,"column":4},"end":{"line":126,"column":23}},"32":{"start":{"line":127,"column":4},"end":{"line":127,"column":10}},"33":{"start":{"line":129,"column":4},"end":{"line":129,"column":25}},"34":{"start":{"line":130,"column":4},"end":{"line":130,"column":10}},"35":{"start":{"line":132,"column":4},"end":{"line":132,"column":22}},"36":{"start":{"line":133,"column":4},"end":{"line":133,"column":10}},"37":{"start":{"line":135,"column":4},"end":{"line":135,"column":23}},"38":{"start":{"line":136,"column":4},"end":{"line":136,"column":10}},"39":{"start":{"line":138,"column":4},"end":{"line":138,"column":59}},"40":{"start":{"line":141,"column":2},"end":{"line":141,"column":30}},"41":{"start":{"line":148,"column":2},"end":{"line":148,"column":56}},"42":{"start":{"line":148,"column":34},"end":{"line":148,"column":54}},"43":{"start":{"line":155,"column":2},"end":{"line":158,"column":4}},"44":{"start":{"line":165,"column":2},"end":{"line":165,"column":38}},"45":{"start":{"line":3,"column":0},"end":{"line":3,"column":13}}},"fnMap":{"0":{"name":"(anonymous_0)","decl":{"start":{"line":4,"column":1},"end":{"line":4,"column":29}},"loc":{"start":{"line":4,"column":67},"end":{"line":4,"column":71}}},"1":{"name":"(anonymous_1)","decl":{"start":{"line":9,"column":1},"end":{"line":9,"column":9}},"loc":{"start":{"line":9,"column":9},"end":{"line":24,"column":2}}},"2":{"name":"(anonymous_2)","decl":{"start":{"line":29,"column":1},"end":{"line":29,"column":16}},"loc":{"start":{"line":29,"column":16},"end":{"line":51,"column":2}}},"3":{"name":"(anonymous_3)","decl":{"start":{"line":56,"column":1},"end":{"line":56,"column":7}},"loc":{"start":{"line":56,"column":19},"end":{"line":58,"column":2}}},"4":{"name":"(anonymous_4)","decl":{"start":{"line":63,"column":1},"end":{"line":63,"column":12}},"loc":{"start":{"line":63,"column":24},"end":{"line":65,"column":2}}},"5":{"name":"(anonymous_5)","decl":{"start":{"line":70,"column":1},"end":{"line":70,"column":6}},"loc":{"start":{"line":70,"column":6},"end":{"line":72,"column":2}}},"6":{"name":"(anonymous_6)","decl":{"start":{"line":77,"column":1},"end":{"line":77,"column":8}},"loc":{"start":{"line":77,"column":8},"end":{"line":79,"column":2}}},"7":{"name":"(anonymous_7)","decl":{"start":{"line":84,"column":1},"end":{"line":84,"column":7}},"loc":{"start":{"line":84,"column":34},"end":{"line":142,"column":2}}},"8":{"name":"(anonymous_8)","decl":{"start":{"line":147,"column":1},"end":{"line":147,"column":7}},"loc":{"start":{"line":147,"column":41},"end":{"line":149,"column":2}}},"9":{"name":"(anonymous_9)","decl":{"start":{"line":148,"column":25},"end":{"line":148,"column":26}},"loc":{"start":{"line":148,"column":34},"end":{"line":148,"column":54}}},"10":{"name":"(anonymous_10)","decl":{"start":{"line":154,"column":1},"end":{"line":154,"column":7}},"loc":{"start":{"line":154,"column":7},"end":{"line":159,"column":2}}},"11":{"name":"(anonymous_11)","decl":{"start":{"line":164,"column":1},"end":{"line":164,"column":7}},"loc":{"start":{"line":164,"column":35},"end":{"line":166,"column":2}}}},"branchMap":{"0":{"loc":{"start":{"line":11,"column":3},"end":{"line":21,"column":26}},"type":"cond-expr","locations":[{"start":{"line":12,"column":6},"end":{"line":12,"column":9}},{"start":{"line":13,"column":6},"end":{"line":21,"column":26}}]},"1":{"loc":{"start":{"line":13,"column":6},"end":{"line":21,"column":26}},"type":"cond-expr","locations":[{"start":{"line":14,"column":6},"end":{"line":14,"column":9}},{"start":{"line":15,"column":6},"end":{"line":21,"column":26}}]},"2":{"loc":{"start":{"line":15,"column":6},"end":{"line":21,"column":26}},"type":"cond-expr","locations":[{"start":{"line":16,"column":6},"end":{"line":16,"column":9}},{"start":{"line":17,"column":6},"end":{"line":21,"column":26}}]},"3":{"loc":{"start":{"line":17,"column":6},"end":{"line":21,"column":26}},"type":"cond-expr","locations":[{"start":{"line":18,"column":6},"end":{"line":18,"column":9}},{"start":{"line":19,"column":6},"end":{"line":21,"column":26}}]},"4":{"loc":{"start":{"line":19,"column":6},"end":{"line":21,"column":26}},"type":"cond-expr","locations":[{"start":{"line":20,"column":6},"end":{"line":20,"column":9}},{"start":{"line":21,"column":6},"end":{"line":21,"column":26}}]},"5":{"loc":{"start":{"line":31,"column":3},"end":{"line":39,"column":26}},"type":"cond-expr","locations":[{"start":{"line":32,"column":6},"end":{"line":32,"column":11}},{"start":{"line":33,"column":6},"end":{"line":39,"column":26}}]},"6":{"loc":{"start":{"line":33,"column":6},"end":{"line":39,"column":26}},"type":"cond-expr","locations":[{"start":{"line":34,"column":6},"end":{"line":34,"column":12}},{"start":{"line":35,"column":6},"end":{"line":39,"column":26}}]},"7":{"loc":{"start":{"line":35,"column":6},"end":{"line":39,"column":26}},"type":"cond-expr","locations":[{"start":{"line":36,"column":6},"end":{"line":36,"column":13}},{"start":{"line":37,"column":6},"end":{"line":39,"column":26}}]},"8":{"loc":{"start":{"line":37,"column":6},"end":{"line":39,"column":26}},"type":"cond-expr","locations":[{"start":{"line":38,"column":6},"end":{"line":38,"column":12}},{"start":{"line":39,"column":6},"end":{"line":39,"column":26}}]},"9":{"loc":{"start":{"line":42,"column":3},"end":{"line":48,"column":14}},"type":"cond-expr","locations":[{"start":{"line":43,"column":6},"end":{"line":43,"column":14}},{"start":{"line":44,"column":6},"end":{"line":48,"column":14}}]},"10":{"loc":{"start":{"line":44,"column":6},"end":{"line":48,"column":14}},"type":"cond-expr","locations":[{"start":{"line":45,"column":6},"end":{"line":45,"column":16}},{"start":{"line":46,"column":6},"end":{"line":48,"column":14}}]},"11":{"loc":{"start":{"line":46,"column":6},"end":{"line":48,"column":14}},"type":"cond-expr","locations":[{"start":{"line":47,"column":6},"end":{"line":47,"column":13}},{"start":{"line":48,"column":6},"end":{"line":48,"column":14}}]},"12":{"loc":{"start":{"line":57,"column":9},"end":{"line":57,"column":61}},"type":"binary-expr","locations":[{"start":{"line":57,"column":9},"end":{"line":57,"column":33}},{"start":{"line":57,"column":37},"end":{"line":57,"column":61}}]},"13":{"loc":{"start":{"line":71,"column":9},"end":{"line":71,"column":65}},"type":"binary-expr","locations":[{"start":{"line":71,"column":9},"end":{"line":71,"column":34}},{"start":{"line":71,"column":38},"end":{"line":71,"column":65}}]},"14":{"loc":{"start":{"line":78,"column":9},"end":{"line":78,"column":62}},"type":"binary-expr","locations":[{"start":{"line":78,"column":9},"end":{"line":78,"column":33}},{"start":{"line":78,"column":37},"end":{"line":78,"column":62}}]},"15":{"loc":{"start":{"line":85,"column":2},"end":{"line":87,"column":3}},"type":"if","locations":[{"start":{"line":85,"column":2},"end":{"line":87,"column":3}},{"start":{},"end":{}}]},"16":{"loc":{"start":{"line":93,"column":2},"end":{"line":121,"column":3}},"type":"switch","locations":[{"start":{"line":94,"column":3},"end":{"line":96,"column":10}},{"start":{"line":97,"column":3},"end":{"line":99,"column":10}},{"start":{"line":100,"column":3},"end":{"line":102,"column":10}},{"start":{"line":103,"column":3},"end":{"line":105,"column":10}},{"start":{"line":106,"column":3},"end":{"line":106,"column":12}},{"start":{"line":107,"column":3},"end":{"line":107,"column":12}},{"start":{"line":108,"column":3},"end":{"line":108,"column":12}},{"start":{"line":109,"column":3},"end":{"line":109,"column":12}},{"start":{"line":110,"column":3},"end":{"line":110,"column":12}},{"start":{"line":111,"column":3},"end":{"line":111,"column":12}},{"start":{"line":112,"column":3},"end":{"line":112,"column":12}},{"start":{"line":113,"column":3},"end":{"line":115,"column":10}},{"start":{"line":116,"column":3},"end":{"line":118,"column":10}},{"start":{"line":119,"column":3},"end":{"line":120,"column":59}}]},"17":{"loc":{"start":{"line":124,"column":2},"end":{"line":139,"column":3}},"type":"switch","locations":[{"start":{"line":125,"column":3},"end":{"line":127,"column":10}},{"start":{"line":128,"column":3},"end":{"line":130,"column":10}},{"start":{"line":131,"column":3},"end":{"line":133,"column":10}},{"start":{"line":134,"column":3},"end":{"line":136,"column":10}},{"start":{"line":137,"column":3},"end":{"line":138,"column":59}}]}},"s":{"0":10,"1":61766,"2":61766,"3":624,"4":624,"5":3,"6":3,"7":3,"8":60,"9":3,"10":4,"11":4,"12":85,"13":5,"14":80,"15":80,"16":80,"17":10,"18":10,"19":7,"20":7,"21":5,"22":5,"23":5,"24":5,"25":43,"26":43,"27":6,"28":6,"29":4,"30":76,"31":20,"32":20,"33":18,"34":18,"35":17,"36":17,"37":19,"38":19,"39":2,"40":74,"41":1,"42":3,"43":6,"44":5,"45":10},"f":{"0":61766,"1":624,"2":3,"3":60,"4":3,"5":4,"6":4,"7":85,"8":1,"9":3,"10":6,"11":5},"b":{"0":[48,576],"1":[50,526],"2":[48,478],"3":[49,429],"4":[49,380],"5":[1,2],"6":[1,1],"7":[0,1],"8":[0,1],"9":[1,2],"10":[1,1],"11":[0,1],"12":[60,59],"13":[4,3],"14":[4,3],"15":[5,80],"16":[10,7,5,5,7,12,17,22,27,32,37,43,6,4],"17":[20,18,17,19,2]}}
,"/Users/mastermind/Desktop/Programming/PokaiEngine/src/core/cards/Deck.ts": {"path":"/Users/mastermind/Desktop/Programming/PokaiEngine/src/core/cards/Deck.ts","statementMap":{"0":{"start":{"line":1,"column":0},"end":{"line":1,"column":41}},"1":{"start":{"line":2,"column":0},"end":{"line":2,"column":30}},"2":{"start":{"line":5,"column":9},"end":{"line":5,"column":28}},"3":{"start":{"line":6,"column":9},"end":{"line":6,"column":33}},"4":{"start":{"line":9,"column":2},"end":{"line":9,"column":15}},"5":{"start":{"line":16,"column":2},"end":{"line":16,"column":18}},"6":{"start":{"line":17,"column":2},"end":{"line":17,"column":23}},"7":{"start":{"line":20,"column":2},"end":{"line":26,"column":3}},"8":{"start":{"line":21,"column":3},"end":{"line":25,"column":4}},"9":{"start":{"line":22,"column":4},"end":{"line":24,"column":5}},"10":{"start":{"line":23,"column":5},"end":{"line":23,"column":43}},"11":{"start":{"line":33,"column":2},"end":{"line":36,"column":3}},"12":{"start":{"line":33,"column":15},"end":{"line":33,"column":36}},"13":{"start":{"line":34,"column":13},"end":{"line":34,"column":48}},"14":{"start":{"line":35,"column":3},"end":{"line":35,"column":67}},"15":{"start":{"line":43,"column":2},"end":{"line":45,"column":3}},"16":{"start":{"line":44,"column":3},"end":{"line":44,"column":50}},"17":{"start":{"line":47,"column":15},"end":{"line":47,"column":32}},"18":{"start":{"line":48,"column":2},"end":{"line":48,"column":29}},"19":{"start":{"line":49,"column":2},"end":{"line":49,"column":14}},"20":{"start":{"line":56,"column":2},"end":{"line":58,"column":3}},"21":{"start":{"line":57,"column":3},"end":{"line":57,"column":86}},"22":{"start":{"line":60,"column":24},"end":{"line":60,"column":26}},"23":{"start":{"line":61,"column":2},"end":{"line":63,"column":3}},"24":{"start":{"line":61,"column":15},"end":{"line":61,"column":16}},"25":{"start":{"line":62,"column":3},"end":{"line":62,"column":31}},"26":{"start":{"line":65,"column":2},"end":{"line":65,"column":15}},"27":{"start":{"line":72,"column":2},"end":{"line":74,"column":3}},"28":{"start":{"line":73,"column":3},"end":{"line":73,"column":91}},"29":{"start":{"line":76,"column":30},"end":{"line":76,"column":32}},"30":{"start":{"line":79,"column":2},"end":{"line":81,"column":3}},"31":{"start":{"line":79,"column":15},"end":{"line":79,"column":16}},"32":{"start":{"line":80,"column":3},"end":{"line":80,"column":37}},"33":{"start":{"line":84,"column":2},"end":{"line":86,"column":3}},"34":{"start":{"line":84,"column":15},"end":{"line":84,"column":16}},"35":{"start":{"line":85,"column":3},"end":{"line":85,"column":38}},"36":{"start":{"line":88,"column":2},"end":{"line":88,"column":19}},"37":{"start":{"line":95,"column":2},"end":{"line":95,"column":18}},"38":{"start":{"line":96,"column":2},"end":{"line":96,"column":27}},"39":{"start":{"line":103,"column":2},"end":{"line":103,"column":18}},"40":{"start":{"line":104,"column":2},"end":{"line":104,"column":25}},"41":{"start":{"line":111,"column":2},"end":{"line":111,"column":18}},"42":{"start":{"line":112,"column":2},"end":{"line":112,"column":25}},"43":{"start":{"line":119,"column":2},"end":{"line":121,"column":3}},"44":{"start":{"line":120,"column":3},"end":{"line":120,"column":55}},"45":{"start":{"line":123,"column":21},"end":{"line":123,"column":38}},"46":{"start":{"line":124,"column":2},"end":{"line":124,"column":35}},"47":{"start":{"line":131,"column":2},"end":{"line":131,"column":27}},"48":{"start":{"line":138,"column":2},"end":{"line":138,"column":32}},"49":{"start":{"line":145,"column":2},"end":{"line":145,"column":33}},"50":{"start":{"line":152,"column":2},"end":{"line":152,"column":25}},"51":{"start":{"line":159,"column":2},"end":{"line":159,"column":30}},"52":{"start":{"line":166,"column":15},"end":{"line":166,"column":25}},"53":{"start":{"line":167,"column":2},"end":{"line":167,"column":26}},"54":{"start":{"line":168,"column":2},"end":{"line":168,"column":23}},"55":{"start":{"line":169,"column":2},"end":{"line":169,"column":14}},"56":{"start":{"line":176,"column":16},"end":{"line":176,"column":45}},"57":{"start":{"line":177,"column":2},"end":{"line":177,"column":31}},"58":{"start":{"line":184,"column":19},"end":{"line":184,"column":54}},"59":{"start":{"line":186,"column":2},"end":{"line":188,"column":3}},"60":{"start":{"line":187,"column":3},"end":{"line":187,"column":16}},"61":{"start":{"line":191,"column":22},"end":{"line":191,"column":61}},"62":{"start":{"line":191,"column":45},"end":{"line":191,"column":60}},"63":{"start":{"line":192,"column":22},"end":{"line":192,"column":42}},"64":{"start":{"line":194,"column":2},"end":{"line":194,"column":33}},"65":{"start":{"line":4,"column":0},"end":{"line":4,"column":13}}},"fnMap":{"0":{"name":"(anonymous_0)","decl":{"start":{"line":8,"column":1},"end":{"line":8,"column":null}},"loc":{"start":{"line":8,"column":1},"end":{"line":10,"column":2}}},"1":{"name":"(anonymous_1)","decl":{"start":{"line":15,"column":1},"end":{"line":15,"column":6}},"loc":{"start":{"line":15,"column":6},"end":{"line":27,"column":2}}},"2":{"name":"(anonymous_2)","decl":{"start":{"line":32,"column":1},"end":{"line":32,"column":8}},"loc":{"start":{"line":32,"column":8},"end":{"line":37,"column":2}}},"3":{"name":"(anonymous_3)","decl":{"start":{"line":42,"column":1},"end":{"line":42,"column":9}},"loc":{"start":{"line":42,"column":9},"end":{"line":50,"column":2}}},"4":{"name":"(anonymous_4)","decl":{"start":{"line":55,"column":1},"end":{"line":55,"column":10}},"loc":{"start":{"line":55,"column":24},"end":{"line":66,"column":2}}},"5":{"name":"(anonymous_5)","decl":{"start":{"line":71,"column":1},"end":{"line":71,"column":14}},"loc":{"start":{"line":71,"column":34},"end":{"line":89,"column":2}}},"6":{"name":"(anonymous_6)","decl":{"start":{"line":94,"column":1},"end":{"line":94,"column":9}},"loc":{"start":{"line":94,"column":9},"end":{"line":97,"column":2}}},"7":{"name":"(anonymous_7)","decl":{"start":{"line":102,"column":1},"end":{"line":102,"column":9}},"loc":{"start":{"line":102,"column":9},"end":{"line":105,"column":2}}},"8":{"name":"(anonymous_8)","decl":{"start":{"line":110,"column":1},"end":{"line":110,"column":10}},"loc":{"start":{"line":110,"column":10},"end":{"line":113,"column":2}}},"9":{"name":"(anonymous_9)","decl":{"start":{"line":118,"column":9},"end":{"line":118,"column":17}},"loc":{"start":{"line":118,"column":17},"end":{"line":125,"column":2}}},"10":{"name":"(anonymous_10)","decl":{"start":{"line":130,"column":1},"end":{"line":130,"column":15}},"loc":{"start":{"line":130,"column":15},"end":{"line":132,"column":2}}},"11":{"name":"(anonymous_11)","decl":{"start":{"line":137,"column":1},"end":{"line":137,"column":11}},"loc":{"start":{"line":137,"column":11},"end":{"line":139,"column":2}}},"12":{"name":"(anonymous_12)","decl":{"start":{"line":144,"column":1},"end":{"line":144,"column":8}},"loc":{"start":{"line":144,"column":8},"end":{"line":146,"column":2}}},"13":{"name":"(anonymous_13)","decl":{"start":{"line":151,"column":1},"end":{"line":151,"column":18}},"loc":{"start":{"line":151,"column":18},"end":{"line":153,"column":2}}},"14":{"name":"(anonymous_14)","decl":{"start":{"line":158,"column":1},"end":{"line":158,"column":14}},"loc":{"start":{"line":158,"column":14},"end":{"line":160,"column":2}}},"15":{"name":"(anonymous_15)","decl":{"start":{"line":165,"column":1},"end":{"line":165,"column":7}},"loc":{"start":{"line":165,"column":31},"end":{"line":170,"column":2}}},"16":{"name":"(anonymous_16)","decl":{"start":{"line":175,"column":1},"end":{"line":175,"column":7}},"loc":{"start":{"line":175,"column":41},"end":{"line":178,"column":2}}},"17":{"name":"(anonymous_17)","decl":{"start":{"line":183,"column":1},"end":{"line":183,"column":9}},"loc":{"start":{"line":183,"column":9},"end":{"line":195,"column":2}}},"18":{"name":"(anonymous_18)","decl":{"start":{"line":191,"column":35},"end":{"line":191,"column":36}},"loc":{"start":{"line":191,"column":45},"end":{"line":191,"column":60}}}},"branchMap":{"0":{"loc":{"start":{"line":22,"column":4},"end":{"line":24,"column":5}},"type":"if","locations":[{"start":{"line":22,"column":4},"end":{"line":24,"column":5}},{"start":{},"end":{}}]},"1":{"loc":{"start":{"line":43,"column":2},"end":{"line":45,"column":3}},"type":"if","locations":[{"start":{"line":43,"column":2},"end":{"line":45,"column":3}},{"start":{},"end":{}}]},"2":{"loc":{"start":{"line":56,"column":2},"end":{"line":58,"column":3}},"type":"if","locations":[{"start":{"line":56,"column":2},"end":{"line":58,"column":3}},{"start":{},"end":{}}]},"3":{"loc":{"start":{"line":72,"column":2},"end":{"line":74,"column":3}},"type":"if","locations":[{"start":{"line":72,"column":2},"end":{"line":74,"column":3}},{"start":{},"end":{}}]},"4":{"loc":{"start":{"line":119,"column":2},"end":{"line":121,"column":3}},"type":"if","locations":[{"start":{"line":119,"column":2},"end":{"line":121,"column":3}},{"start":{},"end":{}}]},"5":{"loc":{"start":{"line":186,"column":2},"end":{"line":188,"column":3}},"type":"if","locations":[{"start":{"line":186,"column":2},"end":{"line":188,"column":3}},{"start":{},"end":{}}]}},"s":{"0":6,"1":6,"2":1124,"3":1124,"4":1124,"5":1174,"6":1174,"7":1174,"8":4696,"9":122096,"10":61048,"11":1060,"12":1060,"13":54060,"14":54060,"15":7764,"16":3,"17":7761,"18":7761,"19":7761,"20":2021,"21":2,"22":2019,"23":2019,"24":2019,"25":7105,"26":2019,"27":54,"28":0,"29":54,"30":54,"31":54,"32":188,"33":54,"34":54,"35":188,"36":54,"37":20,"38":19,"39":7,"40":6,"41":5,"42":4,"43":32,"44":3,"45":29,"46":29,"47":19,"48":0,"49":0,"50":5,"51":0,"52":0,"53":0,"54":0,"55":0,"56":0,"57":0,"58":4,"59":4,"60":0,"61":4,"62":208,"63":4,"64":4,"65":6},"f":{"0":1124,"1":1174,"2":1060,"3":7764,"4":2021,"5":54,"6":20,"7":7,"8":5,"9":32,"10":19,"11":0,"12":0,"13":5,"14":0,"15":0,"16":0,"17":4,"18":208},"b":{"0":[61048,61048],"1":[3,7761],"2":[2,2019],"3":[0,54],"4":[3,29],"5":[0,4]}}
,"/Users/mastermind/Desktop/Programming/PokaiEngine/src/core/cards/HandEvaluator.ts": {"path":"/Users/mastermind/Desktop/Programming/PokaiEngine/src/core/cards/HandEvaluator.ts","statementMap":{"0":{"start":{"line":1,"column":0},"end":{"line":1,"column":61}},"1":{"start":{"line":9,"column":19},"end":{"line":9,"column":52}},"2":{"start":{"line":11,"column":2},"end":{"line":13,"column":3}},"3":{"start":{"line":12,"column":3},"end":{"line":12,"column":61}},"4":{"start":{"line":16,"column":23},"end":{"line":16,"column":61}},"5":{"start":{"line":19,"column":40},"end":{"line":19,"column":44}},"6":{"start":{"line":21,"column":2},"end":{"line":27,"column":3}},"7":{"start":{"line":22,"column":22},"end":{"line":22,"column":60}},"8":{"start":{"line":24,"column":3},"end":{"line":26,"column":4}},"9":{"start":{"line":25,"column":4},"end":{"line":25,"column":26}},"10":{"start":{"line":29,"column":2},"end":{"line":29,"column":19}},"11":{"start":{"line":36,"column":2},"end":{"line":38,"column":3}},"12":{"start":{"line":37,"column":3},"end":{"line":37,"column":56}},"13":{"start":{"line":41,"column":22},"end":{"line":41,"column":64}},"14":{"start":{"line":41,"column":48},"end":{"line":41,"column":63}},"15":{"start":{"line":46,"column":2},"end":{"line":53,"column":3}},"16":{"start":{"line":47,"column":3},"end":{"line":52,"column":5}},"17":{"start":{"line":56,"column":2},"end":{"line":82,"column":3}},"18":{"start":{"line":58,"column":3},"end":{"line":75,"column":4}},"19":{"start":{"line":60,"column":23},"end":{"line":60,"column":39}},"20":{"start":{"line":62,"column":4},"end":{"line":66,"column":7}},"21":{"start":{"line":63,"column":5},"end":{"line":63,"column":39}},"22":{"start":{"line":63,"column":30},"end":{"line":63,"column":39}},"23":{"start":{"line":64,"column":5},"end":{"line":64,"column":40}},"24":{"start":{"line":64,"column":30},"end":{"line":64,"column":40}},"25":{"start":{"line":65,"column":5},"end":{"line":65,"column":28}},"26":{"start":{"line":67,"column":4},"end":{"line":74,"column":6}},"27":{"start":{"line":76,"column":3},"end":{"line":81,"column":5}},"28":{"start":{"line":85,"column":22},"end":{"line":85,"column":54}},"29":{"start":{"line":86,"column":2},"end":{"line":94,"column":3}},"30":{"start":{"line":87,"column":18},"end":{"line":87,"column":71}},"31":{"start":{"line":87,"column":42},"end":{"line":87,"column":69}},"32":{"start":{"line":88,"column":3},"end":{"line":93,"column":5}},"33":{"start":{"line":97,"column":20},"end":{"line":97,"column":50}},"34":{"start":{"line":98,"column":2},"end":{"line":108,"column":3}},"35":{"start":{"line":99,"column":3},"end":{"line":107,"column":5}},"36":{"start":{"line":111,"column":2},"end":{"line":118,"column":3}},"37":{"start":{"line":112,"column":3},"end":{"line":117,"column":5}},"38":{"start":{"line":121,"column":2},"end":{"line":147,"column":3}},"39":{"start":{"line":123,"column":3},"end":{"line":140,"column":4}},"40":{"start":{"line":125,"column":23},"end":{"line":125,"column":39}},"41":{"start":{"line":127,"column":4},"end":{"line":131,"column":7}},"42":{"start":{"line":128,"column":5},"end":{"line":128,"column":39}},"43":{"start":{"line":128,"column":30},"end":{"line":128,"column":39}},"44":{"start":{"line":129,"column":5},"end":{"line":129,"column":40}},"45":{"start":{"line":129,"column":30},"end":{"line":129,"column":40}},"46":{"start":{"line":130,"column":5},"end":{"line":130,"column":28}},"47":{"start":{"line":132,"column":4},"end":{"line":139,"column":6}},"48":{"start":{"line":141,"column":3},"end":{"line":146,"column":5}},"49":{"start":{"line":150,"column":23},"end":{"line":150,"column":56}},"50":{"start":{"line":151,"column":2},"end":{"line":159,"column":3}},"51":{"start":{"line":152,"column":19},"end":{"line":152,"column":74}},"52":{"start":{"line":152,"column":45},"end":{"line":152,"column":73}},"53":{"start":{"line":153,"column":3},"end":{"line":158,"column":5}},"54":{"start":{"line":162,"column":18},"end":{"line":162,"column":46}},"55":{"start":{"line":163,"column":2},"end":{"line":177,"column":3}},"56":{"start":{"line":164,"column":18},"end":{"line":165,"column":null}},"57":{"start":{"line":165,"column":11},"end":{"line":165,"column":70}},"58":{"start":{"line":167,"column":3},"end":{"line":176,"column":5}},"59":{"start":{"line":180,"column":18},"end":{"line":180,"column":46}},"60":{"start":{"line":181,"column":2},"end":{"line":189,"column":3}},"61":{"start":{"line":182,"column":19},"end":{"line":182,"column":69}},"62":{"start":{"line":182,"column":45},"end":{"line":182,"column":68}},"63":{"start":{"line":183,"column":3},"end":{"line":188,"column":5}},"64":{"start":{"line":192,"column":2},"end":{"line":197,"column":4}},"65":{"start":{"line":205,"column":2},"end":{"line":205,"column":42}},"66":{"start":{"line":205,"column":33},"end":{"line":205,"column":42}},"67":{"start":{"line":206,"column":2},"end":{"line":206,"column":43}},"68":{"start":{"line":206,"column":33},"end":{"line":206,"column":43}},"69":{"start":{"line":207,"column":2},"end":{"line":207,"column":11}},"70":{"start":{"line":214,"column":33},"end":{"line":214,"column":35}},"71":{"start":{"line":216,"column":18},"end":{"line":227,"column":3}},"72":{"start":{"line":217,"column":3},"end":{"line":220,"column":4}},"73":{"start":{"line":218,"column":4},"end":{"line":218,"column":34}},"74":{"start":{"line":219,"column":4},"end":{"line":219,"column":11}},"75":{"start":{"line":222,"column":3},"end":{"line":226,"column":4}},"76":{"start":{"line":222,"column":16},"end":{"line":222,"column":21}},"77":{"start":{"line":223,"column":4},"end":{"line":223,"column":25}},"78":{"start":{"line":224,"column":4},"end":{"line":224,"column":26}},"79":{"start":{"line":225,"column":4},"end":{"line":225,"column":16}},"80":{"start":{"line":229,"column":2},"end":{"line":229,"column":17}},"81":{"start":{"line":230,"column":2},"end":{"line":230,"column":22}},"82":{"start":{"line":237,"column":2},"end":{"line":237,"column":85}},"83":{"start":{"line":244,"column":2},"end":{"line":244,"column":55}},"84":{"start":{"line":251,"column":15},"end":{"line":251,"column":28}},"85":{"start":{"line":252,"column":2},"end":{"line":252,"column":51}},"86":{"start":{"line":252,"column":31},"end":{"line":252,"column":49}},"87":{"start":{"line":259,"column":16},"end":{"line":259,"column":62}},"88":{"start":{"line":259,"column":33},"end":{"line":259,"column":39}},"89":{"start":{"line":259,"column":56},"end":{"line":259,"column":61}},"90":{"start":{"line":262,"column":2},"end":{"line":269,"column":3}},"91":{"start":{"line":262,"column":15},"end":{"line":262,"column":16}},"92":{"start":{"line":263,"column":3},"end":{"line":265,"column":4}},"93":{"start":{"line":264,"column":4},"end":{"line":264,"column":10}},"94":{"start":{"line":266,"column":3},"end":{"line":268,"column":4}},"95":{"start":{"line":267,"column":4},"end":{"line":267,"column":16}},"96":{"start":{"line":272,"column":2},"end":{"line":280,"column":3}},"97":{"start":{"line":279,"column":3},"end":{"line":279,"column":15}},"98":{"start":{"line":282,"column":2},"end":{"line":282,"column":15}},"99":{"start":{"line":289,"column":16},"end":{"line":289,"column":62}},"100":{"start":{"line":289,"column":33},"end":{"line":289,"column":39}},"101":{"start":{"line":289,"column":56},"end":{"line":289,"column":61}},"102":{"start":{"line":290,"column":2},"end":{"line":296,"column":4}},"103":{"start":{"line":303,"column":21},"end":{"line":303,"column":46}},"104":{"start":{"line":305,"column":2},"end":{"line":309,"column":3}},"105":{"start":{"line":306,"column":3},"end":{"line":308,"column":4}},"106":{"start":{"line":307,"column":4},"end":{"line":307,"column":47}},"107":{"start":{"line":307,"column":29},"end":{"line":307,"column":44}},"108":{"start":{"line":311,"column":2},"end":{"line":311,"column":14}},"109":{"start":{"line":318,"column":21},"end":{"line":318,"column":46}},"110":{"start":{"line":319,"column":27},"end":{"line":319,"column":31}},"111":{"start":{"line":320,"column":26},"end":{"line":320,"column":30}},"112":{"start":{"line":322,"column":2},"end":{"line":328,"column":3}},"113":{"start":{"line":323,"column":3},"end":{"line":327,"column":4}},"114":{"start":{"line":324,"column":4},"end":{"line":324,"column":48}},"115":{"start":{"line":324,"column":30},"end":{"line":324,"column":45}},"116":{"start":{"line":325,"column":10},"end":{"line":327,"column":4}},"117":{"start":{"line":326,"column":4},"end":{"line":326,"column":47}},"118":{"start":{"line":326,"column":29},"end":{"line":326,"column":44}},"119":{"start":{"line":330,"column":2},"end":{"line":330,"column":48}},"120":{"start":{"line":337,"column":21},"end":{"line":337,"column":46}},"121":{"start":{"line":339,"column":2},"end":{"line":343,"column":3}},"122":{"start":{"line":340,"column":3},"end":{"line":342,"column":4}},"123":{"start":{"line":341,"column":4},"end":{"line":341,"column":47}},"124":{"start":{"line":341,"column":29},"end":{"line":341,"column":44}},"125":{"start":{"line":345,"column":2},"end":{"line":345,"column":14}},"126":{"start":{"line":352,"column":21},"end":{"line":352,"column":46}},"127":{"start":{"line":353,"column":24},"end":{"line":353,"column":26}},"128":{"start":{"line":355,"column":2},"end":{"line":359,"column":3}},"129":{"start":{"line":356,"column":3},"end":{"line":358,"column":4}},"130":{"start":{"line":357,"column":4},"end":{"line":357,"column":52}},"131":{"start":{"line":357,"column":33},"end":{"line":357,"column":48}},"132":{"start":{"line":361,"column":2},"end":{"line":364,"column":3}},"133":{"start":{"line":362,"column":3},"end":{"line":362,"column":41}},"134":{"start":{"line":362,"column":24},"end":{"line":362,"column":39}},"135":{"start":{"line":363,"column":3},"end":{"line":363,"column":44}},"136":{"start":{"line":366,"column":2},"end":{"line":366,"column":14}},"137":{"start":{"line":373,"column":21},"end":{"line":373,"column":46}},"138":{"start":{"line":375,"column":2},"end":{"line":379,"column":3}},"139":{"start":{"line":376,"column":3},"end":{"line":378,"column":4}},"140":{"start":{"line":377,"column":4},"end":{"line":377,"column":47}},"141":{"start":{"line":377,"column":29},"end":{"line":377,"column":44}},"142":{"start":{"line":381,"column":2},"end":{"line":381,"column":14}},"143":{"start":{"line":389,"column":14},"end":{"line":389,"column":36}},"144":{"start":{"line":392,"column":2},"end":{"line":394,"column":3}},"145":{"start":{"line":392,"column":15},"end":{"line":392,"column":16}},"146":{"start":{"line":393,"column":3},"end":{"line":393,"column":60}},"147":{"start":{"line":396,"column":2},"end":{"line":396,"column":15}},"148":{"start":{"line":403,"column":17},"end":{"line":403,"column":40}},"149":{"start":{"line":405,"column":2},"end":{"line":407,"column":3}},"150":{"start":{"line":406,"column":3},"end":{"line":406,"column":59}},"151":{"start":{"line":409,"column":2},"end":{"line":409,"column":16}},"152":{"start":{"line":4,"column":0},"end":{"line":4,"column":13}}},"fnMap":{"0":{"name":"(anonymous_0)","decl":{"start":{"line":8,"column":1},"end":{"line":8,"column":7}},"loc":{"start":{"line":8,"column":62},"end":{"line":30,"column":2}}},"1":{"name":"(anonymous_1)","decl":{"start":{"line":35,"column":1},"end":{"line":35,"column":7}},"loc":{"start":{"line":35,"column":42},"end":{"line":198,"column":2}}},"2":{"name":"(anonymous_2)","decl":{"start":{"line":41,"column":38},"end":{"line":41,"column":39}},"loc":{"start":{"line":41,"column":48},"end":{"line":41,"column":63}}},"3":{"name":"(anonymous_3)","decl":{"start":{"line":62,"column":20},"end":{"line":62,"column":21}},"loc":{"start":{"line":62,"column":29},"end":{"line":66,"column":5}}},"4":{"name":"(anonymous_4)","decl":{"start":{"line":87,"column":35},"end":{"line":87,"column":36}},"loc":{"start":{"line":87,"column":42},"end":{"line":87,"column":69}}},"5":{"name":"(anonymous_5)","decl":{"start":{"line":127,"column":20},"end":{"line":127,"column":21}},"loc":{"start":{"line":127,"column":29},"end":{"line":131,"column":5}}},"6":{"name":"(anonymous_6)","decl":{"start":{"line":152,"column":38},"end":{"line":152,"column":39}},"loc":{"start":{"line":152,"column":45},"end":{"line":152,"column":73}}},"7":{"name":"(anonymous_7)","decl":{"start":{"line":165,"column":4},"end":{"line":165,"column":5}},"loc":{"start":{"line":165,"column":11},"end":{"line":165,"column":70}}},"8":{"name":"(anonymous_8)","decl":{"start":{"line":182,"column":38},"end":{"line":182,"column":39}},"loc":{"start":{"line":182,"column":45},"end":{"line":182,"column":68}}},"9":{"name":"(anonymous_9)","decl":{"start":{"line":204,"column":1},"end":{"line":204,"column":7}},"loc":{"start":{"line":204,"column":65},"end":{"line":208,"column":2}}},"10":{"name":"(anonymous_10)","decl":{"start":{"line":213,"column":9},"end":{"line":213,"column":15}},"loc":{"start":{"line":213,"column":61},"end":{"line":231,"column":2}}},"11":{"name":"(anonymous_11)","decl":{"start":{"line":216,"column":18},"end":{"line":216,"column":19}},"loc":{"start":{"line":216,"column":51},"end":{"line":227,"column":3}}},"12":{"name":"(anonymous_12)","decl":{"start":{"line":236,"column":9},"end":{"line":236,"column":15}},"loc":{"start":{"line":236,"column":42},"end":{"line":238,"column":2}}},"13":{"name":"(anonymous_13)","decl":{"start":{"line":243,"column":9},"end":{"line":243,"column":15}},"loc":{"start":{"line":243,"column":45},"end":{"line":245,"column":2}}},"14":{"name":"(anonymous_14)","decl":{"start":{"line":250,"column":9},"end":{"line":250,"column":15}},"loc":{"start":{"line":250,"column":37},"end":{"line":253,"column":2}}},"15":{"name":"(anonymous_15)","decl":{"start":{"line":252,"column":21},"end":{"line":252,"column":22}},"loc":{"start":{"line":252,"column":31},"end":{"line":252,"column":49}}},"16":{"name":"(anonymous_16)","decl":{"start":{"line":258,"column":9},"end":{"line":258,"column":15}},"loc":{"start":{"line":258,"column":40},"end":{"line":283,"column":2}}},"17":{"name":"(anonymous_17)","decl":{"start":{"line":259,"column":26},"end":{"line":259,"column":27}},"loc":{"start":{"line":259,"column":33},"end":{"line":259,"column":39}}},"18":{"name":"(anonymous_18)","decl":{"start":{"line":259,"column":46},"end":{"line":259,"column":47}},"loc":{"start":{"line":259,"column":56},"end":{"line":259,"column":61}}},"19":{"name":"(anonymous_19)","decl":{"start":{"line":288,"column":9},"end":{"line":288,"column":15}},"loc":{"start":{"line":288,"column":46},"end":{"line":297,"column":2}}},"20":{"name":"(anonymous_20)","decl":{"start":{"line":289,"column":26},"end":{"line":289,"column":27}},"loc":{"start":{"line":289,"column":33},"end":{"line":289,"column":39}}},"21":{"name":"(anonymous_21)","decl":{"start":{"line":289,"column":46},"end":{"line":289,"column":47}},"loc":{"start":{"line":289,"column":56},"end":{"line":289,"column":61}}},"22":{"name":"(anonymous_22)","decl":{"start":{"line":302,"column":9},"end":{"line":302,"column":15}},"loc":{"start":{"line":302,"column":44},"end":{"line":312,"column":2}}},"23":{"name":"(anonymous_23)","decl":{"start":{"line":307,"column":22},"end":{"line":307,"column":23}},"loc":{"start":{"line":307,"column":29},"end":{"line":307,"column":44}}},"24":{"name":"(anonymous_24)","decl":{"start":{"line":317,"column":9},"end":{"line":317,"column":15}},"loc":{"start":{"line":317,"column":42},"end":{"line":331,"column":2}}},"25":{"name":"(anonymous_25)","decl":{"start":{"line":324,"column":23},"end":{"line":324,"column":24}},"loc":{"start":{"line":324,"column":30},"end":{"line":324,"column":45}}},"26":{"name":"(anonymous_26)","decl":{"start":{"line":326,"column":22},"end":{"line":326,"column":23}},"loc":{"start":{"line":326,"column":29},"end":{"line":326,"column":44}}},"27":{"name":"(anonymous_27)","decl":{"start":{"line":336,"column":9},"end":{"line":336,"column":15}},"loc":{"start":{"line":336,"column":45},"end":{"line":346,"column":2}}},"28":{"name":"(anonymous_28)","decl":{"start":{"line":341,"column":22},"end":{"line":341,"column":23}},"loc":{"start":{"line":341,"column":29},"end":{"line":341,"column":44}}},"29":{"name":"(anonymous_29)","decl":{"start":{"line":351,"column":9},"end":{"line":351,"column":15}},"loc":{"start":{"line":351,"column":40},"end":{"line":367,"column":2}}},"30":{"name":"(anonymous_30)","decl":{"start":{"line":357,"column":26},"end":{"line":357,"column":27}},"loc":{"start":{"line":357,"column":33},"end":{"line":357,"column":48}}},"31":{"name":"(anonymous_31)","decl":{"start":{"line":362,"column":14},"end":{"line":362,"column":15}},"loc":{"start":{"line":362,"column":24},"end":{"line":362,"column":39}}},"32":{"name":"(anonymous_32)","decl":{"start":{"line":372,"column":9},"end":{"line":372,"column":15}},"loc":{"start":{"line":372,"column":40},"end":{"line":382,"column":2}}},"33":{"name":"(anonymous_33)","decl":{"start":{"line":377,"column":22},"end":{"line":377,"column":23}},"loc":{"start":{"line":377,"column":29},"end":{"line":377,"column":44}}},"34":{"name":"(anonymous_34)","decl":{"start":{"line":387,"column":9},"end":{"line":387,"column":15}},"loc":{"start":{"line":387,"column":79},"end":{"line":397,"column":2}}},"35":{"name":"(anonymous_35)","decl":{"start":{"line":402,"column":9},"end":{"line":402,"column":15}},"loc":{"start":{"line":402,"column":43},"end":{"line":410,"column":2}}}},"branchMap":{"0":{"loc":{"start":{"line":11,"column":2},"end":{"line":13,"column":3}},"type":"if","locations":[{"start":{"line":11,"column":2},"end":{"line":13,"column":3}},{"start":{},"end":{}}]},"1":{"loc":{"start":{"line":24,"column":3},"end":{"line":26,"column":4}},"type":"if","locations":[{"start":{"line":24,"column":3},"end":{"line":26,"column":4}},{"start":{},"end":{}}]},"2":{"loc":{"start":{"line":24,"column":7},"end":{"line":24,"column":53}},"type":"binary-expr","locations":[{"start":{"line":24,"column":7},"end":{"line":24,"column":16}},{"start":{"line":24,"column":20},"end":{"line":24,"column":53}}]},"3":{"loc":{"start":{"line":36,"column":2},"end":{"line":38,"column":3}},"type":"if","locations":[{"start":{"line":36,"column":2},"end":{"line":38,"column":3}},{"start":{},"end":{}}]},"4":{"loc":{"start":{"line":46,"column":2},"end":{"line":53,"column":3}},"type":"if","locations":[{"start":{"line":46,"column":2},"end":{"line":53,"column":3}},{"start":{},"end":{}}]},"5":{"loc":{"start":{"line":56,"column":2},"end":{"line":82,"column":3}},"type":"if","locations":[{"start":{"line":56,"column":2},"end":{"line":82,"column":3}},{"start":{},"end":{}}]},"6":{"loc":{"start":{"line":58,"column":3},"end":{"line":75,"column":4}},"type":"if","locations":[{"start":{"line":58,"column":3},"end":{"line":75,"column":4}},{"start":{},"end":{}}]},"7":{"loc":{"start":{"line":63,"column":5},"end":{"line":63,"column":39}},"type":"if","locations":[{"start":{"line":63,"column":5},"end":{"line":63,"column":39}},{"start":{},"end":{}}]},"8":{"loc":{"start":{"line":64,"column":5},"end":{"line":64,"column":40}},"type":"if","locations":[{"start":{"line":64,"column":5},"end":{"line":64,"column":40}},{"start":{},"end":{}}]},"9":{"loc":{"start":{"line":86,"column":2},"end":{"line":94,"column":3}},"type":"if","locations":[{"start":{"line":86,"column":2},"end":{"line":94,"column":3}},{"start":{},"end":{}}]},"10":{"loc":{"start":{"line":98,"column":2},"end":{"line":108,"column":3}},"type":"if","locations":[{"start":{"line":98,"column":2},"end":{"line":108,"column":3}},{"start":{},"end":{}}]},"11":{"loc":{"start":{"line":111,"column":2},"end":{"line":118,"column":3}},"type":"if","locations":[{"start":{"line":111,"column":2},"end":{"line":118,"column":3}},{"start":{},"end":{}}]},"12":{"loc":{"start":{"line":121,"column":2},"end":{"line":147,"column":3}},"type":"if","locations":[{"start":{"line":121,"column":2},"end":{"line":147,"column":3}},{"start":{},"end":{}}]},"13":{"loc":{"start":{"line":123,"column":3},"end":{"line":140,"column":4}},"type":"if","locations":[{"start":{"line":123,"column":3},"end":{"line":140,"column":4}},{"start":{},"end":{}}]},"14":{"loc":{"start":{"line":128,"column":5},"end":{"line":128,"column":39}},"type":"if","locations":[{"start":{"line":128,"column":5},"end":{"line":128,"column":39}},{"start":{},"end":{}}]},"15":{"loc":{"start":{"line":129,"column":5},"end":{"line":129,"column":40}},"type":"if","locations":[{"start":{"line":129,"column":5},"end":{"line":129,"column":40}},{"start":{},"end":{}}]},"16":{"loc":{"start":{"line":151,"column":2},"end":{"line":159,"column":3}},"type":"if","locations":[{"start":{"line":151,"column":2},"end":{"line":159,"column":3}},{"start":{},"end":{}}]},"17":{"loc":{"start":{"line":163,"column":2},"end":{"line":177,"column":3}},"type":"if","locations":[{"start":{"line":163,"column":2},"end":{"line":177,"column":3}},{"start":{},"end":{}}]},"18":{"loc":{"start":{"line":165,"column":11},"end":{"line":165,"column":70}},"type":"binary-expr","locations":[{"start":{"line":165,"column":11},"end":{"line":165,"column":39}},{"start":{"line":165,"column":43},"end":{"line":165,"column":70}}]},"19":{"loc":{"start":{"line":181,"column":2},"end":{"line":189,"column":3}},"type":"if","locations":[{"start":{"line":181,"column":2},"end":{"line":189,"column":3}},{"start":{},"end":{}}]},"20":{"loc":{"start":{"line":205,"column":2},"end":{"line":205,"column":42}},"type":"if","locations":[{"start":{"line":205,"column":2},"end":{"line":205,"column":42}},{"start":{},"end":{}}]},"21":{"loc":{"start":{"line":206,"column":2},"end":{"line":206,"column":43}},"type":"if","locations":[{"start":{"line":206,"column":2},"end":{"line":206,"column":43}},{"start":{},"end":{}}]},"22":{"loc":{"start":{"line":217,"column":3},"end":{"line":220,"column":4}},"type":"if","locations":[{"start":{"line":217,"column":3},"end":{"line":220,"column":4}},{"start":{},"end":{}}]},"23":{"loc":{"start":{"line":237,"column":9},"end":{"line":237,"column":84}},"type":"binary-expr","locations":[{"start":{"line":237,"column":9},"end":{"line":237,"column":28}},{"start":{"line":237,"column":32},"end":{"line":237,"column":54}},{"start":{"line":237,"column":58},"end":{"line":237,"column":84}}]},"24":{"loc":{"start":{"line":244,"column":9},"end":{"line":244,"column":54}},"type":"binary-expr","locations":[{"start":{"line":244,"column":9},"end":{"line":244,"column":28}},{"start":{"line":244,"column":32},"end":{"line":244,"column":54}}]},"25":{"loc":{"start":{"line":263,"column":3},"end":{"line":265,"column":4}},"type":"if","locations":[{"start":{"line":263,"column":3},"end":{"line":265,"column":4}},{"start":{},"end":{}}]},"26":{"loc":{"start":{"line":266,"column":3},"end":{"line":268,"column":4}},"type":"if","locations":[{"start":{"line":266,"column":3},"end":{"line":268,"column":4}},{"start":{},"end":{}}]},"27":{"loc":{"start":{"line":272,"column":2},"end":{"line":280,"column":3}},"type":"if","locations":[{"start":{"line":272,"column":2},"end":{"line":280,"column":3}},{"start":{},"end":{}}]},"28":{"loc":{"start":{"line":273,"column":3},"end":{"line":277,"column":24}},"type":"binary-expr","locations":[{"start":{"line":273,"column":3},"end":{"line":273,"column":24}},{"start":{"line":274,"column":3},"end":{"line":274,"column":25}},{"start":{"line":275,"column":3},"end":{"line":275,"column":25}},{"start":{"line":276,"column":3},"end":{"line":276,"column":26}},{"start":{"line":277,"column":3},"end":{"line":277,"column":24}}]},"29":{"loc":{"start":{"line":291,"column":3},"end":{"line":295,"column":24}},"type":"binary-expr","locations":[{"start":{"line":291,"column":3},"end":{"line":291,"column":24}},{"start":{"line":292,"column":3},"end":{"line":292,"column":25}},{"start":{"line":293,"column":3},"end":{"line":293,"column":25}},{"start":{"line":294,"column":3},"end":{"line":294,"column":26}},{"start":{"line":295,"column":3},"end":{"line":295,"column":24}}]},"30":{"loc":{"start":{"line":306,"column":3},"end":{"line":308,"column":4}},"type":"if","locations":[{"start":{"line":306,"column":3},"end":{"line":308,"column":4}},{"start":{},"end":{}}]},"31":{"loc":{"start":{"line":323,"column":3},"end":{"line":327,"column":4}},"type":"if","locations":[{"start":{"line":323,"column":3},"end":{"line":327,"column":4}},{"start":{"line":325,"column":10},"end":{"line":327,"column":4}}]},"32":{"loc":{"start":{"line":325,"column":10},"end":{"line":327,"column":4}},"type":"if","locations":[{"start":{"line":325,"column":10},"end":{"line":327,"column":4}},{"start":{},"end":{}}]},"33":{"loc":{"start":{"line":330,"column":9},"end":{"line":330,"column":47}},"type":"cond-expr","locations":[{"start":{"line":330,"column":25},"end":{"line":330,"column":40}},{"start":{"line":330,"column":43},"end":{"line":330,"column":47}}]},"34":{"loc":{"start":{"line":330,"column":9},"end":{"line":330,"column":22}},"type":"binary-expr","locations":[{"start":{"line":330,"column":9},"end":{"line":330,"column":14}},{"start":{"line":330,"column":18},"end":{"line":330,"column":22}}]},"35":{"loc":{"start":{"line":340,"column":3},"end":{"line":342,"column":4}},"type":"if","locations":[{"start":{"line":340,"column":3},"end":{"line":342,"column":4}},{"start":{},"end":{}}]},"36":{"loc":{"start":{"line":356,"column":3},"end":{"line":358,"column":4}},"type":"if","locations":[{"start":{"line":356,"column":3},"end":{"line":358,"column":4}},{"start":{},"end":{}}]},"37":{"loc":{"start":{"line":361,"column":2},"end":{"line":364,"column":3}},"type":"if","locations":[{"start":{"line":361,"column":2},"end":{"line":364,"column":3}},{"start":{},"end":{}}]},"38":{"loc":{"start":{"line":376,"column":3},"end":{"line":378,"column":4}},"type":"if","locations":[{"start":{"line":376,"column":3},"end":{"line":378,"column":4}},{"start":{},"end":{}}]},"39":{"loc":{"start":{"line":406,"column":26},"end":{"line":406,"column":52}},"type":"binary-expr","locations":[{"start":{"line":406,"column":26},"end":{"line":406,"column":47}},{"start":{"line":406,"column":51},"end":{"line":406,"column":52}}]}},"s":{"0":6,"1":1071,"2":1071,"3":2,"4":1069,"5":1069,"6":1069,"7":21499,"8":21499,"9":3698,"10":1069,"11":21510,"12":2,"13":21508,"14":164919,"15":21508,"16":9,"17":21499,"18":4,"19":0,"20":0,"21":0,"22":0,"23":0,"24":0,"25":0,"26":0,"27":4,"28":21495,"29":21495,"30":18,"31":54,"32":18,"33":21477,"34":21477,"35":54,"36":21423,"37":31,"38":21392,"39":122,"40":20,"41":20,"42":160,"43":0,"44":160,"45":80,"46":80,"47":20,"48":102,"49":21270,"50":21270,"51":482,"52":2410,"53":482,"54":20788,"55":20788,"56":978,"57":2952,"58":978,"59":19810,"60":19810,"61":8846,"62":44230,"63":8846,"64":10964,"65":29,"66":20,"67":9,"68":5,"69":4,"70":1069,"71":1069,"72":123700,"73":21499,"74":21499,"75":102201,"76":102201,"77":122631,"78":122631,"79":122631,"80":1069,"81":1069,"82":21508,"83":21499,"84":64430,"85":64430,"86":145972,"87":21471,"88":107355,"89":85884,"90":21471,"91":21471,"92":30422,"93":21353,"94":9069,"95":118,"96":21353,"97":21,"98":21332,"99":126,"100":630,"101":504,"102":126,"103":21495,"104":21495,"105":95484,"106":18,"107":27,"108":21477,"109":21477,"110":21477,"111":21477,"112":21477,"113":95457,"114":536,"115":1072,"116":94921,"117":10856,"118":27000,"119":21477,"120":21270,"121":21270,"122":94102,"123":482,"124":964,"125":20788,"126":20788,"127":20788,"128":20788,"129":93138,"130":10802,"131":26865,"132":20788,"133":978,"134":978,"135":978,"136":19810,"137":19810,"138":19810,"139":76804,"140":8846,"141":21984,"142":10964,"143":21508,"144":21508,"145":21508,"146":95054,"147":21508,"148":104840,"149":104840,"150":524200,"151":104840,"152":6},"f":{"0":1071,"1":21510,"2":164919,"3":0,"4":54,"5":160,"6":2410,"7":2952,"8":44230,"9":29,"10":1069,"11":123700,"12":21508,"13":21499,"14":64430,"15":145972,"16":21471,"17":107355,"18":85884,"19":126,"20":630,"21":504,"22":21495,"23":27,"24":21477,"25":1072,"26":27000,"27":21270,"28":964,"29":20788,"30":26865,"31":978,"32":19810,"33":21984,"34":21508,"35":104840},"b":{"0":[2,1069],"1":[3698,17801],"2":[21499,20430],"3":[2,21508],"4":[9,21499],"5":[4,21495],"6":[0,4],"7":[0,0],"8":[0,0],"9":[18,21477],"10":[54,21423],"11":[31,21392],"12":[122,21270],"13":[20,102],"14":[0,160],"15":[80,80],"16":[482,20788],"17":[978,19810],"18":[2952,1620],"19":[8846,10964],"20":[20,9],"21":[5,4],"22":[21499,102201],"23":[21508,44,13],"24":[21499,35],"25":[21353,9069],"26":[118,8951],"27":[21,21332],"28":[21353,7261,58,37,23],"29":[126,47,20,20,20],"30":[18,95466],"31":[536,94921],"32":[10856,84065],"33":[54,21423],"34":[21477,536],"35":[482,93620],"36":[10802,82336],"37":[978,19810],"38":[8846,67958],"39":[524200,468876]}}
,"/Users/mastermind/Desktop/Programming/PokaiEngine/src/core/game/GameState.ts": {"path":"/Users/mastermind/Desktop/Programming/PokaiEngine/src/core/game/GameState.ts","statementMap":{"0":{"start":{"line":1,"column":0},"end":{"line":1,"column":88}},"1":{"start":{"line":4,"column":0},"end":{"line":4,"column":42}},"2":{"start":{"line":8,"column":8},"end":{"line":8,"column":31}},"3":{"start":{"line":9,"column":8},"end":{"line":9,"column":36}},"4":{"start":{"line":10,"column":8},"end":{"line":10,"column":25}},"5":{"start":{"line":11,"column":8},"end":{"line":11,"column":52}},"6":{"start":{"line":13,"column":8},"end":{"line":13,"column":35}},"7":{"start":{"line":14,"column":8},"end":{"line":14,"column":39}},"8":{"start":{"line":15,"column":8},"end":{"line":15,"column":37}},"9":{"start":{"line":19,"column":8},"end":{"line":19,"column":31}},"10":{"start":{"line":20,"column":8},"end":{"line":20,"column":36}},"11":{"start":{"line":23,"column":9},"end":{"line":23,"column":35}},"12":{"start":{"line":24,"column":9},"end":{"line":24,"column":42}},"13":{"start":{"line":27,"column":2},"end":{"line":27,"column":15}},"14":{"start":{"line":28,"column":2},"end":{"line":28,"column":43}},"15":{"start":{"line":29,"column":2},"end":{"line":29,"column":39}},"16":{"start":{"line":30,"column":2},"end":{"line":30,"column":37}},"17":{"start":{"line":31,"column":2},"end":{"line":31,"column":37}},"18":{"start":{"line":32,"column":2},"end":{"line":32,"column":40}},"19":{"start":{"line":39,"column":2},"end":{"line":41,"column":3}},"20":{"start":{"line":40,"column":3},"end":{"line":40,"column":61}},"21":{"start":{"line":43,"column":2},"end":{"line":45,"column":3}},"22":{"start":{"line":43,"column":31},"end":{"line":43,"column":49}},"23":{"start":{"line":44,"column":3},"end":{"line":44,"column":56}},"24":{"start":{"line":47,"column":2},"end":{"line":47,"column":28}},"25":{"start":{"line":48,"column":2},"end":{"line":48,"column":25}},"26":{"start":{"line":55,"column":22},"end":{"line":55,"column":70}},"27":{"start":{"line":55,"column":52},"end":{"line":55,"column":69}},"28":{"start":{"line":56,"column":2},"end":{"line":58,"column":3}},"29":{"start":{"line":57,"column":3},"end":{"line":57,"column":39}},"30":{"start":{"line":60,"column":2},"end":{"line":60,"column":38}},"31":{"start":{"line":61,"column":2},"end":{"line":61,"column":25}},"32":{"start":{"line":68,"column":2},"end":{"line":68,"column":53}},"33":{"start":{"line":68,"column":34},"end":{"line":68,"column":51}},"34":{"start":{"line":75,"column":2},"end":{"line":75,"column":48}},"35":{"start":{"line":75,"column":36},"end":{"line":75,"column":46}},"36":{"start":{"line":82,"column":2},"end":{"line":82,"column":49}},"37":{"start":{"line":82,"column":36},"end":{"line":82,"column":47}},"38":{"start":{"line":89,"column":2},"end":{"line":89,"column":48}},"39":{"start":{"line":89,"column":36},"end":{"line":89,"column":46}},"40":{"start":{"line":96,"column":24},"end":{"line":96,"column":47}},"41":{"start":{"line":97,"column":22},"end":{"line":97,"column":42}},"42":{"start":{"line":99,"column":2},"end":{"line":101,"column":3}},"43":{"start":{"line":100,"column":3},"end":{"line":100,"column":10}},"44":{"start":{"line":104,"column":2},"end":{"line":104,"column":28}},"45":{"start":{"line":105,"column":2},"end":{"line":105,"column":67}},"46":{"start":{"line":105,"column":37},"end":{"line":105,"column":64}},"47":{"start":{"line":108,"column":2},"end":{"line":120,"column":3}},"48":{"start":{"line":110,"column":3},"end":{"line":110,"column":85}},"49":{"start":{"line":111,"column":3},"end":{"line":111,"column":89}},"50":{"start":{"line":114,"column":21},"end":{"line":114,"column":65}},"51":{"start":{"line":116,"column":3},"end":{"line":119,"column":4}},"52":{"start":{"line":116,"column":16},"end":{"line":116,"column":17}},"53":{"start":{"line":117,"column":26},"end":{"line":117,"column":65}},"54":{"start":{"line":118,"column":4},"end":{"line":118,"column":59}},"55":{"start":{"line":123,"column":2},"end":{"line":123,"column":77}},"56":{"start":{"line":124,"column":2},"end":{"line":124,"column":73}},"57":{"start":{"line":131,"column":32},"end":{"line":131,"column":34}},"58":{"start":{"line":133,"column":2},"end":{"line":178,"column":3}},"59":{"start":{"line":135,"column":4},"end":{"line":135,"column":76}},"60":{"start":{"line":136,"column":4},"end":{"line":136,"column":10}},"61":{"start":{"line":138,"column":4},"end":{"line":143,"column":6}},"62":{"start":{"line":144,"column":4},"end":{"line":144,"column":10}},"63":{"start":{"line":146,"column":4},"end":{"line":152,"column":6}},"64":{"start":{"line":153,"column":4},"end":{"line":153,"column":10}},"65":{"start":{"line":155,"column":4},"end":{"line":162,"column":6}},"66":{"start":{"line":163,"column":4},"end":{"line":163,"column":10}},"67":{"start":{"line":166,"column":4},"end":{"line":176,"column":6}},"68":{"start":{"line":177,"column":4},"end":{"line":177,"column":10}},"69":{"start":{"line":180,"column":2},"end":{"line":180,"column":35}},"70":{"start":{"line":187,"column":17},"end":{"line":187,"column":66}},"71":{"start":{"line":187,"column":42},"end":{"line":187,"column":65}},"72":{"start":{"line":188,"column":2},"end":{"line":188,"column":52}},"73":{"start":{"line":195,"column":2},"end":{"line":195,"column":20}},"74":{"start":{"line":196,"column":2},"end":{"line":196,"column":40}},"75":{"start":{"line":197,"column":2},"end":{"line":197,"column":27}},"76":{"start":{"line":198,"column":2},"end":{"line":198,"column":26}},"77":{"start":{"line":199,"column":2},"end":{"line":199,"column":26}},"78":{"start":{"line":200,"column":2},"end":{"line":200,"column":42}},"79":{"start":{"line":203,"column":2},"end":{"line":203,"column":61}},"80":{"start":{"line":203,"column":35},"end":{"line":203,"column":59}},"81":{"start":{"line":206,"column":2},"end":{"line":206,"column":26}},"82":{"start":{"line":207,"column":2},"end":{"line":207,"column":40}},"83":{"start":{"line":210,"column":2},"end":{"line":210,"column":20}},"84":{"start":{"line":213,"column":2},"end":{"line":213,"column":25}},"85":{"start":{"line":220,"column":24},"end":{"line":220,"column":47}},"86":{"start":{"line":221,"column":2},"end":{"line":223,"column":3}},"87":{"start":{"line":222,"column":3},"end":{"line":222,"column":74}},"88":{"start":{"line":231,"column":2},"end":{"line":231,"column":62}},"89":{"start":{"line":231,"column":35},"end":{"line":231,"column":60}},"90":{"start":{"line":233,"column":2},"end":{"line":252,"column":3}},"91":{"start":{"
[...]
378,"column":9}},"104":{"start":{"line":380,"column":23},"end":{"line":380,"column":48}},"105":{"start":{"line":382,"column":2},"end":{"line":385,"column":3}},"106":{"start":{"line":383,"column":24},"end":{"line":383,"column":68}},"107":{"start":{"line":384,"column":3},"end":{"line":384,"column":79}},"108":{"start":{"line":388,"column":2},"end":{"line":400,"column":3}},"109":{"start":{"line":389,"column":18},"end":{"line":389,"column":52}},"110":{"start":{"line":390,"column":20},"end":{"line":390,"column":54}},"111":{"start":{"line":392,"column":3},"end":{"line":399,"column":4}},"112":{"start":{"line":393,"column":4},"end":{"line":393,"column":28}},"113":{"start":{"line":394,"column":4},"end":{"line":398,"column":7}},"114":{"start":{"line":403,"column":2},"end":{"line":408,"column":5}},"115":{"start":{"line":411,"column":2},"end":{"line":411,"column":22}},"116":{"start":{"line":418,"column":2},"end":{"line":418,"column":32}},"117":{"start":{"line":419,"column":2},"end":{"line":419,"column":27}},"118":{"start":{"line":421,"column":2},"end":{"line":426,"column":5}},"119":{"start":{"line":433,"column":20},"end":{"line":444,"column":4}},"120":{"start":{"line":446,"column":2},"end":{"line":446,"column":52}},"121":{"start":{"line":453,"column":2},"end":{"line":459,"column":5}},"122":{"start":{"line":454,"column":3},"end":{"line":458,"column":4}},"123":{"start":{"line":455,"column":4},"end":{"line":455,"column":20}},"124":{"start":{"line":466,"column":2},"end":{"line":466,"column":26}},"125":{"start":{"line":478,"column":2},"end":{"line":483,"column":4}},"126":{"start":{"line":28,"column":0},"end":{"line":28,"column":13}}},"fnMap":{"0":{"name":"(anonymous_0)","decl":{"start":{"line":36,"column":1},"end":{"line":36,"column":13}},"loc":{"start":{"line":36,"column":47},"end":{"line":40,"column":2}}},"1":{"name":"(anonymous_1)","decl":{"start":{"line":45,"column":1},"end":{"line":45,"column":10}},"loc":{"start":{"line":45,"column":66},"end":{"line":59,"column":2}}},"2":{"name":"(anonymous_2)","decl":{"start":{"line":64,"column":1},"end":{"line":64,"column":13}},"loc":{"start":{"line":64,"column":30},"end":{"line":73,"column":2}}},"3":{"name":"(anonymous_3)","decl":{"start":{"line":78,"column":1},"end":{"line":78,"column":10}},"loc":{"start":{"line":78,"column":10},"end":{"line":107,"column":2}}},"4":{"name":"(anonymous_4)","decl":{"start":{"line":112,"column":1},"end":{"line":112,"column":14}},"loc":{"start":{"line":112,"column":29},"end":{"line":142,"column":2}}},"5":{"name":"(anonymous_5)","decl":{"start":{"line":147,"column":1},"end":{"line":147,"column":18}},"loc":{"start":{"line":147,"column":35},"end":{"line":162,"column":2}}},"6":{"name":"(anonymous_6)","decl":{"start":{"line":167,"column":1},"end":{"line":167,"column":19}},"loc":{"start":{"line":167,"column":36},"end":{"line":169,"column":2}}},"7":{"name":"(anonymous_7)","decl":{"start":{"line":174,"column":1},"end":{"line":174,"column":16}},"loc":{"start":{"line":174,"column":33},"end":{"line":196,"column":2}}},"8":{"name":"(anonymous_8)","decl":{"start":{"line":189,"column":39},"end":{"line":189,"column":40}},"loc":{"start":{"line":189,"column":46},"end":{"line":189,"column":63}}},"9":{"name":"(anonymous_9)","decl":{"start":{"line":201,"column":1},"end":{"line":201,"column":13}},"loc":{"start":{"line":201,"column":13},"end":{"line":203,"column":2}}},"10":{"name":"(anonymous_10)","decl":{"start":{"line":208,"column":1},"end":{"line":208,"column":8}},"loc":{"start":{"line":208,"column":32},"end":{"line":210,"column":2}}},"11":{"name":"(anonymous_11)","decl":{"start":{"line":215,"column":1},"end":{"line":215,"column":9}},"loc":{"start":{"line":215,"column":33},"end":{"line":220,"column":2}}},"12":{"name":"(anonymous_12)","decl":{"start":{"line":225,"column":9},"end":{"line":225,"column":22}},"loc":{"start":{"line":225,"column":22},"end":{"line":238,"column":2}}},"13":{"name":"(anonymous_13)","decl":{"start":{"line":229,"column":24},"end":{"line":229,"column":25}},"loc":{"start":{"line":229,"column":42},"end":{"line":231,"column":3}}},"14":{"name":"(anonymous_14)","decl":{"start":{"line":243,"column":9},"end":{"line":243,"column":19}},"loc":{"start":{"line":243,"column":19},"end":{"line":252,"column":2}}},"15":{"name":"(anonymous_15)","decl":{"start":{"line":257,"column":9},"end":{"line":257,"column":29}},"loc":{"start":{"line":257,"column":29},"end":{"line":278,"column":2}}},"16":{"name":"(anonymous_16)","decl":{"start":{"line":283,"column":9},"end":{"line":283,"column":17}},"loc":{"start":{"line":283,"column":17},"end":{"line":294,"column":2}}},"17":{"name":"(anonymous_17)","decl":{"start":{"line":299,"column":9},"end":{"line":299,"column":17}},"loc":{"start":{"line":299,"column":17},"end":{"line":310,"column":2}}},"18":{"name":"(anonymous_18)","decl":{"start":{"line":315,"column":9},"end":{"line":315,"column":18}},"loc":{"start":{"line":315,"column":18},"end":{"line":326,"column":2}}},"19":{"name":"(anonymous_19)","decl":{"start":{"line":331,"column":9},"end":{"line":331,"column":22}},"loc":{"start":{"line":331,"column":22},"end":{"line":335,"column":2}}},"20":{"name":"(anonymous_20)","decl":{"start":{"line":340,"column":9},"end":{"line":340,"column":22}},"loc":{"start":{"line":340,"column":22},"end":{"line":352,"column":2}}},"21":{"name":"(anonymous_21)","decl":{"start":{"line":357,"column":9},"end":{"line":357,"column":25}},"loc":{"start":{"line":357,"column":25},"end":{"line":412,"column":2}}},"22":{"name":"(anonymous_22)","decl":{"start":{"line":363,"column":8},"end":{"line":363,"column":9}},"loc":{"start":{"line":363,"column":21},"end":{"line":366,"column":5}}},"23":{"name":"(anonymous_23)","decl":{"start":{"line":367,"column":11},"end":{"line":367,"column":12}},"loc":{"start":{"line":367,"column":19},"end":{"line":367,"column":38}}},"24":{"name":"(anonymous_24)","decl":{"start":{"line":417,"column":9},"end":{"line":417,"column":21}},"loc":{"start":{"line":417,"column":21},"end":{"line":427,"column":2}}},"25":{"name":"(anonymous_25)","decl":{"start":{"line":432,"column":9},"end":{"line":432,"column":27}},"loc":{"start":{"line":432,"column":52},"end":{"line":447,"column":2}}},"26":{"name":"(anonymous_26)","decl":{"start":{"line":452,"column":9},"end":{"line":452,"column":18}},"loc":{"start":{"line":452,"column":35},"end":{"line":460,"column":2}}},"27":{"name":"(anonymous_27)","decl":{"start":{"line":453,"column":30},"end":{"line":453,"column":31}},"loc":{"start":{"line":453,"column":43},"end":{"line":459,"column":3}}},"28":{"name":"(anonymous_28)","decl":{"start":{"line":465,"column":1},"end":{"line":465,"column":14}},"loc":{"start":{"line":465,"column":14},"end":{"line":467,"column":2}}},"29":{"name":"(anonymous_29)","decl":{"start":{"line":472,"column":1},"end":{"line":472,"column":13}},"loc":{"start":{"line":472,"column":13},"end":{"line":484,"column":2}}}},"branchMap":{"0":{"loc":{"start":{"line":46,"column":2},"end":{"line":48,"column":3}},"type":"if","locations":[{"start":{"line":46,"column":2},"end":{"line":48,"column":3}},{"start":{},"end":{}}]},"1":{"loc":{"start":{"line":81,"column":2},"end":{"line":83,"column":3}},"type":"if","locations":[{"start":{"line":81,"column":2},"end":{"line":83,"column":3}},{"start":{},"end":{}}]},"2":{"loc":{"start":{"line":113,"column":2},"end":{"line":115,"column":3}},"type":"if","locations":[{"start":{"line":113,"column":2},"end":{"line":115,"column":3}},{"start":{},"end":{}}]},"3":{"loc":{"start":{"line":134,"column":2},"end":{"line":136,"column":3}},"type":"if","locations":[{"start":{"line":134,"column":2},"end":{"line":136,"column":3}},{"start":{},"end":{}}]},"4":{"loc":{"start":{"line":139,"column":2},"end":{"line":141,"column":3}},"type":"if","locations":[{"start":{"line":139,"column":2},"end":{"line":141,"column":3}},{"start":{},"end":{}}]},"5":{"loc":{"start":{"line":148,"column":2},"end":{"line":150,"column":3}},"type":"if","locations":[{"start":{"line":148,"column":2},"end":{"line":150,"column":3}},{"start":{},"end":{}}]},"6":{"loc":{"start":{"line":176,"column":2},"end":{"line":178,"column":3}},"type":"if","locations":[{"start":{"line":176,"column":2},"end":{"line":178,"column":3}},{"start":{},"end":{}}]},"7":{"loc":{"start":{"line":180,"column":2},"end":{"line":182,"column":3}},"type":"if","locations":[{"start":{"line":180,"column":2},"end":{"line":182,"column":3}},{"start":{},"end":{}}]},"8":{"loc":{"start":{"line":217,"column":2},"end":{"line":219,"column":3}},"type":"if","locations":[{"start":{"line":217,"column":2},"end":{"line":219,"column":3}},{"start":{},"end":{}}]},"9":{"loc":{"start":{"line":262,"column":2},"end":{"line":277,"column":3}},"type":"switch","locations":[{"start":{"line":263,"column":3},"end":{"line":265,"column":10}},{"start":{"line":266,"column":3},"end":{"line":268,"column":10}},{"start":{"line":269,"column":3},"end":{"line":271,"column":10}},{"start":{"line":272,"column":3},"end":{"line":274,"column":10}},{"start":{"line":275,"column":3},"end":{"line":276,"column":80}}]},"10":{"loc":{"start":{"line":344,"column":3},"end":{"line":350,"column":4}},"type":"if","locations":[{"start":{"line":344,"column":3},"end":{"line":350,"column":4}},{"start":{},"end":{}}]},"11":{"loc":{"start":{"line":365,"column":18},"end":{"line":365,"column":65}},"type":"binary-expr","locations":[{"start":{"line":365,"column":18},"end":{"line":365,"column":60}},{"start":{"line":365,"column":64},"end":{"line":365,"column":65}}]},"12":{"loc":{"start":{"line":383,"column":24},"end":{"line":383,"column":68}},"type":"binary-expr","locations":[{"start":{"line":383,"column":24},"end":{"line":383,"column":63}},{"start":{"line":383,"column":67},"end":{"line":383,"column":68}}]},"13":{"loc":{"start":{"line":392,"column":3},"end":{"line":399,"column":4}},"type":"if","locations":[{"start":{"line":392,"column":3},"end":{"line":399,"column":4}},{"start":{},"end":{}}]},"14":{"loc":{"start":{"line":392,"column":7},"end":{"line":392,"column":25}},"type":"binary-expr","locations":[{"start":{"line":392,"column":7},"end":{"line":392,"column":13}},{"start":{"line":392,"column":17},"end":{"line":392,"column":25}}]},"15":{"loc":{"start":{"line":446,"column":9},"end":{"line":446,"column":51}},"type":"binary-expr","locations":[{"start":{"line":446,"column":9},"end":{"line":446,"column":33}},{"start":{"line":446,"column":37},"end":{"line":446,"column":51}}]}},"s":{"0":5,"1":5,"2":5,"3":5,"4":5,"5":5,"6":96,"7":96,"8":96,"9":96,"10":96,"11":96,"12":196,"13":1,"14":195,"15":195,"16":190,"17":4,"18":1,"19":49,"20":49,"21":1,"22":48,"23":48,"24":48,"25":48,"26":48,"27":48,"28":48,"29":48,"30":48,"31":48,"32":59,"33":1,"34":58,"35":54,"36":54,"37":54,"38":12,"39":54,"40":8,"41":2,"42":0,"43":2,"44":2,"45":2,"46":8,"47":5,"48":5,"49":1,"50":4,"51":0,"52":4,"53":12,"54":97,"55":6,"56":5,"57":5,"58":5,"59":48,"60":48,"61":48,"62":166,"63":48,"64":48,"65":48,"66":12,"67":12,"68":11,"69":11,"70":1,"71":1,"72":0,"73":0,"74":0,"75":0,"76":0,"77":11,"78":11,"79":11,"80":11,"81":1,"82":1,"83":1,"84":1,"85":0,"86":0,"87":0,"88":0,"89":0,"90":0,"91":0,"92":0,"93":0,"94":0,"95":0,"96":0,"97":0,"98":0,"99":0,"100":0,"101":0,"102":0,"103":0,"104":0,"105":0,"106":0,"107":0,"108":0,"109":0,"110":0,"111":0,"112":0,"113":0,"114":0,"115":0,"116":8,"117":8,"118":8,"119":0,"120":0,"121":411,"122":14,"123":14,"124":30,"125":7,"126":5},"f":{"0":96,"1":196,"2":4,"3":49,"4":59,"5":2,"6":8,"7":5,"8":12,"9":97,"10":6,"11":5,"12":48,"13":166,"14":48,"15":12,"16":11,"17":1,"18":0,"19":0,"20":0,"21":0,"22":0,"23":0,"24":8,"25":0,"26":411,"27":14,"28":30,"29":7},"b":{"0":[1,195],"1":[1,48],"2":[1,58],"3":[12,42],"4":[8,46],"5":[0,2],"6":[1,4],"7":[0,4],"8":[5,0],"9":[11,1,0,0,0],"10":[0,0],"11":[0,0],"12":[0,0],"13":[0,0],"14":[0,0],"15":[0,0]}}
,"/Users/mastermind/Desktop/Programming/PokaiEngine/src/types/index.ts": {"path":"/Users/mastermind/Desktop/Programming/PokaiEngine/src/types/index.ts","statementMap":{"0":{"start":{"line":2,"column":0},"end":{"line":2,"column":null}},"1":{"start":{"line":3,"column":1},"end":{"line":3,"column":null}},"2":{"start":{"line":4,"column":1},"end":{"line":4,"column":null}},"3":{"start":{"line":5,"column":1},"end":{"line":5,"column":null}},"4":{"start":{"line":6,"column":1},"end":{"line":6,"column":null}},"5":{"start":{"line":9,"column":0},"end":{"line":9,"column":null}},"6":{"start":{"line":10,"column":1},"end":{"line":10,"column":null}},"7":{"start":{"line":11,"column":1},"end":{"line":11,"column":null}},"8":{"start":{"line":12,"column":1},"end":{"line":12,"column":null}},"9":{"start":{"line":13,"column":1},"end":{"line":13,"column":null}},"10":{"start":{"line":14,"column":1},"end":{"line":14,"column":null}},"11":{"start":{"line":15,"column":1},"end":{"line":15,"column":null}},"12":{"start":{"line":16,"column":1},"end":{"line":16,"column":null}},"13":{"start":{"line":17,"column":1},"end":{"line":17,"column":null}},"14":{"start":{"line":18,"column":1},"end":{"line":18,"column":null}},"15":{"start":{"line":19,"column":1},"end":{"line":19,"column":null}},"16":{"start":{"line":20,"column":1},"end":{"line":20,"column":null}},"17":{"start":{"line":21,"column":1},"end":{"line":21,"column":null}},"18":{"start":{"line":22,"column":1},"end":{"line":22,"column":null}},"19":{"start":{"line":30,"column":0},"end":{"line":30,"column":null}},"20":{"start":{"line":31,"column":1},"end":{"line":31,"column":null}},"21":{"start":{"line":32,"column":1},"end":{"line":32,"column":null}},"22":{"start":{"line":33,"column":1},"end":{"line":33,"column":null}},"23":{"start":{"line":34,"column":1},"end":{"line":34,"column":null}},"24":{"start":{"line":35,"column":1},"end":{"line":35,"column":null}},"25":{"start":{"line":36,"column":1},"end":{"line":36,"column":null}},"26":{"start":{"line":37,"column":1},"end":{"line":37,"column":null}},"27":{"start":{"line":38,"column":1},"end":{"line":38,"column":null}},"28":{"start":{"line":39,"column":1},"end":{"line":39,"column":null}},"29":{"start":{"line":40,"column":1},"end":{"line":40,"column":null}},"30":{"start":{"line":51,"column":0},"end":{"line":51,"column":null}},"31":{"start":{"line":52,"column":1},"end":{"line":52,"column":null}},"32":{"start":{"line":53,"column":1},"end":{"line":53,"column":null}},"33":{"start":{"line":54,"column":1},"end":{"line":54,"column":null}},"34":{"start":{"line":55,"column":1},"end":{"line":55,"column":null}},"35":{"start":{"line":56,"column":1},"end":{"line":56,"column":null}},"36":{"start":{"line":57,"column":1},"end":{"line":57,"column":null}},"37":{"start":{"line":58,"column":1},"end":{"line":58,"column":null}},"38":{"start":{"line":59,"column":1},"end":{"line":59,"column":null}},"39":{"start":{"line":60,"column":1},"end":{"line":60,"column":null}},"40":{"start":{"line":61,"column":1},"end":{"line":61,"column":null}},"41":{"start":{"line":62,"column":1},"end":{"line":62,"column":null}},"42":{"start":{"line":80,"column":0},"end":{"line":80,"column":null}},"43":{"start":{"line":81,"column":1},"end":{"line":81,"column":null}},"44":{"start":{"line":82,"column":1},"end":{"line":82,"column":null}},"45":{"start":{"line":83,"column":1},"end":{"line":83,"column":null}},"46":{"start":{"line":84,"column":1},"end":{"line":84,"column":null}},"47":{"start":{"line":85,"column":1},"end":{"line":85,"column":null}},"48":{"start":{"line":86,"column":1},"end":{"line":86,"column":null}},"49":{"start":{"line":104,"column":0},"end":{"line":104,"column":null}},"50":{"start":{"line":105,"column":1},"end":{"line":105,"column":null}},"51":{"start":{"line":106,"column":1},"end":{"line":106,"column":null}},"52":{"start":{"line":107,"column":1},"end":{"line":107,"column":null}},"53":{"start":{"line":108,"column":1},"end":{"line":108,"column":null}},"54":{"start":{"line":109,"column":1},"end":{"line":109,"column":null}},"55":{"start":{"line":110,"column":1},"end":{"line":110,"column":null}},"56":{"start":{"line":189,"column":2},"end":{"line":189,"column":17}},"57":{"start":{"line":188,"column":37},"end":{"line":188,"column":49}},"58":{"start":{"line":190,"column":2},"end":{"line":190,"column":33}},"59":{"start":{"line":187,"column":0},"end":{"line":187,"column":13}},"60":{"start":{"line":196,"column":2},"end":{"line":196,"column":35}},"61":{"start":{"line":194,"column":0},"end":{"line":194,"column":13}},"62":{"start":{"line":202,"column":2},"end":{"line":202,"column":37}},"63":{"start":{"line":200,"column":0},"end":{"line":200,"column":13}}},"fnMap":{"0":{"name":"(anonymous_0)","decl":{"start":{"line":2,"column":0},"end":{"line":2,"column":12}},"loc":{"start":{"line":2,"column":16},"end":{"line":7,"column":1}}},"1":{"name":"(anonymous_1)","decl":{"start":{"line":9,"column":0},"end":{"line":9,"column":12}},"loc":{"start":{"line":9,"column":16},"end":{"line":23,"column":1}}},"2":{"name":"(anonymous_2)","decl":{"start":{"line":30,"column":0},"end":{"line":30,"column":12}},"loc":{"start":{"line":30,"column":20},"end":{"line":41,"column":1}}},"3":{"name":"(anonymous_3)","decl":{"start":{"line":51,"column":0},"end":{"line":51,"column":12}},"loc":{"start":{"line":51,"column":20},"end":{"line":63,"column":1}}},"4":{"name":"(anonymous_4)","decl":{"start":{"line":80,"column":0},"end":{"line":80,"column":12}},"loc":{"start":{"line":80,"column":22},"end":{"line":87,"column":1}}},"5":{"name":"(anonymous_5)","decl":{"start":{"line":104,"column":0},"end":{"line":104,"column":12}},"loc":{"start":{"line":104,"column":21},"end":{"line":111,"column":1}}},"6":{"name":"(anonymous_6)","decl":{"start":{"line":188,"column":1},"end":{"line":188,"column":13}},"loc":{"start":{"line":188,"column":49},"end":{"line":191,"column":2}}},"7":{"name":"(anonymous_7)","decl":{"start":{"line":195,"column":1},"end":{"line":195,"column":13}},"loc":{"start":{"line":195,"column":28},"end":{"line":197,"column":2}}},"8":{"name":"(anonymous_8)","decl":{"start":{"line":201,"column":1},"end":{"line":201,"column":13}},"loc":{"start":{"line":201,"column":28},"end":{"line":203,"column":2}}}},"branchMap":{"0":{"loc":{"start":{"line":2,"column":12},"end":{"line":2,"column":null}},"type":"binary-expr","locations":[{"start":{"line":2,"column":12},"end":{"line":2,"column":16}},{"start":{"line":2,"column":16},"end":{"line":2,"column":null}}]},"1":{"loc":{"start":{"line":9,"column":12},"end":{"line":9,"column":null}},"type":"binary-expr","locations":[{"start":{"line":9,"column":12},"end":{"line":9,"column":16}},{"start":{"line":9,"column":16},"end":{"line":9,"column":null}}]},"2":{"loc":{"start":{"line":30,"column":12},"end":{"line":30,"column":null}},"type":"binary-expr","locations":[{"start":{"line":30,"column":12},"end":{"line":30,"column":20}},{"start":{"line":30,"column":20},"end":{"line":30,"column":null}}]},"3":{"loc":{"start":{"line":51,"column":12},"end":{"line":51,"column":null}},"type":"binary-expr","locations":[{"start":{"line":51,"column":12},"end":{"line":51,"column":20}},{"start":{"line":51,"column":20},"end":{"line":51,"column":null}}]},"4":{"loc":{"start":{"line":80,"column":12},"end":{"line":80,"column":null}},"type":"binary-expr","locations":[{"start":{"line":80,"column":12},"end":{"line":80,"column":22}},{"start":{"line":80,"column":22},"end":{"line":80,"column":null}}]},"5":{"loc":{"start":{"line":104,"column":12},"end":{"line":104,"column":null}},"type":"binary-expr","locations":[{"start":{"line":104,"column":12},"end":{"line":104,"column":21}},{"start":{"line":104,"column":21},"end":{"line":104,"column":null}}]}},"s":{"0":10,"1":10,"2":10,"3":10,"4":10,"5":10,"6":10,"7":10,"8":10,"9":10,"10":10,"11":10,"12":10,"13":10,"14":10,"15":10,"16":10,"17":10,"18":10,"19":10,"20":10,"21":10,"22":10,"23":10,"24":10,"25":10,"26":10,"27":10,"28":10,"29":10,"30":10,"31":10,"32":10,"33":10,"34":10,"35":10,"36":10,"37":10,"38":10,"39":10,"40":10,"41":10,"42":10,"43":10,"44":10,"45":10,"46":10,"47":10,"48":10,"49":10,"50":10,"51":10,"52":10,"53":10,"54":10,"55":10,"56":13,"57":13,"58":13,"59":10,"60":9,"61":10,"62":4,"63":10},"f":{"0":10,"1":10,"2":10,"3":10,"4":10,"5":10,"6":13,"7":9,"8":4},"b":{"0":[10,10],"1":[10,10],"2":[10,10],"3":[10,10],"4":[10,10],"5":[10,10]}}
}
