TN:
SF:src/core/betting/ActionValidator.ts
FN:9,(anonymous_0)
FN:44,(anonymous_1)
FN:122,(anonymous_2)
FN:135,(anonymous_3)
FN:148,(anonymous_4)
FN:160,(anonymous_5)
FN:168,(anonymous_6)
FN:182,(anonymous_7)
FN:204,(anonymous_8)
FN:234,(anonymous_9)
FN:262,(anonymous_10)
FN:277,(anonymous_11)
FN:278,(anonymous_12)
FN:284,(anonymous_13)
FN:307,(anonymous_14)
FN:360,(anonymous_15)
FNF:16
FNH:16
FNDA:71,(anonymous_0)
FNDA:13,(anonymous_1)
FNDA:17,(anonymous_2)
FNDA:1,(anonymous_3)
FNDA:1,(anonymous_4)
FNDA:32,(anonymous_5)
FNDA:4,(anonymous_6)
FNDA:14,(anonymous_7)
FNDA:3,(anonymous_8)
FNDA:4,(anonymous_9)
FNDA:7,(anonymous_10)
FNDA:4,(anonymous_11)
FNDA:12,(anonymous_12)
FNDA:48,(anonymous_13)
FNDA:54,(anonymous_14)
FNDA:2,(anonymous_15)
DA:1,6
DA:5,6
DA:10,71
DA:11,71
DA:12,3
DA:15,68
DA:16,1
DA:19,67
DA:20,3
DA:23,64
DA:25,32
DA:27,4
DA:29,14
DA:31,3
DA:33,4
DA:35,7
DA:37,0
DA:45,13
DA:46,13
DA:47,0
DA:50,13
DA:51,13
DA:52,13
DA:55,13
DA:56,8
DA:63,13
DA:64,5
DA:68,8
DA:69,7
DA:78,13
DA:80,1
DA:81,1
DA:83,1
DA:84,1
DA:91,12
DA:93,12
DA:94,12
DA:96,12
DA:97,10
DA:107,13
DA:108,13
DA:116,13
DA:123,17
DA:124,17
DA:125,0
DA:128,17
DA:129,17
DA:136,1
DA:137,1
DA:138,0
DA:141,1
DA:142,1
DA:149,1
DA:150,1
DA:151,0
DA:154,1
DA:162,32
DA:169,4
DA:170,4
DA:172,4
DA:173,1
DA:176,3
DA:183,14
DA:184,14
DA:186,14
DA:187,0
DA:190,14
DA:191,0
DA:194,14
DA:195,0
DA:198,14
DA:205,3
DA:207,3
DA:208,0
DA:211,3
DA:212,0
DA:215,3
DA:216,0
DA:219,3
DA:220,3
DA:221,1
DA:224,2
DA:225,0
DA:228,2
DA:235,4
DA:237,4
DA:238,0
DA:241,4
DA:242,0
DA:245,4
DA:246,4
DA:248,4
DA:249,0
DA:252,4
DA:253,0
DA:256,4
DA:263,7
DA:264,0
DA:267,7
DA:268,0
DA:271,7
DA:278,12
DA:285,48
DA:286,48
DA:288,48
DA:289,0
DA:293,48
DA:294,48
DA:297,48
DA:298,48
DA:301,48
DA:308,54
DA:309,54
DA:310,0
DA:314,54
DA:316,54
DA:318,31
DA:319,31
DA:322,2
DA:323,2
DA:326,13
DA:327,13
DA:328,13
DA:331,0
DA:332,0
DA:334,0
DA:335,0
DA:338,3
DA:339,0
DA:341,3
DA:342,3
DA:343,3
DA:346,5
DA:347,5
DA:350,0
DA:354,54
DA:361,2
DA:362,2
DA:363,0
DA:366,2
DA:369,2
DA:370,0
DA:376,2
LF:143
LH:115
BRDA:11,0,0,3
BRDA:11,0,1,68
BRDA:15,1,0,1
BRDA:15,1,1,67
BRDA:19,2,0,3
BRDA:19,2,1,64
BRDA:23,3,0,32
BRDA:23,3,1,4
BRDA:23,3,2,14
BRDA:23,3,3,3
BRDA:23,3,4,4
BRDA:23,3,5,7
BRDA:23,3,6,0
BRDA:46,4,0,0
BRDA:46,4,1,13
BRDA:46,5,0,13
BRDA:46,5,1,13
BRDA:55,6,0,8
BRDA:55,6,1,5
BRDA:63,7,0,5
BRDA:63,7,1,8
BRDA:68,8,0,7
BRDA:68,8,1,1
BRDA:78,9,0,1
BRDA:78,9,1,12
BRDA:78,10,0,13
BRDA:78,10,1,1
BRDA:83,11,0,1
BRDA:83,11,1,0
BRDA:91,12,0,12
BRDA:91,12,1,0
BRDA:96,13,0,10
BRDA:96,13,1,2
BRDA:107,14,0,13
BRDA:107,14,1,0
BRDA:107,15,0,13
BRDA:107,15,1,13
BRDA:124,16,0,0
BRDA:124,16,1,17
BRDA:137,17,0,0
BRDA:137,17,1,1
BRDA:150,18,0,0
BRDA:150,18,1,1
BRDA:172,19,0,1
BRDA:172,19,1,3
BRDA:186,20,0,0
BRDA:186,20,1,14
BRDA:190,21,0,0
BRDA:190,21,1,14
BRDA:190,22,0,14
BRDA:190,22,1,2
BRDA:194,23,0,0
BRDA:194,23,1,14
BRDA:207,24,0,0
BRDA:207,24,1,3
BRDA:211,25,0,0
BRDA:211,25,1,3
BRDA:215,26,0,0
BRDA:215,26,1,3
BRDA:220,27,0,1
BRDA:220,27,1,2
BRDA:224,28,0,0
BRDA:224,28,1,2
BRDA:237,29,0,0
BRDA:237,29,1,4
BRDA:241,30,0,0
BRDA:241,30,1,4
BRDA:248,31,0,0
BRDA:248,31,1,4
BRDA:248,32,0,4
BRDA:248,32,1,0
BRDA:252,33,0,0
BRDA:252,33,1,4
BRDA:263,34,0,0
BRDA:263,34,1,7
BRDA:267,35,0,0
BRDA:267,35,1,7
BRDA:288,36,0,0
BRDA:288,36,1,48
BRDA:288,37,0,48
BRDA:288,37,1,48
BRDA:309,38,0,0
BRDA:309,38,1,54
BRDA:316,39,0,31
BRDA:316,39,1,2
BRDA:316,39,2,13
BRDA:316,39,3,0
BRDA:316,39,4,3
BRDA:316,39,5,5
BRDA:316,39,6,0
BRDA:331,40,0,0
BRDA:331,40,1,0
BRDA:338,41,0,0
BRDA:338,41,1,3
BRDA:362,42,0,0
BRDA:362,42,1,2
BRDA:369,43,0,0
BRDA:369,43,1,2
BRF:98
BRH:67
end_of_record
TN:
SF:src/core/cards/Card.ts
FN:4,(anonymous_0)
FN:9,(anonymous_1)
FN:29,(anonymous_2)
FN:56,(anonymous_3)
FN:63,(anonymous_4)
FN:70,(anonymous_5)
FN:77,(anonymous_6)
FN:84,(anonymous_7)
FN:147,(anonymous_8)
FN:148,(anonymous_9)
FN:154,(anonymous_10)
FN:164,(anonymous_11)
FNF:12
FNH:12
FNDA:61766,(anonymous_0)
FNDA:624,(anonymous_1)
FNDA:3,(anonymous_2)
FNDA:60,(anonymous_3)
FNDA:3,(anonymous_4)
FNDA:4,(anonymous_5)
FNDA:4,(anonymous_6)
FNDA:85,(anonymous_7)
FNDA:1,(anonymous_8)
FNDA:3,(anonymous_9)
FNDA:6,(anonymous_10)
FNDA:5,(anonymous_11)
DA:1,10
DA:3,10
DA:4,61766
DA:11,624
DA:23,624
DA:31,3
DA:42,3
DA:50,3
DA:57,60
DA:64,3
DA:71,4
DA:78,4
DA:85,85
DA:86,5
DA:89,80
DA:90,80
DA:93,80
DA:95,10
DA:96,10
DA:98,7
DA:99,7
DA:101,5
DA:102,5
DA:104,5
DA:105,5
DA:114,43
DA:115,43
DA:117,6
DA:118,6
DA:120,4
DA:124,76
DA:126,20
DA:127,20
DA:129,18
DA:130,18
DA:132,17
DA:133,17
DA:135,19
DA:136,19
DA:138,2
DA:141,74
DA:148,3
DA:155,6
DA:165,5
LF:44
LH:44
BRDA:11,0,0,48
BRDA:11,0,1,576
BRDA:13,1,0,50
BRDA:13,1,1,526
BRDA:15,2,0,48
BRDA:15,2,1,478
BRDA:17,3,0,49
BRDA:17,3,1,429
BRDA:19,4,0,49
BRDA:19,4,1,380
BRDA:31,5,0,1
BRDA:31,5,1,2
BRDA:33,6,0,1
BRDA:33,6,1,1
BRDA:35,7,0,0
BRDA:35,7,1,1
BRDA:37,8,0,0
BRDA:37,8,1,1
BRDA:42,9,0,1
BRDA:42,9,1,2
BRDA:44,10,0,1
BRDA:44,10,1,1
BRDA:46,11,0,0
BRDA:46,11,1,1
BRDA:57,12,0,60
BRDA:57,12,1,59
BRDA:71,13,0,4
BRDA:71,13,1,3
BRDA:78,14,0,4
BRDA:78,14,1,3
BRDA:85,15,0,5
BRDA:85,15,1,80
BRDA:93,16,0,10
BRDA:93,16,1,7
BRDA:93,16,2,5
BRDA:93,16,3,5
BRDA:93,16,4,7
BRDA:93,16,5,12
BRDA:93,16,6,17
BRDA:93,16,7,22
BRDA:93,16,8,27
BRDA:93,16,9,32
BRDA:93,16,10,37
BRDA:93,16,11,43
BRDA:93,16,12,6
BRDA:93,16,13,4
BRDA:124,17,0,20
BRDA:124,17,1,18
BRDA:124,17,2,17
BRDA:124,17,3,19
BRDA:124,17,4,2
BRF:51
BRH:48
end_of_record
TN:
SF:src/core/cards/Deck.ts
FN:8,(anonymous_0)
FN:15,(anonymous_1)
FN:32,(anonymous_2)
FN:42,(anonymous_3)
FN:55,(anonymous_4)
FN:71,(anonymous_5)
FN:94,(anonymous_6)
FN:102,(anonymous_7)
FN:110,(anonymous_8)
FN:118,(anonymous_9)
FN:130,(anonymous_10)
FN:137,(anonymous_11)
FN:144,(anonymous_12)
FN:151,(anonymous_13)
FN:158,(anonymous_14)
FN:165,(anonymous_15)
FN:175,(anonymous_16)
FN:183,(anonymous_17)
FN:191,(anonymous_18)
FNF:19
FNH:14
FNDA:1124,(anonymous_0)
FNDA:1174,(anonymous_1)
FNDA:1060,(anonymous_2)
FNDA:7764,(anonymous_3)
FNDA:2021,(anonymous_4)
FNDA:54,(anonymous_5)
FNDA:20,(anonymous_6)
FNDA:7,(anonymous_7)
FNDA:5,(anonymous_8)
FNDA:32,(anonymous_9)
FNDA:19,(anonymous_10)
FNDA:0,(anonymous_11)
FNDA:0,(anonymous_12)
FNDA:5,(anonymous_13)
FNDA:0,(anonymous_14)
FNDA:0,(anonymous_15)
FNDA:0,(anonymous_16)
FNDA:4,(anonymous_17)
FNDA:208,(anonymous_18)
DA:1,6
DA:2,6
DA:4,6
DA:5,1124
DA:6,1124
DA:9,1124
DA:16,1174
DA:17,1174
DA:20,1174
DA:21,4696
DA:22,122096
DA:23,61048
DA:33,1060
DA:34,54060
DA:35,54060
DA:43,7764
DA:44,3
DA:47,7761
DA:48,7761
DA:49,7761
DA:56,2021
DA:57,2
DA:60,2019
DA:61,2019
DA:62,7105
DA:65,2019
DA:72,54
DA:73,0
DA:76,54
DA:79,54
DA:80,188
DA:84,54
DA:85,188
DA:88,54
DA:95,20
DA:96,19
DA:103,7
DA:104,6
DA:111,5
DA:112,4
DA:119,32
DA:120,3
DA:123,29
DA:124,29
DA:131,19
DA:138,0
DA:145,0
DA:152,5
DA:159,0
DA:166,0
DA:167,0
DA:168,0
DA:169,0
DA:176,0
DA:177,0
DA:184,4
DA:186,4
DA:187,0
DA:191,208
DA:192,4
DA:194,4
LF:61
LH:50
BRDA:22,0,0,61048
BRDA:22,0,1,61048
BRDA:43,1,0,3
BRDA:43,1,1,7761
BRDA:56,2,0,2
BRDA:56,2,1,2019
BRDA:72,3,0,0
BRDA:72,3,1,54
BRDA:119,4,0,3
BRDA:119,4,1,29
BRDA:186,5,0,0
BRDA:186,5,1,4
BRF:12
BRH:10
end_of_record
TN:
SF:src/core/cards/HandEvaluator.ts
FN:8,(anonymous_0)
FN:35,(anonymous_1)
FN:41,(anonymous_2)
FN:62,(anonymous_3)
FN:87,(anonymous_4)
FN:127,(anonymous_5)
FN:152,(anonymous_6)
FN:165,(anonymous_7)
FN:182,(anonymous_8)
FN:204,(anonymous_9)
FN:213,(anonymous_10)
FN:216,(anonymous_11)
FN:236,(anonymous_12)
FN:243,(anonymous_13)
FN:250,(anonymous_14)
FN:252,(anonymous_15)
FN:258,(anonymous_16)
FN:259,(anonymous_17)
FN:259,(anonymous_18)
FN:288,(anonymous_19)
FN:289,(anonymous_20)
FN:289,(anonymous_21)
FN:302,(anonymous_22)
FN:307,(anonymous_23)
FN:317,(anonymous_24)
FN:324,(anonymous_25)
FN:326,(anonymous_26)
FN:336,(anonymous_27)
FN:341,(anonymous_28)
FN:351,(anonymous_29)
FN:357,(anonymous_30)
FN:362,(anonymous_31)
FN:372,(anonymous_32)
FN:377,(anonymous_33)
FN:387,(anonymous_34)
FN:402,(anonymous_35)
FNF:36
FNH:35
FNDA:1071,(anonymous_0)
FNDA:21510,(anonymous_1)
FNDA:164919,(anonymous_2)
FNDA:0,(anonymous_3)
FNDA:54,(anonymous_4)
FNDA:160,(anonymous_5)
FNDA:2410,(anonymous_6)
FNDA:2952,(anonymous_7)
FNDA:44230,(anonymous_8)
FNDA:29,(anonymous_9)
FNDA:1069,(anonymous_10)
FNDA:123700,(anonymous_11)
FNDA:21508,(anonymous_12)
FNDA:21499,(anonymous_13)
FNDA:64430,(anonymous_14)
FNDA:145972,(anonymous_15)
FNDA:21471,(anonymous_16)
FNDA:107355,(anonymous_17)
FNDA:85884,(anonymous_18)
FNDA:126,(anonymous_19)
FNDA:630,(anonymous_20)
FNDA:504,(anonymous_21)
FNDA:21495,(anonymous_22)
FNDA:27,(anonymous_23)
FNDA:21477,(anonymous_24)
FNDA:1072,(anonymous_25)
FNDA:27000,(anonymous_26)
FNDA:21270,(anonymous_27)
FNDA:964,(anonymous_28)
FNDA:20788,(anonymous_29)
FNDA:26865,(anonymous_30)
FNDA:978,(anonymous_31)
FNDA:19810,(anonymous_32)
FNDA:21984,(anonymous_33)
FNDA:21508,(anonymous_34)
FNDA:104840,(anonymous_35)
DA:1,6
DA:4,6
DA:9,1071
DA:11,1071
DA:12,2
DA:16,1069
DA:19,1069
DA:21,1069
DA:22,21499
DA:24,21499
DA:25,3698
DA:29,1069
DA:36,21510
DA:37,2
DA:41,164919
DA:46,21508
DA:47,9
DA:56,21499
DA:58,4
DA:60,0
DA:62,0
DA:63,0
DA:64,0
DA:65,0
DA:67,0
DA:76,4
DA:85,21495
DA:86,21495
DA:87,54
DA:88,18
DA:97,21477
DA:98,21477
DA:99,54
DA:111,21423
DA:112,31
DA:121,21392
DA:123,122
DA:125,20
DA:127,20
DA:128,160
DA:129,160
DA:130,80
DA:132,20
DA:141,102
DA:150,21270
DA:151,21270
DA:152,2410
DA:153,482
DA:162,20788
DA:163,20788
DA:164,978
DA:165,2952
DA:167,978
DA:180,19810
DA:181,19810
DA:182,44230
DA:183,8846
DA:192,10964
DA:205,29
DA:206,9
DA:207,4
DA:214,1069
DA:216,1069
DA:217,123700
DA:218,21499
DA:219,21499
DA:222,102201
DA:223,122631
DA:224,122631
DA:225,122631
DA:229,1069
DA:230,1069
DA:237,21508
DA:244,21499
DA:251,64430
DA:252,145972
DA:259,107355
DA:262,21471
DA:263,30422
DA:264,21353
DA:266,9069
DA:267,118
DA:272,21353
DA:279,21
DA:282,21332
DA:289,630
DA:290,126
DA:303,21495
DA:305,21495
DA:306,95484
DA:307,27
DA:311,21477
DA:318,21477
DA:319,21477
DA:320,21477
DA:322,21477
DA:323,95457
DA:324,1072
DA:325,94921
DA:326,27000
DA:330,21477
DA:337,21270
DA:339,21270
DA:340,94102
DA:341,964
DA:345,20788
DA:352,20788
DA:353,20788
DA:355,20788
DA:356,93138
DA:357,26865
DA:361,20788
DA:362,978
DA:363,978
DA:366,19810
DA:373,19810
DA:375,19810
DA:376,76804
DA:377,21984
DA:381,10964
DA:389,21508
DA:392,21508
DA:393,95054
DA:396,21508
DA:403,104840
DA:405,104840
DA:406,524200
DA:409,104840
LF:128
LH:122
BRDA:11,0,0,2
BRDA:11,0,1,1069
BRDA:24,1,0,3698
BRDA:24,1,1,17801
BRDA:24,2,0,21499
BRDA:24,2,1,20430
BRDA:36,3,0,2
BRDA:36,3,1,21508
BRDA:46,4,0,9
BRDA:46,4,1,21499
BRDA:56,5,0,4
BRDA:56,5,1,21495
BRDA:58,6,0,0
BRDA:58,6,1,4
BRDA:63,7,0,0
BRDA:63,7,1,0
BRDA:64,8,0,0
BRDA:64,8,1,0
BRDA:86,9,0,18
BRDA:86,9,1,21477
BRDA:98,10,0,54
BRDA:98,10,1,21423
BRDA:111,11,0,31
BRDA:111,11,1,21392
BRDA:121,12,0,122
BRDA:121,12,1,21270
BRDA:123,13,0,20
BRDA:123,13,1,102
BRDA:128,14,0,0
BRDA:128,14,1,160
BRDA:129,15,0,80
BRDA:129,15,1,80
BRDA:151,16,0,482
BRDA:151,16,1,20788
BRDA:163,17,0,978
BRDA:163,17,1,19810
BRDA:165,18,0,2952
BRDA:165,18,1,1620
BRDA:181,19,0,8846
BRDA:181,19,1,10964
BRDA:205,20,0,20
BRDA:205,20,1,9
BRDA:206,21,0,5
BRDA:206,21,1,4
BRDA:217,22,0,21499
BRDA:217,22,1,102201
BRDA:237,23,0,21508
BRDA:237,23,1,44
BRDA:237,23,2,13
BRDA:244,24,0,21499
BRDA:244,24,1,35
BRDA:263,25,0,21353
BRDA:263,25,1,9069
BRDA:266,26,0,118
BRDA:266,26,1,8951
BRDA:272,27,0,21
BRDA:272,27,1,21332
BRDA:273,28,0,21353
BRDA:273,28,1,7261
BRDA:273,28,2,58
BRDA:273,28,3,37
BRDA:273,28,4,23
BRDA:291,29,0,126
BRDA:291,29,1,47
BRDA:291,29,2,20
BRDA:291,29,3,20
BRDA:291,29,4,20
BRDA:306,30,0,18
BRDA:306,30,1,95466
BRDA:323,31,0,536
BRDA:323,31,1,94921
BRDA:325,32,0,10856
BRDA:325,32,1,84065
BRDA:330,33,0,54
BRDA:330,33,1,21423
BRDA:330,34,0,21477
BRDA:330,34,1,536
BRDA:340,35,0,482
BRDA:340,35,1,93620
BRDA:356,36,0,10802
BRDA:356,36,1,82336
BRDA:361,37,0,978
BRDA:361,37,1,19810
BRDA:376,38,0,8846
BRDA:376,38,1,67958
BRDA:406,39,0,524200
BRDA:406,39,1,468876
BRF:87
BRH:81
end_of_record
TN:
SF:src/core/game/GameState.ts
FN:26,(anonymous_0)
FN:38,(anonymous_1)
FN:43,(anonymous_2)
FN:54,(anonymous_3)
FN:55,(anonymous_4)
FN:67,(anonymous_5)
FN:68,(anonymous_6)
FN:74,(anonymous_7)
FN:75,(anonymous_8)
FN:81,(anonymous_9)
FN:82,(anonymous_10)
FN:88,(anonymous_11)
FN:89,(anonymous_12)
FN:95,(anonymous_13)
FN:105,(anonymous_14)
FN:130,(anonymous_15)
FN:186,(anonymous_16)
FN:187,(anonymous_17)
FN:194,(anonymous_18)
FN:203,(anonymous_19)
FN:219,(anonymous_20)
FN:229,(anonymous_21)
FN:231,(anonymous_22)
FN:264,(anonymous_23)
FN:299,(anonymous_24)
FN:306,(anonymous_25)
FN:325,(anonymous_26)
FN:333,(anonymous_27)
FN:341,(anonymous_28)
FN:347,(anonymous_29)
FN:348,(anonymous_30)
FN:349,(anonymous_31)
FN:357,(anonymous_32)
FN:372,(anonymous_33)
FN:374,(anonymous_34)
FN:380,(anonymous_35)
FN:387,(anonymous_36)
FN:390,(anonymous_37)
FN:409,(anonymous_38)
FN:412,(anonymous_39)
FN:431,(anonymous_40)
FN:433,(anonymous_41)
FNF:42
FNH:38
FNDA:117,(anonymous_0)
FNDA:258,(anonymous_1)
FNDA:371,(anonymous_2)
FNDA:4,(anonymous_3)
FNDA:1,(anonymous_4)
FNDA:304,(anonymous_5)
FNDA:782,(anonymous_6)
FNDA:497,(anonymous_7)
FNDA:1438,(anonymous_8)
FNDA:164,(anonymous_9)
FNDA:872,(anonymous_10)
FNDA:224,(anonymous_11)
FNDA:1018,(anonymous_12)
FNDA:323,(anonymous_13)
FNDA:766,(anonymous_14)
FNDA:149,(anonymous_15)
FNDA:476,(anonymous_16)
FNDA:989,(anonymous_17)
FNDA:69,(anonymous_18)
FNDA:229,(anonymous_19)
FNDA:69,(anonymous_20)
FNDA:20,(anonymous_21)
FNDA:76,(anonymous_22)
FNDA:170,(anonymous_23)
FNDA:12,(anonymous_24)
FNDA:117,(anonymous_25)
FNDA:12,(anonymous_26)
FNDA:54,(anonymous_27)
FNDA:183,(anonymous_28)
FNDA:178,(anonymous_29)
FNDA:114,(anonymous_30)
FNDA:80,(anonymous_31)
FNDA:54,(anonymous_32)
FNDA:57,(anonymous_33)
FNDA:205,(anonymous_34)
FNDA:43,(anonymous_35)
FNDA:170,(anonymous_36)
FNDA:713,(anonymous_37)
FNDA:0,(anonymous_38)
FNDA:0,(anonymous_39)
FNDA:0,(anonymous_40)
FNDA:0,(anonymous_41)
DA:1,6
DA:4,6
DA:6,6
DA:8,117
DA:9,117
DA:10,117
DA:11,117
DA:13,117
DA:14,117
DA:15,117
DA:19,117
DA:20,117
DA:23,117
DA:24,117
DA:27,117
DA:28,117
DA:29,117
DA:30,117
DA:31,117
DA:32,117
DA:39,258
DA:40,2
DA:43,371
DA:44,3
DA:47,253
DA:48,253
DA:55,4
DA:56,4
DA:57,3
DA:60,1
DA:61,1
DA:68,782
DA:75,1438
DA:82,872
DA:89,1018
DA:96,323
DA:97,323
DA:99,323
DA:100,85
DA:104,238
DA:105,766
DA:108,238
DA:110,89
DA:111,89
DA:114,149
DA:116,149
DA:117,588
DA:118,588
DA:123,238
DA:124,238
DA:131,149
DA:133,149
DA:135,103
DA:136,103
DA:138,15
DA:144,15
DA:146,9
DA:153,9
DA:155,7
DA:163,7
DA:166,15
DA:177,15
DA:180,149
DA:187,989
DA:188,476
DA:195,69
DA:196,69
DA:197,69
DA:198,69
DA:199,69
DA:200,69
DA:203,229
DA:206,69
DA:207,69
DA:210,69
DA:213,69
DA:220,69
DA:221,69
DA:222,69
DA:231,76
DA:233,20
DA:235,11
DA:236,11
DA:238,9
DA:239,9
DA:241,0
DA:242,0
DA:244,0
DA:245,0
DA:247,0
DA:248,0
DA:249,0
DA:251,0
DA:255,20
DA:258,20
DA:265,170
DA:267,170
DA:268,2
DA:269,2
DA:273,168
DA:275,168
DA:277,146
DA:280,22
DA:283,168
DA:284,287
DA:285,287
DA:287,287
DA:288,168
DA:289,168
DA:293,0
DA:300,12
DA:307,117
DA:308,117
DA:309,0
DA:312,117
DA:313,117
DA:314,117
DA:317,117
DA:318,0
DA:326,12
DA:327,12
DA:334,54
DA:336,54
DA:337,1
DA:341,183
DA:343,53
DA:344,0
DA:347,178
DA:348,114
DA:349,80
DA:351,53
DA:358,54
DA:361,54
DA:362,8
DA:366,46
DA:373,57
DA:374,205
DA:381,43
DA:388,170
DA:390,713
DA:410,0
DA:412,0
DA:432,0
DA:433,0
DA:434,0
DA:435,0
DA:436,0
DA:437,0
DA:438,0
DA:439,0
DA:440,0
DA:441,0
DA:442,0
DA:443,0
DA:444,0
DA:446,0
LF:156
LH:128
BRDA:39,0,0,2
BRDA:39,0,1,256
BRDA:43,1,0,3
BRDA:43,1,1,253
BRDA:56,2,0,3
BRDA:56,2,1,1
BRDA:99,3,0,85
BRDA:99,3,1,238
BRDA:108,4,0,89
BRDA:108,4,1,149
BRDA:133,5,0,103
BRDA:133,5,1,15
BRDA:133,5,2,9
BRDA:133,5,3,7
BRDA:133,5,4,15
BRDA:188,6,0,476
BRDA:188,6,1,0
BRDA:221,7,0,69
BRDA:221,7,1,0
BRDA:233,8,0,11
BRDA:233,8,1,9
BRDA:233,8,2,0
BRDA:233,8,3,0
BRDA:233,8,4,0
BRDA:233,8,5,0
BRDA:267,9,0,2
BRDA:267,9,1,168
BRDA:275,10,0,146
BRDA:275,10,1,22
BRDA:287,11,0,168
BRDA:287,11,1,119
BRDA:308,12,0,0
BRDA:308,12,1,117
BRDA:317,13,0,0
BRDA:317,13,1,117
BRDA:336,14,0,1
BRDA:336,14,1,53
BRDA:343,15,0,0
BRDA:343,15,1,53
BRDA:351,16,0,53
BRDA:351,16,1,14
BRDA:361,17,0,8
BRDA:361,17,1,46
BRF:43
BRH:34
end_of_record
TN:
SF:src/core/game/Player.ts
FN:22,(anonymous_0)
FN:42,(anonymous_1)
FN:49,(anonymous_2)
FN:56,(anonymous_3)
FN:76,(anonymous_4)
FN:84,(anonymous_5)
FN:91,(anonymous_6)
FN:99,(anonymous_7)
FN:109,(anonymous_8)
FN:123,(anonymous_9)
FN:132,(anonymous_10)
FN:139,(anonymous_11)
FN:146,(anonymous_12)
FN:153,(anonymous_13)
FN:160,(anonymous_14)
FN:167,(anonymous_15)
FN:174,(anonymous_16)
FN:181,(anonymous_17)
FN:188,(anonymous_18)
FN:195,(anonymous_19)
FN:213,(anonymous_20)
FN:232,(anonymous_21)
FNF:22
FNH:13
FNDA:301,(anonymous_0)
FNDA:166,(anonymous_1)
FNDA:229,(anonymous_2)
FNDA:160,(anonymous_3)
FNDA:34,(anonymous_4)
FNDA:2,(anonymous_5)
FNDA:0,(anonymous_6)
FNDA:0,(anonymous_7)
FNDA:229,(anonymous_8)
FNDA:91,(anonymous_9)
FNDA:54,(anonymous_10)
FNDA:1569,(anonymous_11)
FNDA:87,(anonymous_12)
FNDA:0,(anonymous_13)
FNDA:766,(anonymous_14)
FNDA:0,(anonymous_15)
FNDA:0,(anonymous_16)
FNDA:0,(anonymous_17)
FNDA:0,(anonymous_18)
FNDA:725,(anonymous_19)
FNDA:0,(anonymous_20)
FNDA:0,(anonymous_21)
DA:4,7
DA:23,301
DA:24,301
DA:25,301
DA:26,301
DA:27,301
DA:28,301
DA:29,301
DA:30,301
DA:31,301
DA:32,301
DA:33,301
DA:34,301
DA:35,301
DA:36,301
DA:43,166
DA:50,229
DA:57,160
DA:59,0
DA:60,0
DA:63,160
DA:64,160
DA:65,160
DA:66,160
DA:68,160
DA:69,8
DA:77,34
DA:78,34
DA:85,2
DA:92,0
DA:93,0
DA:100,0
DA:101,0
DA:103,0
DA:110,229
DA:111,229
DA:112,229
DA:113,229
DA:114,229
DA:115,229
DA:116,229
DA:117,229
DA:124,91
DA:125,91
DA:126,91
DA:133,54
DA:140,1569
DA:147,87
DA:154,0
DA:161,766
DA:168,0
DA:175,0
DA:182,0
DA:189,0
DA:196,725
DA:214,0
DA:233,0
DA:234,0
DA:235,0
DA:236,0
DA:237,0
DA:238,0
DA:239,0
DA:240,0
DA:241,0
DA:242,0
DA:243,0
DA:244,0
DA:245,0
DA:246,0
LF:70
LH:43
BRDA:22,0,0,301
BRDA:57,1,0,0
BRDA:57,1,1,160
BRDA:68,2,0,8
BRDA:68,2,1,152
BRDA:100,3,0,0
BRDA:100,3,1,0
BRDA:140,4,0,1569
BRDA:140,4,1,1569
BRDA:140,4,2,1169
BRDA:140,4,3,1130
BRF:11
BRH:8
end_of_record
TN:
SF:src/core/game/PotManager.ts
FN:19,(anonymous_0)
FN:26,(anonymous_1)
FN:35,(anonymous_2)
FN:46,(anonymous_3)
FN:62,(anonymous_4)
FN:64,(anonymous_5)
FN:75,(anonymous_6)
FN:81,(anonymous_7)
FN:100,(anonymous_8)
FN:108,(anonymous_9)
FN:120,(anonymous_10)
FN:127,(anonymous_11)
FN:135,(anonymous_12)
FN:140,(anonymous_13)
FN:151,(anonymous_14)
FN:167,(anonymous_15)
FN:168,(anonymous_16)
FN:174,(anonymous_17)
FN:181,(anonymous_18)
FN:188,(anonymous_19)
FN:195,(anonymous_20)
FN:202,(anonymous_21)
FN:213,(anonymous_22)
FN:228,(anonymous_23)
FN:235,(anonymous_24)
FN:242,(anonymous_25)
FN:254,(anonymous_26)
FN:264,(anonymous_27)
FN:291,(anonymous_28)
FN:304,(anonymous_29)
FNF:30
FNH:29
FNDA:138,(anonymous_0)
FNDA:208,(anonymous_1)
FNDA:208,(anonymous_2)
FNDA:175,(anonymous_3)
FNDA:27,(anonymous_4)
FNDA:86,(anonymous_5)
FNDA:54,(anonymous_6)
FNDA:28,(anonymous_7)
FNDA:118,(anonymous_8)
FNDA:82,(anonymous_9)
FNDA:13,(anonymous_10)
FNDA:19,(anonymous_11)
FNDA:3,(anonymous_12)
FNDA:10,(anonymous_13)
FNDA:7,(anonymous_14)
FNDA:69,(anonymous_15)
FNDA:80,(anonymous_16)
FNDA:323,(anonymous_17)
FNDA:8,(anonymous_18)
FNDA:0,(anonymous_19)
FNDA:10,(anonymous_20)
FNDA:9,(anonymous_21)
FNDA:5,(anonymous_22)
FNDA:2,(anonymous_23)
FNDA:4,(anonymous_24)
FNDA:2,(anonymous_25)
FNDA:3,(anonymous_26)
FNDA:2,(anonymous_27)
FNDA:1,(anonymous_28)
FNDA:2,(anonymous_29)
DA:15,7
DA:16,138
DA:17,138
DA:20,138
DA:27,208
DA:28,208
DA:29,208
DA:36,208
DA:47,175
DA:48,175
DA:51,175
DA:54,175
DA:55,163
DA:64,86
DA:66,27
DA:69,7
DA:70,7
DA:74,20
DA:75,20
DA:76,54
DA:77,52
DA:81,28
DA:83,20
DA:85,6
DA:86,6
DA:90,14
DA:92,14
DA:94,14
DA:95,38
DA:96,38
DA:99,38
DA:100,118
DA:103,38
DA:104,38
DA:106,38
DA:108,82
DA:113,38
DA:123,13
DA:125,13
DA:127,19
DA:136,3
DA:138,3
DA:139,4
DA:140,10
DA:142,4
DA:143,0
DA:147,4
DA:148,4
DA:149,4
DA:151,4
DA:152,7
DA:153,7
DA:161,3
DA:168,80
DA:175,323
DA:182,8
DA:189,0
DA:196,10
DA:203,9
DA:204,0
DA:207,9
DA:214,5
DA:216,5
DA:217,17
DA:218,11
DA:222,5
DA:233,2
DA:235,2
DA:236,4
DA:237,4
DA:238,4
DA:242,2
DA:244,2
DA:245,2
DA:248,2
DA:249,3
DA:250,3
DA:253,3
DA:254,3
DA:255,3
DA:258,3
DA:260,2
DA:261,2
DA:262,2
DA:264,2
DA:265,2
DA:266,2
DA:271,2
DA:274,2
DA:275,2
DA:279,3
DA:281,1
DA:285,1
DA:301,1
DA:304,2
LF:95
LH:92
BRDA:47,0,0,175
BRDA:47,0,1,163
BRDA:54,1,0,163
BRDA:54,1,1,12
BRDA:66,2,0,7
BRDA:66,2,1,20
BRDA:76,3,0,52
BRDA:76,3,1,2
BRDA:83,4,0,6
BRDA:83,4,1,14
BRDA:103,5,0,38
BRDA:103,5,1,0
BRDA:142,6,0,0
BRDA:142,6,1,4
BRDA:152,7,0,1
BRDA:152,7,1,6
BRDA:203,8,0,0
BRDA:203,8,1,9
BRDA:217,9,0,11
BRDA:217,9,1,6
BRDA:236,10,0,4
BRDA:236,10,1,4
BRDA:258,11,0,2
BRDA:258,11,1,1
BRDA:265,12,0,0
BRDA:265,12,1,2
BRDA:279,13,0,1
BRDA:279,13,1,2
BRDA:279,14,0,3
BRDA:279,14,1,1
BRF:30
BRH:26
end_of_record
TN:
SF:src/engine/GameEngine.ts
FN:36,(anonymous_0)
FN:45,(anonymous_1)
FN:64,(anonymous_2)
FN:78,(anonymous_3)
FN:112,(anonymous_4)
FN:147,(anonymous_5)
FN:167,(anonymous_6)
FN:174,(anonymous_7)
FN:189,(anonymous_8)
FN:201,(anonymous_9)
FN:208,(anonymous_10)
FN:215,(anonymous_11)
FN:225,(anonymous_12)
FN:229,(anonymous_13)
FN:243,(anonymous_14)
FN:257,(anonymous_15)
FN:283,(anonymous_16)
FN:299,(anonymous_17)
FN:315,(anonymous_18)
FN:331,(anonymous_19)
FN:340,(anonymous_20)
FN:357,(anonymous_21)
FN:363,(anonymous_22)
FN:367,(anonymous_23)
FN:417,(anonymous_24)
FN:432,(anonymous_25)
FN:452,(anonymous_26)
FN:453,(anonymous_27)
FN:465,(anonymous_28)
FN:472,(anonymous_29)
FNF:30
FNH:23
FNDA:96,(anonymous_0)
FNDA:196,(anonymous_1)
FNDA:4,(anonymous_2)
FNDA:49,(anonymous_3)
FNDA:59,(anonymous_4)
FNDA:2,(anonymous_5)
FNDA:8,(anonymous_6)
FNDA:5,(anonymous_7)
FNDA:12,(anonymous_8)
FNDA:97,(anonymous_9)
FNDA:6,(anonymous_10)
FNDA:5,(anonymous_11)
FNDA:48,(anonymous_12)
FNDA:166,(anonymous_13)
FNDA:48,(anonymous_14)
FNDA:12,(anonymous_15)
FNDA:11,(anonymous_16)
FNDA:1,(anonymous_17)
FNDA:0,(anonymous_18)
FNDA:0,(anonymous_19)
FNDA:0,(anonymous_20)
FNDA:0,(anonymous_21)
FNDA:0,(anonymous_22)
FNDA:0,(anonymous_23)
FNDA:8,(anonymous_24)
FNDA:0,(anonymous_25)
FNDA:411,(anonymous_26)
FNDA:14,(anonymous_27)
FNDA:30,(anonymous_28)
FNDA:7,(anonymous_29)
DA:1,5
DA:2,5
DA:3,5
DA:4,5
DA:5,5
DA:6,5
DA:28,5
DA:32,96
DA:33,96
DA:34,96
DA:37,96
DA:38,96
DA:39,96
DA:46,196
DA:47,1
DA:50,195
DA:51,195
DA:53,190
DA:65,4
DA:67,1
DA:79,49
DA:81,49
DA:82,1
DA:85,48
DA:86,48
DA:87,48
DA:88,48
DA:89,48
DA:92,48
DA:95,48
DA:98,48
DA:99,48
DA:101,48
DA:113,59
DA:114,1
DA:118,58
DA:121,54
DA:124,54
DA:134,54
DA:135,12
DA:139,54
DA:140,8
DA:148,2
DA:149,0
DA:152,2
DA:154,2
DA:161,2
DA:168,8
DA:175,5
DA:176,5
DA:177,1
DA:180,4
DA:181,0
DA:184,4
DA:189,12
DA:202,97
DA:209,6
DA:216,5
DA:217,5
DA:218,5
DA:226,48
DA:227,48
DA:229,48
DA:230,166
DA:233,48
DA:244,48
DA:246,48
DA:259,12
DA:262,12
DA:264,11
DA:265,11
DA:267,1
DA:268,1
DA:270,0
DA:271,0
DA:273,0
DA:274,0
DA:276,0
DA:284,11
DA:285,11
DA:286,11
DA:288,11
DA:300,1
DA:301,1
DA:302,1
DA:304,1
DA:316,0
DA:317,0
DA:318,0
DA:320,0
DA:332,0
DA:333,0
DA:334,0
DA:341,0
DA:343,0
DA:344,0
DA:345,0
DA:349,0
DA:358,0
DA:359,0
DA:362,0
DA:363,0
DA:367,0
DA:371,0
DA:378,0
DA:380,0
DA:382,0
DA:383,0
DA:384,0
DA:388,0
DA:389,0
DA:390,0
DA:392,0
DA:393,0
DA:394,0
DA:403,0
DA:411,0
DA:418,8
DA:419,8
DA:421,8
DA:433,0
DA:446,0
DA:453,411
DA:454,14
DA:455,14
DA:466,30
DA:478,7
LF:127
LH:87
BRDA:46,0,0,1
BRDA:46,0,1,195
BRDA:81,1,0,1
BRDA:81,1,1,48
BRDA:113,2,0,1
BRDA:113,2,1,58
BRDA:134,3,0,12
BRDA:134,3,1,42
BRDA:139,4,0,8
BRDA:139,4,1,46
BRDA:148,5,0,0
BRDA:148,5,1,2
BRDA:176,6,0,1
BRDA:176,6,1,4
BRDA:180,7,0,0
BRDA:180,7,1,4
BRDA:217,8,0,5
BRDA:217,8,1,0
BRDA:262,9,0,11
BRDA:262,9,1,1
BRDA:262,9,2,0
BRDA:262,9,3,0
BRDA:262,9,4,0
BRDA:344,10,0,0
BRDA:344,10,1,0
BRDA:365,11,0,0
BRDA:365,11,1,0
BRDA:383,12,0,0
BRDA:383,12,1,0
BRDA:392,13,0,0
BRDA:392,13,1,0
BRDA:392,14,0,0
BRDA:392,14,1,0
BRDA:446,15,0,0
BRDA:446,15,1,0
BRF:35
BRH:17
end_of_record
TN:
SF:src/types/index.ts
FN:2,(anonymous_0)
FN:9,(anonymous_1)
FN:30,(anonymous_2)
FN:51,(anonymous_3)
FN:80,(anonymous_4)
FN:104,(anonymous_5)
FN:188,(anonymous_6)
FN:195,(anonymous_7)
FN:201,(anonymous_8)
FNF:9
FNH:9
FNDA:10,(anonymous_0)
FNDA:10,(anonymous_1)
FNDA:10,(anonymous_2)
FNDA:10,(anonymous_3)
FNDA:10,(anonymous_4)
FNDA:10,(anonymous_5)
FNDA:13,(anonymous_6)
FNDA:9,(anonymous_7)
FNDA:4,(anonymous_8)
DA:2,10
DA:3,10
DA:4,10
DA:5,10
DA:6,10
DA:9,10
DA:10,10
DA:11,10
DA:12,10
DA:13,10
DA:14,10
DA:15,10
DA:16,10
DA:17,10
DA:18,10
DA:19,10
DA:20,10
DA:21,10
DA:22,10
DA:30,10
DA:31,10
DA:32,10
DA:33,10
DA:34,10
DA:35,10
DA:36,10
DA:37,10
DA:38,10
DA:39,10
DA:40,10
DA:51,10
DA:52,10
DA:53,10
DA:54,10
DA:55,10
DA:56,10
DA:57,10
DA:58,10
DA:59,10
DA:60,10
DA:61,10
DA:62,10
DA:80,10
DA:81,10
DA:82,10
DA:83,10
DA:84,10
DA:85,10
DA:86,10
DA:104,10
DA:105,10
DA:106,10
DA:107,10
DA:108,10
DA:109,10
DA:110,10
DA:187,10
DA:188,13
DA:189,13
DA:190,13
DA:194,10
DA:196,9
DA:200,10
DA:202,4
LF:64
LH:64
BRDA:2,0,0,10
BRDA:2,0,1,10
BRDA:9,1,0,10
BRDA:9,1,1,10
BRDA:30,2,0,10
BRDA:30,2,1,10
BRDA:51,3,0,10
BRDA:51,3,1,10
BRDA:80,4,0,10
BRDA:80,4,1,10
BRDA:104,5,0,10
BRDA:104,5,1,10
BRF:12
BRH:12
end_of_record
